<?xml version="1.0" encoding="UTF-8"?>
<testsuite name="org.springframework.test.web.reactive.server.samples.ErrorTests" tests="3" skipped="0" failures="0" errors="0" timestamp="2020-06-22T06:39:57" hostname="aiguoxindeMacBook-Pro.local" time="0.068">
  <properties/>
  <testcase name="serverException()" classname="org.springframework.test.web.reactive.server.samples.ErrorTests" time="0.008"/>
  <testcase name="badRequestBeforeRequestBodyConsumed()" classname="org.springframework.test.web.reactive.server.samples.ErrorTests" time="0.011"/>
  <testcase name="notFound()" classname="org.springframework.test.web.reactive.server.samples.ErrorTests" time="0.002"/>
  <system-out><![CDATA[14:39:57.498 [parallel-5] ERROR o.s.w.s.a.HttpWebHandlerAdapter - [4f8bfaef] 500 Server Error for HTTP GET "/server-error"
java.lang.IllegalStateException: server error
	at org.springframework.test.web.reactive.server.samples.ErrorTests$TestController.handleAndThrowException(ErrorTests.java:82) ~[test/:?]
	Suppressed: reactor.core.publisher.FluxOnAssembly$OnAssemblyException: 
Error has been observed at the following site(s):
	|_ checkpoint ⇢ HTTP GET "/server-error" [ExceptionHandlingWebHandler]
Stack trace:
		at org.springframework.test.web.reactive.server.samples.ErrorTests$TestController.handleAndThrowException(ErrorTests.java:82) ~[test/:?]
		at sun.reflect.NativeMethodAccessorImpl.invoke0(Native Method) ~[?:1.8.0_73]
		at sun.reflect.NativeMethodAccessorImpl.invoke(NativeMethodAccessorImpl.java:62) ~[?:1.8.0_73]
		at sun.reflect.DelegatingMethodAccessorImpl.invoke(DelegatingMethodAccessorImpl.java:43) ~[?:1.8.0_73]
		at java.lang.reflect.Method.invoke(Method.java:497) ~[?:1.8.0_73]
		at org.springframework.web.reactive.result.method.InvocableHandlerMethod.lambda$invoke$0(InvocableHandlerMethod.java:147) ~[spring-webflux-5.3.0-SNAPSHOT.jar:5.3.0-SNAPSHOT]
		at reactor.core.publisher.FluxFlatMap.trySubscribeScalarMap(FluxFlatMap.java:151) ~[reactor-core-3.4.0-SNAPSHOT.jar:3.4.0-SNAPSHOT]
		at reactor.core.publisher.MonoFlatMap.subscribeOrReturn(MonoFlatMap.java:53) ~[reactor-core-3.4.0-SNAPSHOT.jar:3.4.0-SNAPSHOT]
		at reactor.core.publisher.InternalMonoOperator.subscribe(InternalMonoOperator.java:57) ~[reactor-core-3.4.0-SNAPSHOT.jar:3.4.0-SNAPSHOT]
		at reactor.core.publisher.MonoDefer.subscribe(MonoDefer.java:52) ~[reactor-core-3.4.0-SNAPSHOT.jar:3.4.0-SNAPSHOT]
		at reactor.core.publisher.MonoIgnoreThen$ThenIgnoreMain.drain(MonoIgnoreThen.java:153) ~[reactor-core-3.4.0-SNAPSHOT.jar:3.4.0-SNAPSHOT]
		at reactor.core.publisher.MonoIgnoreThen.subscribe(MonoIgnoreThen.java:56) ~[reactor-core-3.4.0-SNAPSHOT.jar:3.4.0-SNAPSHOT]
		at reactor.core.publisher.InternalMonoOperator.subscribe(InternalMonoOperator.java:64) ~[reactor-core-3.4.0-SNAPSHOT.jar:3.4.0-SNAPSHOT]
		at reactor.core.publisher.MonoFlatMap$FlatMapMain.onNext(MonoFlatMap.java:150) ~[reactor-core-3.4.0-SNAPSHOT.jar:3.4.0-SNAPSHOT]
		at reactor.core.publisher.FluxSwitchIfEmpty$SwitchIfEmptySubscriber.onNext(FluxSwitchIfEmpty.java:67) ~[reactor-core-3.4.0-SNAPSHOT.jar:3.4.0-SNAPSHOT]
		at reactor.core.publisher.MonoNext$NextSubscriber.onNext(MonoNext.java:76) ~[reactor-core-3.4.0-SNAPSHOT.jar:3.4.0-SNAPSHOT]
		at reactor.core.publisher.FluxConcatMap$ConcatMapImmediate.innerNext(FluxConcatMap.java:274) ~[reactor-core-3.4.0-SNAPSHOT.jar:3.4.0-SNAPSHOT]
		at reactor.core.publisher.FluxConcatMap$ConcatMapInner.onNext(FluxConcatMap.java:851) ~[reactor-core-3.4.0-SNAPSHOT.jar:3.4.0-SNAPSHOT]
		at reactor.core.publisher.FluxMapFuseable$MapFuseableSubscriber.onNext(FluxMapFuseable.java:121) ~[reactor-core-3.4.0-SNAPSHOT.jar:3.4.0-SNAPSHOT]
		at reactor.core.publisher.MonoPeekTerminal$MonoTerminalPeekSubscriber.onNext(MonoPeekTerminal.java:173) ~[reactor-core-3.4.0-SNAPSHOT.jar:3.4.0-SNAPSHOT]
		at reactor.core.publisher.Operators$ScalarSubscription.request(Operators.java:2344) ~[reactor-core-3.4.0-SNAPSHOT.jar:3.4.0-SNAPSHOT]
		at reactor.core.publisher.MonoPeekTerminal$MonoTerminalPeekSubscriber.request(MonoPeekTerminal.java:132) ~[reactor-core-3.4.0-SNAPSHOT.jar:3.4.0-SNAPSHOT]
		at reactor.core.publisher.FluxMapFuseable$MapFuseableSubscriber.request(FluxMapFuseable.java:162) ~[reactor-core-3.4.0-SNAPSHOT.jar:3.4.0-SNAPSHOT]
		at reactor.core.publisher.Operators$MultiSubscriptionSubscriber.set(Operators.java:2152) ~[reactor-core-3.4.0-SNAPSHOT.jar:3.4.0-SNAPSHOT]
		at reactor.core.publisher.Operators$MultiSubscriptionSubscriber.onSubscribe(Operators.java:2026) ~[reactor-core-3.4.0-SNAPSHOT.jar:3.4.0-SNAPSHOT]
		at reactor.core.publisher.FluxMapFuseable$MapFuseableSubscriber.onSubscribe(FluxMapFuseable.java:90) ~[reactor-core-3.4.0-SNAPSHOT.jar:3.4.0-SNAPSHOT]
		at reactor.core.publisher.MonoPeekTerminal$MonoTerminalPeekSubscriber.onSubscribe(MonoPeekTerminal.java:145) ~[reactor-core-3.4.0-SNAPSHOT.jar:3.4.0-SNAPSHOT]
		at reactor.core.publisher.MonoJust.subscribe(MonoJust.java:54) ~[reactor-core-3.4.0-SNAPSHOT.jar:3.4.0-SNAPSHOT]
		at reactor.core.publisher.Mono.subscribe(Mono.java:4219) ~[reactor-core-3.4.0-SNAPSHOT.jar:3.4.0-SNAPSHOT]
		at reactor.core.publisher.FluxConcatMap$ConcatMapImmediate.drain(FluxConcatMap.java:441) ~[reactor-core-3.4.0-SNAPSHOT.jar:3.4.0-SNAPSHOT]
		at reactor.core.publisher.FluxConcatMap$ConcatMapImmediate.onSubscribe(FluxConcatMap.java:211) ~[reactor-core-3.4.0-SNAPSHOT.jar:3.4.0-SNAPSHOT]
		at reactor.core.publisher.FluxIterable.subscribe(FluxIterable.java:161) ~[reactor-core-3.4.0-SNAPSHOT.jar:3.4.0-SNAPSHOT]
		at reactor.core.publisher.FluxIterable.subscribe(FluxIterable.java:86) ~[reactor-core-3.4.0-SNAPSHOT.jar:3.4.0-SNAPSHOT]
		at reactor.core.publisher.InternalMonoOperator.subscribe(InternalMonoOperator.java:64) ~[reactor-core-3.4.0-SNAPSHOT.jar:3.4.0-SNAPSHOT]
		at reactor.core.publisher.MonoDefer.subscribe(MonoDefer.java:52) ~[reactor-core-3.4.0-SNAPSHOT.jar:3.4.0-SNAPSHOT]
		at reactor.core.publisher.Mono.subscribe(Mono.java:4219) ~[reactor-core-3.4.0-SNAPSHOT.jar:3.4.0-SNAPSHOT]
		at reactor.core.publisher.MonoIgnoreThen$ThenIgnoreMain.drain(MonoIgnoreThen.java:172) ~[reactor-core-3.4.0-SNAPSHOT.jar:3.4.0-SNAPSHOT]
		at reactor.core.publisher.MonoIgnoreThen.subscribe(MonoIgnoreThen.java:56) ~[reactor-core-3.4.0-SNAPSHOT.jar:3.4.0-SNAPSHOT]
		at org.springframework.test.web.reactive.server.HttpHandlerConnector.lambda$doConnect$1(HttpHandlerConnector.java:97) ~[spring-test-5.3.0-SNAPSHOT.jar:?]
		at org.springframework.mock.http.client.reactive.MockClientHttpRequest.lambda$null$2(MockClientHttpRequest.java:121) ~[spring-test-5.3.0-SNAPSHOT.jar:5.3.0-SNAPSHOT]
		at reactor.core.publisher.MonoDefer.subscribe(MonoDefer.java:44) ~[reactor-core-3.4.0-SNAPSHOT.jar:3.4.0-SNAPSHOT]
		at reactor.core.publisher.Mono.subscribe(Mono.java:4219) ~[reactor-core-3.4.0-SNAPSHOT.jar:3.4.0-SNAPSHOT]
		at reactor.core.publisher.FluxConcatIterable$ConcatIterableSubscriber.onComplete(FluxConcatIterable.java:146) ~[reactor-core-3.4.0-SNAPSHOT.jar:3.4.0-SNAPSHOT]
		at reactor.core.publisher.FluxConcatIterable.subscribe(FluxConcatIterable.java:60) ~[reactor-core-3.4.0-SNAPSHOT.jar:3.4.0-SNAPSHOT]
		at reactor.core.publisher.MonoFromFluxOperator.subscribe(MonoFromFluxOperator.java:81) ~[reactor-core-3.4.0-SNAPSHOT.jar:3.4.0-SNAPSHOT]
		at org.springframework.test.web.reactive.server.HttpHandlerConnector.doConnect(HttpHandlerConnector.java:108) ~[spring-test-5.3.0-SNAPSHOT.jar:?]
		at org.springframework.test.web.reactive.server.HttpHandlerConnector.lambda$connect$0(HttpHandlerConnector.java:79) ~[spring-test-5.3.0-SNAPSHOT.jar:?]
		at reactor.core.publisher.MonoDefer.subscribe(MonoDefer.java:44) [reactor-core-3.4.0-SNAPSHOT.jar:3.4.0-SNAPSHOT]
		at reactor.core.publisher.Mono.subscribe(Mono.java:4219) [reactor-core-3.4.0-SNAPSHOT.jar:3.4.0-SNAPSHOT]
		at reactor.core.publisher.MonoSubscribeOn$SubscribeOnSubscriber.run(MonoSubscribeOn.java:124) [reactor-core-3.4.0-SNAPSHOT.jar:3.4.0-SNAPSHOT]
		at reactor.core.scheduler.WorkerTask.call(WorkerTask.java:84) [reactor-core-3.4.0-SNAPSHOT.jar:3.4.0-SNAPSHOT]
		at reactor.core.scheduler.WorkerTask.call(WorkerTask.java:37) [reactor-core-3.4.0-SNAPSHOT.jar:3.4.0-SNAPSHOT]
		at java.util.concurrent.FutureTask.run(FutureTask.java:266) [?:1.8.0_73]
		at java.util.concurrent.ScheduledThreadPoolExecutor$ScheduledFutureTask.access$201(ScheduledThreadPoolExecutor.java:180) [?:1.8.0_73]
		at java.util.concurrent.ScheduledThreadPoolExecutor$ScheduledFutureTask.run(ScheduledThreadPoolExecutor.java:293) [?:1.8.0_73]
		at java.util.concurrent.ThreadPoolExecutor.runWorker(ThreadPoolExecutor.java:1142) [?:1.8.0_73]
		at java.util.concurrent.ThreadPoolExecutor$Worker.run(ThreadPoolExecutor.java:617) [?:1.8.0_73]
		at java.lang.Thread.run(Thread.java:745) [?:1.8.0_73]
]]></system-out>
  <system-err><![CDATA[]]></system-err>
</testsuite>
