<?xml version="1.0" encoding="UTF-8"?>
<testsuite name="org.springframework.web.reactive.result.method.annotation.SseIntegrationTests" tests="48" skipped="9" failures="0" errors="0" timestamp="2020-06-22T06:08:25" hostname="aiguoxindeMacBook-Pro.local" time="19.119">
  <properties/>
  <testcase name="sseAsEvent(HttpServer, ClientHttpConnector)[1]" classname="org.springframework.web.reactive.result.method.annotation.SseIntegrationTests" time="0.397"/>
  <testcase name="sseAsEvent(HttpServer, ClientHttpConnector)[2]" classname="org.springframework.web.reactive.result.method.annotation.SseIntegrationTests" time="0.356"/>
  <testcase name="sseAsEvent(HttpServer, ClientHttpConnector)[3]" classname="org.springframework.web.reactive.result.method.annotation.SseIntegrationTests" time="0.382"/>
  <testcase name="sseAsEvent(HttpServer, ClientHttpConnector)[4]" classname="org.springframework.web.reactive.result.method.annotation.SseIntegrationTests" time="0.002">
    <skipped/>
  </testcase>
  <testcase name="sseAsEvent(HttpServer, ClientHttpConnector)[5]" classname="org.springframework.web.reactive.result.method.annotation.SseIntegrationTests" time="0.0">
    <skipped/>
  </testcase>
  <testcase name="sseAsEvent(HttpServer, ClientHttpConnector)[6]" classname="org.springframework.web.reactive.result.method.annotation.SseIntegrationTests" time="0.001">
    <skipped/>
  </testcase>
  <testcase name="sseAsEvent(HttpServer, ClientHttpConnector)[7]" classname="org.springframework.web.reactive.result.method.annotation.SseIntegrationTests" time="0.0">
    <skipped/>
  </testcase>
  <testcase name="sseAsEvent(HttpServer, ClientHttpConnector)[8]" classname="org.springframework.web.reactive.result.method.annotation.SseIntegrationTests" time="0.0">
    <skipped/>
  </testcase>
  <testcase name="sseAsEvent(HttpServer, ClientHttpConnector)[9]" classname="org.springframework.web.reactive.result.method.annotation.SseIntegrationTests" time="0.0">
    <skipped/>
  </testcase>
  <testcase name="sseAsEvent(HttpServer, ClientHttpConnector)[10]" classname="org.springframework.web.reactive.result.method.annotation.SseIntegrationTests" time="0.001">
    <skipped/>
  </testcase>
  <testcase name="sseAsEvent(HttpServer, ClientHttpConnector)[11]" classname="org.springframework.web.reactive.result.method.annotation.SseIntegrationTests" time="0.001">
    <skipped/>
  </testcase>
  <testcase name="sseAsEvent(HttpServer, ClientHttpConnector)[12]" classname="org.springframework.web.reactive.result.method.annotation.SseIntegrationTests" time="0.001">
    <skipped/>
  </testcase>
  <testcase name="sseAsPerson(HttpServer, ClientHttpConnector)[1]" classname="org.springframework.web.reactive.result.method.annotation.SseIntegrationTests" time="0.324"/>
  <testcase name="sseAsPerson(HttpServer, ClientHttpConnector)[2]" classname="org.springframework.web.reactive.result.method.annotation.SseIntegrationTests" time="0.349"/>
  <testcase name="sseAsPerson(HttpServer, ClientHttpConnector)[3]" classname="org.springframework.web.reactive.result.method.annotation.SseIntegrationTests" time="0.34"/>
  <testcase name="sseAsPerson(HttpServer, ClientHttpConnector)[4]" classname="org.springframework.web.reactive.result.method.annotation.SseIntegrationTests" time="0.326"/>
  <testcase name="sseAsPerson(HttpServer, ClientHttpConnector)[5]" classname="org.springframework.web.reactive.result.method.annotation.SseIntegrationTests" time="0.315"/>
  <testcase name="sseAsPerson(HttpServer, ClientHttpConnector)[6]" classname="org.springframework.web.reactive.result.method.annotation.SseIntegrationTests" time="0.287"/>
  <testcase name="sseAsPerson(HttpServer, ClientHttpConnector)[7]" classname="org.springframework.web.reactive.result.method.annotation.SseIntegrationTests" time="0.604"/>
  <testcase name="sseAsPerson(HttpServer, ClientHttpConnector)[8]" classname="org.springframework.web.reactive.result.method.annotation.SseIntegrationTests" time="2.422"/>
  <testcase name="sseAsPerson(HttpServer, ClientHttpConnector)[9]" classname="org.springframework.web.reactive.result.method.annotation.SseIntegrationTests" time="0.551"/>
  <testcase name="sseAsPerson(HttpServer, ClientHttpConnector)[10]" classname="org.springframework.web.reactive.result.method.annotation.SseIntegrationTests" time="0.292"/>
  <testcase name="sseAsPerson(HttpServer, ClientHttpConnector)[11]" classname="org.springframework.web.reactive.result.method.annotation.SseIntegrationTests" time="0.464"/>
  <testcase name="sseAsPerson(HttpServer, ClientHttpConnector)[12]" classname="org.springframework.web.reactive.result.method.annotation.SseIntegrationTests" time="0.313"/>
  <testcase name="sseAsString(HttpServer, ClientHttpConnector)[1]" classname="org.springframework.web.reactive.result.method.annotation.SseIntegrationTests" time="0.32"/>
  <testcase name="sseAsString(HttpServer, ClientHttpConnector)[2]" classname="org.springframework.web.reactive.result.method.annotation.SseIntegrationTests" time="0.408"/>
  <testcase name="sseAsString(HttpServer, ClientHttpConnector)[3]" classname="org.springframework.web.reactive.result.method.annotation.SseIntegrationTests" time="0.351"/>
  <testcase name="sseAsString(HttpServer, ClientHttpConnector)[4]" classname="org.springframework.web.reactive.result.method.annotation.SseIntegrationTests" time="0.307"/>
  <testcase name="sseAsString(HttpServer, ClientHttpConnector)[5]" classname="org.springframework.web.reactive.result.method.annotation.SseIntegrationTests" time="0.465"/>
  <testcase name="sseAsString(HttpServer, ClientHttpConnector)[6]" classname="org.springframework.web.reactive.result.method.annotation.SseIntegrationTests" time="0.466"/>
  <testcase name="sseAsString(HttpServer, ClientHttpConnector)[7]" classname="org.springframework.web.reactive.result.method.annotation.SseIntegrationTests" time="0.726"/>
  <testcase name="sseAsString(HttpServer, ClientHttpConnector)[8]" classname="org.springframework.web.reactive.result.method.annotation.SseIntegrationTests" time="2.383"/>
  <testcase name="sseAsString(HttpServer, ClientHttpConnector)[9]" classname="org.springframework.web.reactive.result.method.annotation.SseIntegrationTests" time="0.522"/>
  <testcase name="sseAsString(HttpServer, ClientHttpConnector)[10]" classname="org.springframework.web.reactive.result.method.annotation.SseIntegrationTests" time="0.277"/>
  <testcase name="sseAsString(HttpServer, ClientHttpConnector)[11]" classname="org.springframework.web.reactive.result.method.annotation.SseIntegrationTests" time="0.316"/>
  <testcase name="sseAsString(HttpServer, ClientHttpConnector)[12]" classname="org.springframework.web.reactive.result.method.annotation.SseIntegrationTests" time="0.281"/>
  <testcase name="sseAsEventWithoutAcceptHeader(HttpServer, ClientHttpConnector)[1]" classname="org.springframework.web.reactive.result.method.annotation.SseIntegrationTests" time="0.348"/>
  <testcase name="sseAsEventWithoutAcceptHeader(HttpServer, ClientHttpConnector)[2]" classname="org.springframework.web.reactive.result.method.annotation.SseIntegrationTests" time="0.327"/>
  <testcase name="sseAsEventWithoutAcceptHeader(HttpServer, ClientHttpConnector)[3]" classname="org.springframework.web.reactive.result.method.annotation.SseIntegrationTests" time="0.308"/>
  <testcase name="sseAsEventWithoutAcceptHeader(HttpServer, ClientHttpConnector)[4]" classname="org.springframework.web.reactive.result.method.annotation.SseIntegrationTests" time="0.294"/>
  <testcase name="sseAsEventWithoutAcceptHeader(HttpServer, ClientHttpConnector)[5]" classname="org.springframework.web.reactive.result.method.annotation.SseIntegrationTests" time="0.298"/>
  <testcase name="sseAsEventWithoutAcceptHeader(HttpServer, ClientHttpConnector)[6]" classname="org.springframework.web.reactive.result.method.annotation.SseIntegrationTests" time="0.258"/>
  <testcase name="sseAsEventWithoutAcceptHeader(HttpServer, ClientHttpConnector)[7]" classname="org.springframework.web.reactive.result.method.annotation.SseIntegrationTests" time="0.373"/>
  <testcase name="sseAsEventWithoutAcceptHeader(HttpServer, ClientHttpConnector)[8]" classname="org.springframework.web.reactive.result.method.annotation.SseIntegrationTests" time="0.444"/>
  <testcase name="sseAsEventWithoutAcceptHeader(HttpServer, ClientHttpConnector)[9]" classname="org.springframework.web.reactive.result.method.annotation.SseIntegrationTests" time="0.426"/>
  <testcase name="sseAsEventWithoutAcceptHeader(HttpServer, ClientHttpConnector)[10]" classname="org.springframework.web.reactive.result.method.annotation.SseIntegrationTests" time="0.449"/>
  <testcase name="sseAsEventWithoutAcceptHeader(HttpServer, ClientHttpConnector)[11]" classname="org.springframework.web.reactive.result.method.annotation.SseIntegrationTests" time="0.406"/>
  <testcase name="sseAsEventWithoutAcceptHeader(HttpServer, ClientHttpConnector)[12]" classname="org.springframework.web.reactive.result.method.annotation.SseIntegrationTests" time="0.528"/>
  <system-out><![CDATA[14:08:25.056 [Test worker] DEBUG o.s.w.r.r.m.a.RequestMappingHandlerMapping - 4 mappings in 'requestMappingHandlerMapping'
14:08:25.087 [Test worker] DEBUG o.s.w.r.r.m.a.ControllerMethodResolver - ControllerAdvice beans: none
14:08:25.146 [Test worker] DEBUG o.s.w.s.a.HttpWebHandlerAdapter - enableLoggingRequestDetails='false': form data and headers will be masked to prevent unsafe logging of potentially sensitive data
14:08:25.146 [Test worker] WARN  o.e.j.s.h.ContextHandler - Empty contextPath
14:08:25.147 [Test worker] INFO  o.e.j.s.h.ContextHandler - Started o.e.j.s.ServletContextHandler@61315786{/,null,AVAILABLE}
14:08:25.148 [Test worker] DEBUG o.s.w.t.h.s.r.b.JettyHttpServer - Starting JettyHttpServer...
14:08:25.148 [Test worker] INFO  o.e.j.s.Server - jetty-9.4.30.v20200611; built: 2020-06-11T12:34:51.929Z; git: 271836e4c1f4612f12b7bb13ef5a92a927634b0d; jvm 1.8.0_73-b02
14:08:25.155 [Test worker] INFO  o.e.j.s.AbstractConnector - Started ServerConnector@3ab287b6{HTTP/1.1, (http/1.1)}{0.0.0.0:61606}
14:08:25.155 [Test worker] INFO  o.e.j.s.Server - Started @104880ms
14:08:25.155 [Test worker] DEBUG o.s.w.t.h.s.r.b.JettyHttpServer - Server started on port 61606(0 millis).
14:08:25.159 [Test worker] DEBUG o.s.w.r.f.c.ExchangeFunctions - [2bb013ef] HTTP GET http://localhost:61606/sse/event
14:08:25.162 [qtp1878353301-2237] DEBUG o.s.w.s.a.HttpWebHandlerAdapter - [3e16186f] HTTP GET "/sse/event"
14:08:25.162 [qtp1878353301-2237] DEBUG o.s.w.r.r.m.a.RequestMappingHandlerMapping - [3e16186f] Mapped to org.springframework.web.reactive.result.method.annotation.SseIntegrationTests$SseController#sse()
14:08:25.166 [qtp1878353301-2237] DEBUG o.s.w.r.r.m.a.ResponseBodyResultHandler - Using 'text/event-stream' given [text/event-stream] and supported [text/event-stream]
14:08:25.166 [qtp1878353301-2237] DEBUG o.s.w.r.r.m.a.ResponseBodyResultHandler - [3e16186f] 0..N [org.springframework.http.codec.ServerSentEvent<org.springframework.web.reactive.result.method.annotation.SseIntegrationTests$Person>]
14:08:25.269 [parallel-5] DEBUG o.s.h.c.j.Jackson2JsonEncoder - [3e16186f] Encoding [Person{name='foo 0'}]
14:08:25.276 [reactor-http-nio-6] DEBUG o.s.w.r.f.c.ExchangeFunctions - [2bb013ef] Response 200 OK
14:08:25.288 [reactor-http-nio-6] DEBUG o.s.c.c.StringDecoder - [2bb013ef] Decoded "id:0"
14:08:25.288 [reactor-http-nio-6] DEBUG o.s.c.c.StringDecoder - [2bb013ef] Decoded ":bar 0"
14:08:25.288 [reactor-http-nio-6] DEBUG o.s.c.c.StringDecoder - [2bb013ef] Decoded "data:{"name":"foo 0"}"
14:08:25.288 [reactor-http-nio-6] DEBUG o.s.c.c.StringDecoder - [2bb013ef] Decoded ""
14:08:25.294 [reactor-http-nio-6] DEBUG o.s.h.c.j.Jackson2JsonDecoder - [2bb013ef] Decoded [Person{name='foo 0'}]
14:08:25.370 [parallel-5] DEBUG o.s.h.c.j.Jackson2JsonEncoder - [3e16186f] Encoding [Person{name='foo 1'}]
14:08:25.391 [parallel-5] DEBUG o.s.w.s.a.HttpWebHandlerAdapter - [3e16186f] Completed 200 OK
14:08:25.400 [reactor-http-nio-6] DEBUG o.s.c.c.StringDecoder - [2bb013ef] Decoded "id:1"
14:08:25.400 [reactor-http-nio-6] DEBUG o.s.c.c.StringDecoder - [2bb013ef] Decoded ":bar 1"
14:08:25.400 [reactor-http-nio-6] DEBUG o.s.c.c.StringDecoder - [2bb013ef] Decoded "data:{"name":"foo 1"}"
14:08:25.400 [reactor-http-nio-6] DEBUG o.s.c.c.StringDecoder - [2bb013ef] Decoded ""
14:08:25.400 [reactor-http-nio-6] DEBUG o.s.h.c.j.Jackson2JsonDecoder - [2bb013ef] Decoded [Person{name='foo 1'}]
14:08:25.400 [reactor-http-nio-6] DEBUG o.s.w.r.f.c.ExchangeFunctions - [2bb013ef] Cancel signal (to close connection)
14:08:25.404 [Test worker] DEBUG o.s.w.t.h.s.r.b.JettyHttpServer - Stopping JettyHttpServer...
14:08:25.404 [Test worker] INFO  o.e.j.s.h.ContextHandler - Stopped o.e.j.s.ServletContextHandler@61315786{/,null,UNAVAILABLE}
14:08:25.407 [Test worker] INFO  o.e.j.s.AbstractConnector - Stopped ServerConnector@3ab287b6{HTTP/1.1, (http/1.1)}{0.0.0.0:0}
14:08:25.409 [Test worker] DEBUG o.s.w.t.h.s.r.b.JettyHttpServer - Server stopped (0 millis).
14:08:25.429 [Test worker] DEBUG o.s.w.r.r.m.a.RequestMappingHandlerMapping - 4 mappings in 'requestMappingHandlerMapping'
14:08:25.465 [Test worker] DEBUG o.s.w.r.r.m.a.ControllerMethodResolver - ControllerAdvice beans: none
14:08:25.481 [Test worker] DEBUG o.s.w.s.a.HttpWebHandlerAdapter - enableLoggingRequestDetails='false': form data and headers will be masked to prevent unsafe logging of potentially sensitive data
14:08:25.482 [Test worker] WARN  o.e.j.s.h.ContextHandler - Empty contextPath
14:08:25.483 [Test worker] INFO  o.e.j.s.h.ContextHandler - Started o.e.j.s.ServletContextHandler@6ffcf62c{/,null,AVAILABLE}
14:08:25.483 [Test worker] DEBUG o.s.w.t.h.s.r.b.JettyHttpServer - Starting JettyHttpServer...
14:08:25.484 [Test worker] INFO  o.e.j.s.Server - jetty-9.4.30.v20200611; built: 2020-06-11T12:34:51.929Z; git: 271836e4c1f4612f12b7bb13ef5a92a927634b0d; jvm 1.8.0_73-b02
14:08:25.487 [Test worker] INFO  o.e.j.s.AbstractConnector - Started ServerConnector@766e9aa7{HTTP/1.1, (http/1.1)}{0.0.0.0:61611}
14:08:25.487 [Test worker] INFO  o.e.j.s.Server - Started @105212ms
14:08:25.487 [Test worker] DEBUG o.s.w.t.h.s.r.b.JettyHttpServer - Server started on port 61611(0 millis).
14:08:25.491 [Test worker] DEBUG o.s.w.r.f.c.ExchangeFunctions - [5d9ab7dd] HTTP GET http://localhost:61611/sse/event
14:08:25.497 [qtp1924008400-2246] DEBUG o.s.w.s.a.HttpWebHandlerAdapter - [59071972] HTTP GET "/sse/event"
14:08:25.497 [qtp1924008400-2246] DEBUG o.s.w.r.r.m.a.RequestMappingHandlerMapping - [59071972] Mapped to org.springframework.web.reactive.result.method.annotation.SseIntegrationTests$SseController#sse()
14:08:25.502 [qtp1924008400-2246] DEBUG o.s.w.r.r.m.a.ResponseBodyResultHandler - Using 'text/event-stream' given [text/event-stream] and supported [text/event-stream]
14:08:25.502 [qtp1924008400-2246] DEBUG o.s.w.r.r.m.a.ResponseBodyResultHandler - [59071972] 0..N [org.springframework.http.codec.ServerSentEvent<org.springframework.web.reactive.result.method.annotation.SseIntegrationTests$Person>]
14:08:25.607 [parallel-6] DEBUG o.s.h.c.j.Jackson2JsonEncoder - [59071972] Encoding [Person{name='foo 0'}]
14:08:25.620 [HttpClient@16cdd80c-2254] DEBUG o.s.w.r.f.c.ExchangeFunctions - [5d9ab7dd] Response 200 OK
14:08:25.623 [HttpClient@16cdd80c-2254] DEBUG o.s.c.c.StringDecoder - [5d9ab7dd] Decoded "id:0"
14:08:25.624 [HttpClient@16cdd80c-2254] DEBUG o.s.c.c.StringDecoder - [5d9ab7dd] Decoded ":bar 0"
14:08:25.624 [HttpClient@16cdd80c-2254] DEBUG o.s.c.c.StringDecoder - [5d9ab7dd] Decoded "data:{"name":"foo 0"}"
14:08:25.624 [HttpClient@16cdd80c-2254] DEBUG o.s.c.c.StringDecoder - [5d9ab7dd] Decoded ""
14:08:25.624 [HttpClient@16cdd80c-2254] DEBUG o.s.h.c.j.Jackson2JsonDecoder - [5d9ab7dd] Decoded [Person{name='foo 0'}]
14:08:25.726 [parallel-6] DEBUG o.s.h.c.j.Jackson2JsonEncoder - [59071972] Encoding [Person{name='foo 1'}]
14:08:25.742 [parallel-6] DEBUG o.s.w.s.a.HttpWebHandlerAdapter - [59071972] Completed 200 OK
14:08:25.750 [HttpClient@16cdd80c-2248] DEBUG o.s.c.c.StringDecoder - [5d9ab7dd] Decoded "id:1"
14:08:25.751 [HttpClient@16cdd80c-2248] DEBUG o.s.c.c.StringDecoder - [5d9ab7dd] Decoded ":bar 1"
14:08:25.751 [HttpClient@16cdd80c-2248] DEBUG o.s.c.c.StringDecoder - [5d9ab7dd] Decoded "data:{"name":"foo 1"}"
14:08:25.751 [HttpClient@16cdd80c-2248] DEBUG o.s.c.c.StringDecoder - [5d9ab7dd] Decoded ""
14:08:25.751 [HttpClient@16cdd80c-2248] DEBUG o.s.h.c.j.Jackson2JsonDecoder - [5d9ab7dd] Decoded [Person{name='foo 1'}]
14:08:25.751 [HttpClient@16cdd80c-2248] DEBUG o.s.w.r.f.c.ExchangeFunctions - [5d9ab7dd] Cancel signal (to close connection)
14:08:25.753 [Test worker] DEBUG o.s.w.t.h.s.r.b.JettyHttpServer - Stopping JettyHttpServer...
14:08:25.753 [Test worker] INFO  o.e.j.s.h.ContextHandler - Stopped o.e.j.s.ServletContextHandler@6ffcf62c{/,null,UNAVAILABLE}
14:08:25.755 [Test worker] INFO  o.e.j.s.AbstractConnector - Stopped ServerConnector@766e9aa7{HTTP/1.1, (http/1.1)}{0.0.0.0:0}
14:08:25.766 [Test worker] DEBUG o.s.w.t.h.s.r.b.JettyHttpServer - Server stopped (0 millis).
14:08:25.788 [Test worker] DEBUG o.s.w.r.r.m.a.RequestMappingHandlerMapping - 4 mappings in 'requestMappingHandlerMapping'
14:08:25.832 [Test worker] DEBUG o.s.w.r.r.m.a.ControllerMethodResolver - ControllerAdvice beans: none
14:08:25.893 [Test worker] DEBUG o.s.w.s.a.HttpWebHandlerAdapter - enableLoggingRequestDetails='false': form data and headers will be masked to prevent unsafe logging of potentially sensitive data
14:08:25.894 [Test worker] WARN  o.e.j.s.h.ContextHandler - Empty contextPath
14:08:25.894 [Test worker] INFO  o.e.j.s.h.ContextHandler - Started o.e.j.s.ServletContextHandler@7bed2c7{/,null,AVAILABLE}
14:08:25.894 [Test worker] DEBUG o.s.w.t.h.s.r.b.JettyHttpServer - Starting JettyHttpServer...
14:08:25.894 [Test worker] INFO  o.e.j.s.Server - jetty-9.4.30.v20200611; built: 2020-06-11T12:34:51.929Z; git: 271836e4c1f4612f12b7bb13ef5a92a927634b0d; jvm 1.8.0_73-b02
14:08:25.901 [Test worker] INFO  o.e.j.s.AbstractConnector - Started ServerConnector@1d40fa67{HTTP/1.1, (http/1.1)}{0.0.0.0:61615}
14:08:25.901 [Test worker] INFO  o.e.j.s.Server - Started @105626ms
14:08:25.901 [Test worker] DEBUG o.s.w.t.h.s.r.b.JettyHttpServer - Server started on port 61615(0 millis).
14:08:25.902 [Test worker] DEBUG o.s.w.r.f.c.ExchangeFunctions - [71ee590a] HTTP GET http://localhost:61615/sse/event
14:08:25.906 [qtp761481856-2264] DEBUG o.s.w.s.a.HttpWebHandlerAdapter - [3453b184] HTTP GET "/sse/event"
14:08:25.907 [qtp761481856-2264] DEBUG o.s.w.r.r.m.a.RequestMappingHandlerMapping - [3453b184] Mapped to org.springframework.web.reactive.result.method.annotation.SseIntegrationTests$SseController#sse()
14:08:25.908 [qtp761481856-2264] DEBUG o.s.w.r.r.m.a.ResponseBodyResultHandler - Using 'text/event-stream' given [text/event-stream] and supported [text/event-stream]
14:08:25.908 [qtp761481856-2264] DEBUG o.s.w.r.r.m.a.ResponseBodyResultHandler - [3453b184] 0..N [org.springframework.http.codec.ServerSentEvent<org.springframework.web.reactive.result.method.annotation.SseIntegrationTests$Person>]
14:08:26.013 [parallel-7] DEBUG o.s.h.c.j.Jackson2JsonEncoder - [3453b184] Encoding [Person{name='foo 0'}]
14:08:26.038 [httpclient-dispatch-1] DEBUG o.s.w.r.f.c.ExchangeFunctions - [71ee590a] Response 200 OK
14:08:26.043 [httpclient-dispatch-1] DEBUG o.s.c.c.StringDecoder - [71ee590a] Decoded "id:0"
14:08:26.043 [httpclient-dispatch-1] DEBUG o.s.c.c.StringDecoder - [71ee590a] Decoded ":bar 0"
14:08:26.043 [httpclient-dispatch-1] DEBUG o.s.c.c.StringDecoder - [71ee590a] Decoded "data:{"name":"foo 0"}"
14:08:26.043 [httpclient-dispatch-1] DEBUG o.s.c.c.StringDecoder - [71ee590a] Decoded ""
14:08:26.043 [httpclient-dispatch-1] DEBUG o.s.h.c.j.Jackson2JsonDecoder - [71ee590a] Decoded [Person{name='foo 0'}]
14:08:26.110 [parallel-7] DEBUG o.s.h.c.j.Jackson2JsonEncoder - [3453b184] Encoding [Person{name='foo 1'}]
14:08:26.129 [parallel-7] DEBUG o.s.w.s.a.HttpWebHandlerAdapter - [3453b184] Completed 200 OK
14:08:26.130 [httpclient-dispatch-1] DEBUG o.s.c.c.StringDecoder - [71ee590a] Decoded "id:1"
14:08:26.130 [httpclient-dispatch-1] DEBUG o.s.c.c.StringDecoder - [71ee590a] Decoded ":bar 1"
14:08:26.133 [httpclient-dispatch-1] DEBUG o.s.c.c.StringDecoder - [71ee590a] Decoded "data:{"name":"foo 1"}"
14:08:26.133 [httpclient-dispatch-1] DEBUG o.s.c.c.StringDecoder - [71ee590a] Decoded ""
14:08:26.134 [httpclient-dispatch-1] DEBUG o.s.h.c.j.Jackson2JsonDecoder - [71ee590a] Decoded [Person{name='foo 1'}]
14:08:26.134 [httpclient-dispatch-1] DEBUG o.s.w.r.f.c.ExchangeFunctions - [71ee590a] Cancel signal (to close connection)
14:08:26.135 [Test worker] DEBUG o.s.w.t.h.s.r.b.JettyHttpServer - Stopping JettyHttpServer...
14:08:26.135 [Test worker] INFO  o.e.j.s.h.ContextHandler - Stopped o.e.j.s.ServletContextHandler@7bed2c7{/,null,UNAVAILABLE}
14:08:26.137 [Test worker] INFO  o.e.j.s.AbstractConnector - Stopped ServerConnector@1d40fa67{HTTP/1.1, (http/1.1)}{0.0.0.0:0}
14:08:26.149 [Test worker] DEBUG o.s.w.t.h.s.r.b.JettyHttpServer - Server stopped (0 millis).
14:08:26.193 [Test worker] DEBUG o.s.w.r.r.m.a.RequestMappingHandlerMapping - 4 mappings in 'requestMappingHandlerMapping'
14:08:26.230 [Test worker] DEBUG o.s.w.r.r.m.a.ControllerMethodResolver - ControllerAdvice beans: none
14:08:26.265 [Test worker] DEBUG o.s.w.s.a.HttpWebHandlerAdapter - enableLoggingRequestDetails='false': form data and headers will be masked to prevent unsafe logging of potentially sensitive data
14:08:26.266 [Test worker] WARN  o.e.j.s.h.ContextHandler - Empty contextPath
14:08:26.267 [Test worker] INFO  o.e.j.s.h.ContextHandler - Started o.e.j.s.ServletContextHandler@102f967b{/,null,AVAILABLE}
14:08:26.267 [Test worker] DEBUG o.s.w.t.h.s.r.b.JettyHttpServer - Starting JettyHttpServer...
14:08:26.268 [Test worker] INFO  o.e.j.s.Server - jetty-9.4.30.v20200611; built: 2020-06-11T12:34:51.929Z; git: 271836e4c1f4612f12b7bb13ef5a92a927634b0d; jvm 1.8.0_73-b02
14:08:26.273 [Test worker] INFO  o.e.j.s.AbstractConnector - Started ServerConnector@5667299d{HTTP/1.1, (http/1.1)}{0.0.0.0:61617}
14:08:26.273 [Test worker] INFO  o.e.j.s.Server - Started @105998ms
14:08:26.273 [Test worker] DEBUG o.s.w.t.h.s.r.b.JettyHttpServer - Server started on port 61617(0 millis).
14:08:26.274 [Test worker] DEBUG o.s.w.r.f.c.ExchangeFunctions - [5413d8f1] HTTP GET http://localhost:61617/sse/person
14:08:26.279 [qtp127652032-2309] DEBUG o.s.w.s.a.HttpWebHandlerAdapter - [7f9c253d] HTTP GET "/sse/person"
14:08:26.280 [qtp127652032-2309] DEBUG o.s.w.r.r.m.a.RequestMappingHandlerMapping - [7f9c253d] Mapped to org.springframework.web.reactive.result.method.annotation.SseIntegrationTests$SseController#person()
14:08:26.283 [qtp127652032-2309] DEBUG o.s.w.r.r.m.a.ResponseBodyResultHandler - Using 'text/event-stream' given [text/event-stream] and supported [application/json, application/*+json, application/x-jackson-smile, application/*+x-jackson-smile, text/event-stream]
14:08:26.283 [qtp127652032-2309] DEBUG o.s.w.r.r.m.a.ResponseBodyResultHandler - [7f9c253d] 0..N [org.springframework.web.reactive.result.method.annotation.SseIntegrationTests$Person]
14:08:26.386 [parallel-8] DEBUG o.s.h.c.j.Jackson2JsonEncoder - [7f9c253d] Encoding [Person{name='foo 0'}]
14:08:26.396 [reactor-http-nio-7] DEBUG o.s.w.r.f.c.ExchangeFunctions - [5413d8f1] Response 200 OK
14:08:26.398 [reactor-http-nio-7] DEBUG o.s.c.c.StringDecoder - [5413d8f1] Decoded "data:{"name":"foo 0"}"
14:08:26.398 [reactor-http-nio-7] DEBUG o.s.c.c.StringDecoder - [5413d8f1] Decoded ""
14:08:26.398 [reactor-http-nio-7] DEBUG o.s.h.c.j.Jackson2JsonDecoder - [5413d8f1] Decoded [Person{name='foo 0'}]
14:08:26.485 [parallel-8] DEBUG o.s.h.c.j.Jackson2JsonEncoder - [7f9c253d] Encoding [Person{name='foo 1'}]
14:08:26.487 [reactor-http-nio-7] DEBUG o.s.c.c.StringDecoder - [5413d8f1] Decoded "data:{"name":"foo 1"}"
14:08:26.487 [reactor-http-nio-7] DEBUG o.s.c.c.StringDecoder - [5413d8f1] Decoded ""
14:08:26.488 [reactor-http-nio-7] DEBUG o.s.h.c.j.Jackson2JsonDecoder - [5413d8f1] Decoded [Person{name='foo 1'}]
14:08:26.489 [reactor-http-nio-7] DEBUG o.s.w.r.f.c.ExchangeFunctions - [5413d8f1] Cancel signal (to close connection)
14:08:26.490 [Test worker] DEBUG o.s.w.t.h.s.r.b.JettyHttpServer - Stopping JettyHttpServer...
14:08:26.490 [Test worker] INFO  o.e.j.s.h.ContextHandler - Stopped o.e.j.s.ServletContextHandler@102f967b{/,null,UNAVAILABLE}
14:08:26.493 [Test worker] INFO  o.e.j.s.AbstractConnector - Stopped ServerConnector@5667299d{HTTP/1.1, (http/1.1)}{0.0.0.0:0}
14:08:26.506 [Test worker] DEBUG o.s.w.t.h.s.r.b.JettyHttpServer - Server stopped (0 millis).
14:08:26.516 [Test worker] DEBUG o.s.w.r.r.m.a.RequestMappingHandlerMapping - 4 mappings in 'requestMappingHandlerMapping'
14:08:26.547 [Test worker] DEBUG o.s.w.r.r.m.a.ControllerMethodResolver - ControllerAdvice beans: none
14:08:26.589 [parallel-8] DEBUG o.s.h.c.j.Jackson2JsonEncoder - [7f9c253d] Encoding [Person{name='foo 2'}]
14:08:26.590 [Test worker] DEBUG o.s.w.s.a.HttpWebHandlerAdapter - enableLoggingRequestDetails='false': form data and headers will be masked to prevent unsafe logging of potentially sensitive data
14:08:26.591 [Test worker] WARN  o.e.j.s.h.ContextHandler - Empty contextPath
14:08:26.591 [Test worker] INFO  o.e.j.s.h.ContextHandler - Started o.e.j.s.ServletContextHandler@53b5c7b6{/,null,AVAILABLE}
14:08:26.592 [Test worker] DEBUG o.s.w.t.h.s.r.b.JettyHttpServer - Starting JettyHttpServer...
14:08:26.592 [Test worker] INFO  o.e.j.s.Server - jetty-9.4.30.v20200611; built: 2020-06-11T12:34:51.929Z; git: 271836e4c1f4612f12b7bb13ef5a92a927634b0d; jvm 1.8.0_73-b02
14:08:26.595 [Test worker] INFO  o.e.j.s.AbstractConnector - Started ServerConnector@41e77fbb{HTTP/1.1, (http/1.1)}{0.0.0.0:61619}
14:08:26.596 [Test worker] INFO  o.e.j.s.Server - Started @106320ms
14:08:26.596 [Test worker] DEBUG o.s.w.t.h.s.r.b.JettyHttpServer - Server started on port 61619(0 millis).
14:08:26.598 [Test worker] DEBUG o.s.w.r.f.c.ExchangeFunctions - [18580468] HTTP GET http://localhost:61619/sse/person
14:08:26.603 [qtp1725658930-2318] DEBUG o.s.w.s.a.HttpWebHandlerAdapter - [6d41ba8a] HTTP GET "/sse/person"
14:08:26.604 [qtp1725658930-2318] DEBUG o.s.w.r.r.m.a.RequestMappingHandlerMapping - [6d41ba8a] Mapped to org.springframework.web.reactive.result.method.annotation.SseIntegrationTests$SseController#person()
14:08:26.605 [qtp1725658930-2318] DEBUG o.s.w.r.r.m.a.ResponseBodyResultHandler - Using 'text/event-stream' given [text/event-stream] and supported [application/json, application/*+json, application/x-jackson-smile, application/*+x-jackson-smile, text/event-stream]
14:08:26.605 [qtp1725658930-2318] DEBUG o.s.w.r.r.m.a.ResponseBodyResultHandler - [6d41ba8a] 0..N [org.springframework.web.reactive.result.method.annotation.SseIntegrationTests$Person]
14:08:26.684 [parallel-8] DEBUG o.s.h.c.j.Jackson2JsonEncoder - [7f9c253d] Encoding [Person{name='foo 3'}]
14:08:26.711 [parallel-1] DEBUG o.s.h.c.j.Jackson2JsonEncoder - [6d41ba8a] Encoding [Person{name='foo 0'}]
14:08:26.727 [HttpClient@13cc9ab9-2326] DEBUG o.s.w.r.f.c.ExchangeFunctions - [18580468] Response 200 OK
14:08:26.729 [HttpClient@13cc9ab9-2326] DEBUG o.s.c.c.StringDecoder - [18580468] Decoded "data:{"name":"foo 0"}"
14:08:26.729 [HttpClient@13cc9ab9-2326] DEBUG o.s.c.c.StringDecoder - [18580468] Decoded ""
14:08:26.729 [HttpClient@13cc9ab9-2326] DEBUG o.s.h.c.j.Jackson2JsonDecoder - [18580468] Decoded [Person{name='foo 0'}]
14:08:26.806 [parallel-1] DEBUG o.s.h.c.j.Jackson2JsonEncoder - [6d41ba8a] Encoding [Person{name='foo 1'}]
14:08:26.836 [HttpClient@13cc9ab9-2320] DEBUG o.s.c.c.StringDecoder - [18580468] Decoded "data:{"name":"foo 1"}"
14:08:26.836 [HttpClient@13cc9ab9-2320] DEBUG o.s.c.c.StringDecoder - [18580468] Decoded ""
14:08:26.836 [HttpClient@13cc9ab9-2320] DEBUG o.s.h.c.j.Jackson2JsonDecoder - [18580468] Decoded [Person{name='foo 1'}]
14:08:26.836 [HttpClient@13cc9ab9-2320] DEBUG o.s.w.r.f.c.ExchangeFunctions - [18580468] Cancel signal (to close connection)
14:08:26.837 [Test worker] DEBUG o.s.w.t.h.s.r.b.JettyHttpServer - Stopping JettyHttpServer...
14:08:26.838 [Test worker] INFO  o.e.j.s.h.ContextHandler - Stopped o.e.j.s.ServletContextHandler@53b5c7b6{/,null,UNAVAILABLE}
14:08:26.842 [Test worker] INFO  o.e.j.s.AbstractConnector - Stopped ServerConnector@41e77fbb{HTTP/1.1, (http/1.1)}{0.0.0.0:0}
14:08:26.856 [Test worker] DEBUG o.s.w.t.h.s.r.b.JettyHttpServer - Server stopped (0 millis).
14:08:26.879 [Test worker] DEBUG o.s.w.r.r.m.a.RequestMappingHandlerMapping - 4 mappings in 'requestMappingHandlerMapping'
14:08:26.908 [parallel-1] DEBUG o.s.h.c.j.Jackson2JsonEncoder - [6d41ba8a] Encoding [Person{name='foo 2'}]
14:08:26.922 [Test worker] DEBUG o.s.w.r.r.m.a.ControllerMethodResolver - ControllerAdvice beans: none
14:08:26.971 [Test worker] DEBUG o.s.w.s.a.HttpWebHandlerAdapter - enableLoggingRequestDetails='false': form data and headers will be masked to prevent unsafe logging of potentially sensitive data
14:08:26.974 [Test worker] WARN  o.e.j.s.h.ContextHandler - Empty contextPath
14:08:26.975 [Test worker] INFO  o.e.j.s.h.ContextHandler - Started o.e.j.s.ServletContextHandler@1c231e18{/,null,AVAILABLE}
14:08:26.975 [Test worker] DEBUG o.s.w.t.h.s.r.b.JettyHttpServer - Starting JettyHttpServer...
14:08:26.975 [Test worker] INFO  o.e.j.s.Server - jetty-9.4.30.v20200611; built: 2020-06-11T12:34:51.929Z; git: 271836e4c1f4612f12b7bb13ef5a92a927634b0d; jvm 1.8.0_73-b02
14:08:26.979 [Test worker] INFO  o.e.j.s.AbstractConnector - Started ServerConnector@3940775b{HTTP/1.1, (http/1.1)}{0.0.0.0:61621}
14:08:26.979 [Test worker] INFO  o.e.j.s.Server - Started @106703ms
14:08:26.979 [Test worker] DEBUG o.s.w.t.h.s.r.b.JettyHttpServer - Server started on port 61621(0 millis).
14:08:26.980 [Test worker] DEBUG o.s.w.r.f.c.ExchangeFunctions - [618a719b] HTTP GET http://localhost:61621/sse/person
14:08:26.985 [qtp864244834-2336] DEBUG o.s.w.s.a.HttpWebHandlerAdapter - [3776102a] HTTP GET "/sse/person"
14:08:26.985 [qtp864244834-2336] DEBUG o.s.w.r.r.m.a.RequestMappingHandlerMapping - [3776102a] Mapped to org.springframework.web.reactive.result.method.annotation.SseIntegrationTests$SseController#person()
14:08:26.988 [qtp864244834-2336] DEBUG o.s.w.r.r.m.a.ResponseBodyResultHandler - Using 'text/event-stream' given [text/event-stream] and supported [application/json, application/*+json, application/x-jackson-smile, application/*+x-jackson-smile, text/event-stream]
14:08:26.988 [qtp864244834-2336] DEBUG o.s.w.r.r.m.a.ResponseBodyResultHandler - [3776102a] 0..N [org.springframework.web.reactive.result.method.annotation.SseIntegrationTests$Person]
14:08:27.006 [parallel-1] DEBUG o.s.h.c.j.Jackson2JsonEncoder - [6d41ba8a] Encoding [Person{name='foo 3'}]
14:08:27.090 [parallel-2] DEBUG o.s.h.c.j.Jackson2JsonEncoder - [3776102a] Encoding [Person{name='foo 0'}]
14:08:27.096 [httpclient-dispatch-1] DEBUG o.s.w.r.f.c.ExchangeFunctions - [618a719b] Response 200 OK
14:08:27.097 [httpclient-dispatch-1] DEBUG o.s.c.c.StringDecoder - [618a719b] Decoded "data:{"name":"foo 0"}"
14:08:27.097 [httpclient-dispatch-1] DEBUG o.s.c.c.StringDecoder - [618a719b] Decoded ""
14:08:27.097 [httpclient-dispatch-1] DEBUG o.s.h.c.j.Jackson2JsonDecoder - [618a719b] Decoded [Person{name='foo 0'}]
14:08:27.191 [parallel-2] DEBUG o.s.h.c.j.Jackson2JsonEncoder - [3776102a] Encoding [Person{name='foo 1'}]
14:08:27.193 [httpclient-dispatch-1] DEBUG o.s.c.c.StringDecoder - [618a719b] Decoded "data:{"name":"foo 1"}"
14:08:27.193 [httpclient-dispatch-1] DEBUG o.s.c.c.StringDecoder - [618a719b] Decoded ""
14:08:27.193 [httpclient-dispatch-1] DEBUG o.s.h.c.j.Jackson2JsonDecoder - [618a719b] Decoded [Person{name='foo 1'}]
14:08:27.194 [httpclient-dispatch-1] DEBUG o.s.w.r.f.c.ExchangeFunctions - [618a719b] Cancel signal (to close connection)
14:08:27.194 [Test worker] DEBUG o.s.w.t.h.s.r.b.JettyHttpServer - Stopping JettyHttpServer...
14:08:27.194 [Test worker] INFO  o.e.j.s.h.ContextHandler - Stopped o.e.j.s.ServletContextHandler@1c231e18{/,null,UNAVAILABLE}
14:08:27.196 [Test worker] INFO  o.e.j.s.AbstractConnector - Stopped ServerConnector@3940775b{HTTP/1.1, (http/1.1)}{0.0.0.0:0}
14:08:27.196 [httpclient-dispatch-1] INFO  o.a.h.c.h.i.a.AsyncHttpRequestRetryExec - Recoverable I/O exception (org.apache.hc.core5.http.MalformedChunkCodingException) caught when processing request to {}->http://localhost:61621
14:08:27.197 [Test worker] DEBUG o.s.w.t.h.s.r.b.JettyHttpServer - Server stopped (0 millis).
14:08:27.209 [Test worker] DEBUG o.s.w.r.r.m.a.RequestMappingHandlerMapping - 4 mappings in 'requestMappingHandlerMapping'
14:08:27.285 [Test worker] DEBUG o.s.w.r.r.m.a.ControllerMethodResolver - ControllerAdvice beans: none
14:08:27.294 [parallel-2] DEBUG o.s.h.c.j.Jackson2JsonEncoder - [3776102a] Encoding [Person{name='foo 2'}]
14:08:27.306 [Test worker] DEBUG o.s.w.s.a.HttpWebHandlerAdapter - enableLoggingRequestDetails='false': form data and headers will be masked to prevent unsafe logging of potentially sensitive data
14:08:27.306 [Test worker] DEBUG o.s.w.t.h.s.r.b.ReactorHttpServer - Starting ReactorHttpServer...
14:08:27.308 [Test worker] DEBUG o.s.w.t.h.s.r.b.ReactorHttpServer - Server started on port 61624(0 millis).
14:08:27.309 [Test worker] DEBUG o.s.w.r.f.c.ExchangeFunctions - [629b00d1] HTTP GET http://localhost:61624/sse/person
14:08:27.314 [reactor-http-nio-2] DEBUG o.s.w.s.a.HttpWebHandlerAdapter - [8c288eba-36] HTTP GET "/sse/person"
14:08:27.314 [reactor-http-nio-2] DEBUG o.s.w.r.r.m.a.RequestMappingHandlerMapping - [8c288eba-36] Mapped to org.springframework.web.reactive.result.method.annotation.SseIntegrationTests$SseController#person()
14:08:27.316 [reactor-http-nio-2] DEBUG o.s.w.r.r.m.a.ResponseBodyResultHandler - Using 'text/event-stream' given [text/event-stream] and supported [application/json, application/*+json, application/x-jackson-smile, application/*+x-jackson-smile, text/event-stream]
14:08:27.316 [reactor-http-nio-2] DEBUG o.s.w.r.r.m.a.ResponseBodyResultHandler - [8c288eba-36] 0..N [org.springframework.web.reactive.result.method.annotation.SseIntegrationTests$Person]
14:08:27.392 [parallel-2] DEBUG o.s.h.c.j.Jackson2JsonEncoder - [3776102a] Encoding [Person{name='foo 3'}]
14:08:27.418 [parallel-3] DEBUG o.s.h.c.j.Jackson2JsonEncoder - [8c288eba-36] Encoding [Person{name='foo 0'}]
14:08:27.448 [reactor-http-nio-1] DEBUG o.s.w.r.f.c.ExchangeFunctions - [629b00d1] Response 200 OK
14:08:27.449 [reactor-http-nio-1] DEBUG o.s.c.c.StringDecoder - [629b00d1] Decoded "data:{"name":"foo 0"}"
14:08:27.450 [reactor-http-nio-1] DEBUG o.s.c.c.StringDecoder - [629b00d1] Decoded ""
14:08:27.450 [reactor-http-nio-1] DEBUG o.s.h.c.j.Jackson2JsonDecoder - [629b00d1] Decoded [Person{name='foo 0'}]
14:08:27.516 [parallel-3] DEBUG o.s.h.c.j.Jackson2JsonEncoder - [8c288eba-36] Encoding [Person{name='foo 1'}]
14:08:27.519 [reactor-http-nio-1] DEBUG o.s.c.c.StringDecoder - [629b00d1] Decoded "data:{"name":"foo 1"}"
14:08:27.519 [reactor-http-nio-1] DEBUG o.s.c.c.StringDecoder - [629b00d1] Decoded ""
14:08:27.520 [reactor-http-nio-1] DEBUG o.s.h.c.j.Jackson2JsonDecoder - [629b00d1] Decoded [Person{name='foo 1'}]
14:08:27.520 [reactor-http-nio-1] DEBUG o.s.w.r.f.c.ExchangeFunctions - [629b00d1] Cancel signal (to close connection)
14:08:27.521 [reactor-http-nio-2] DEBUG o.s.w.s.a.HttpWebHandlerAdapter - [8c288eba-36] Completed 200 OK
14:08:27.522 [Test worker] DEBUG o.s.w.t.h.s.r.b.ReactorHttpServer - Stopping ReactorHttpServer...
14:08:27.523 [Test worker] DEBUG o.s.w.t.h.s.r.b.ReactorHttpServer - Server stopped (0 millis).
14:08:27.548 [Test worker] DEBUG o.s.w.r.r.m.a.RequestMappingHandlerMapping - 4 mappings in 'requestMappingHandlerMapping'
14:08:27.578 [Test worker] DEBUG o.s.w.r.r.m.a.ControllerMethodResolver - ControllerAdvice beans: none
14:08:27.594 [Test worker] DEBUG o.s.w.s.a.HttpWebHandlerAdapter - enableLoggingRequestDetails='false': form data and headers will be masked to prevent unsafe logging of potentially sensitive data
14:08:27.594 [Test worker] DEBUG o.s.w.t.h.s.r.b.ReactorHttpServer - Starting ReactorHttpServer...
14:08:27.597 [Test worker] DEBUG o.s.w.t.h.s.r.b.ReactorHttpServer - Server started on port 61626(0 millis).
14:08:27.601 [Test worker] DEBUG o.s.w.r.f.c.ExchangeFunctions - [26ee6ef1] HTTP GET http://localhost:61626/sse/person
14:08:27.613 [reactor-http-nio-4] DEBUG o.s.w.s.a.HttpWebHandlerAdapter - [3ee23a59-37] HTTP GET "/sse/person"
14:08:27.613 [reactor-http-nio-4] DEBUG o.s.w.r.r.m.a.RequestMappingHandlerMapping - [3ee23a59-37] Mapped to org.springframework.web.reactive.result.method.annotation.SseIntegrationTests$SseController#person()
14:08:27.614 [reactor-http-nio-4] DEBUG o.s.w.r.r.m.a.ResponseBodyResultHandler - Using 'text/event-stream' given [text/event-stream] and supported [application/json, application/*+json, application/x-jackson-smile, application/*+x-jackson-smile, text/event-stream]
14:08:27.614 [reactor-http-nio-4] DEBUG o.s.w.r.r.m.a.ResponseBodyResultHandler - [3ee23a59-37] 0..N [org.springframework.web.reactive.result.method.annotation.SseIntegrationTests$Person]
14:08:27.716 [parallel-4] DEBUG o.s.h.c.j.Jackson2JsonEncoder - [3ee23a59-37] Encoding [Person{name='foo 0'}]
14:08:27.740 [HttpClient@520752f1-2345] DEBUG o.s.w.r.f.c.ExchangeFunctions - [26ee6ef1] Response 200 OK
14:08:27.741 [HttpClient@520752f1-2345] DEBUG o.s.c.c.StringDecoder - [26ee6ef1] Decoded "data:{"name":"foo 0"}"
14:08:27.741 [HttpClient@520752f1-2345] DEBUG o.s.c.c.StringDecoder - [26ee6ef1] Decoded ""
14:08:27.741 [HttpClient@520752f1-2345] DEBUG o.s.h.c.j.Jackson2JsonDecoder - [26ee6ef1] Decoded [Person{name='foo 0'}]
14:08:27.818 [parallel-4] DEBUG o.s.h.c.j.Jackson2JsonEncoder - [3ee23a59-37] Encoding [Person{name='foo 1'}]
14:08:27.835 [HttpClient@520752f1-2339] DEBUG o.s.c.c.StringDecoder - [26ee6ef1] Decoded "data:{"name":"foo 1"}"
14:08:27.837 [HttpClient@520752f1-2339] DEBUG o.s.c.c.StringDecoder - [26ee6ef1] Decoded ""
14:08:27.840 [HttpClient@520752f1-2339] DEBUG o.s.h.c.j.Jackson2JsonDecoder - [26ee6ef1] Decoded [Person{name='foo 1'}]
14:08:27.840 [HttpClient@520752f1-2339] DEBUG o.s.w.r.f.c.ExchangeFunctions - [26ee6ef1] Cancel signal (to close connection)
14:08:27.841 [Test worker] DEBUG o.s.w.t.h.s.r.b.ReactorHttpServer - Stopping ReactorHttpServer...
14:08:27.841 [Test worker] DEBUG o.s.w.t.h.s.r.b.ReactorHttpServer - Server stopped (0 millis).
14:08:27.855 [Test worker] DEBUG o.s.w.r.r.m.a.RequestMappingHandlerMapping - 4 mappings in 'requestMappingHandlerMapping'
14:08:27.879 [Test worker] DEBUG o.s.w.r.r.m.a.ControllerMethodResolver - ControllerAdvice beans: none
14:08:27.900 [Test worker] DEBUG o.s.w.s.a.HttpWebHandlerAdapter - enableLoggingRequestDetails='false': form data and headers will be masked to prevent unsafe logging of potentially sensitive data
14:08:27.901 [Test worker] DEBUG o.s.w.t.h.s.r.b.ReactorHttpServer - Starting ReactorHttpServer...
14:08:27.902 [Test worker] DEBUG o.s.w.t.h.s.r.b.ReactorHttpServer - Server started on port 61628(0 millis).
14:08:27.903 [Test worker] DEBUG o.s.w.r.f.c.ExchangeFunctions - [770d28d3] HTTP GET http://localhost:61628/sse/person
14:08:27.909 [reactor-http-nio-6] DEBUG o.s.w.s.a.HttpWebHandlerAdapter - [eb84230c-38] HTTP GET "/sse/person"
14:08:27.909 [reactor-http-nio-6] DEBUG o.s.w.r.r.m.a.RequestMappingHandlerMapping - [eb84230c-38] Mapped to org.springframework.web.reactive.result.method.annotation.SseIntegrationTests$SseController#person()
14:08:27.911 [reactor-http-nio-6] DEBUG o.s.w.r.r.m.a.ResponseBodyResultHandler - Using 'text/event-stream' given [text/event-stream] and supported [application/json, application/*+json, application/x-jackson-smile, application/*+x-jackson-smile, text/event-stream]
14:08:27.911 [reactor-http-nio-6] DEBUG o.s.w.r.r.m.a.ResponseBodyResultHandler - [eb84230c-38] 0..N [org.springframework.web.reactive.result.method.annotation.SseIntegrationTests$Person]
14:08:27.915 [parallel-4] DEBUG o.s.h.c.j.Jackson2JsonEncoder - [3ee23a59-37] Encoding [Person{name='foo 2'}]
14:08:28.011 [parallel-5] DEBUG o.s.h.c.j.Jackson2JsonEncoder - [eb84230c-38] Encoding [Person{name='foo 0'}]
14:08:28.018 [parallel-4] DEBUG o.s.h.c.j.Jackson2JsonEncoder - [3ee23a59-37] Encoding [Person{name='foo 3'}]
14:08:28.041 [httpclient-dispatch-1] DEBUG o.s.w.r.f.c.ExchangeFunctions - [770d28d3] Response 200 OK
14:08:28.042 [httpclient-dispatch-1] DEBUG o.s.c.c.StringDecoder - [770d28d3] Decoded "data:{"name":"foo 0"}"
14:08:28.042 [httpclient-dispatch-1] DEBUG o.s.c.c.StringDecoder - [770d28d3] Decoded ""
14:08:28.043 [httpclient-dispatch-1] DEBUG o.s.h.c.j.Jackson2JsonDecoder - [770d28d3] Decoded [Person{name='foo 0'}]
14:08:28.114 [parallel-5] DEBUG o.s.h.c.j.Jackson2JsonEncoder - [eb84230c-38] Encoding [Person{name='foo 1'}]
14:08:28.115 [httpclient-dispatch-1] DEBUG o.s.c.c.StringDecoder - [770d28d3] Decoded "data:{"name":"foo 1"}"
14:08:28.115 [httpclient-dispatch-1] DEBUG o.s.c.c.StringDecoder - [770d28d3] Decoded ""
14:08:28.116 [httpclient-dispatch-1] DEBUG o.s.h.c.j.Jackson2JsonDecoder - [770d28d3] Decoded [Person{name='foo 1'}]
14:08:28.116 [httpclient-dispatch-1] DEBUG o.s.w.r.f.c.ExchangeFunctions - [770d28d3] Cancel signal (to close connection)
14:08:28.119 [parallel-4] DEBUG o.s.h.c.j.Jackson2JsonEncoder - [3ee23a59-37] Encoding [Person{name='foo 4'}]
14:08:28.120 [Test worker] DEBUG o.s.w.t.h.s.r.b.ReactorHttpServer - Stopping ReactorHttpServer...
14:08:28.129 [Test worker] DEBUG o.s.w.t.h.s.r.b.ReactorHttpServer - Server stopped (0 millis).
14:08:28.153 [Test worker] DEBUG o.s.w.r.r.m.a.RequestMappingHandlerMapping - 4 mappings in 'requestMappingHandlerMapping'
14:08:28.198 [Test worker] DEBUG o.s.w.r.r.m.a.ControllerMethodResolver - ControllerAdvice beans: none
14:08:28.245 [parallel-5] DEBUG o.s.h.c.j.Jackson2JsonEncoder - [eb84230c-38] Encoding [Person{name='foo 2'}]
14:08:28.246 [parallel-4] DEBUG o.s.h.c.j.Jackson2JsonEncoder - [3ee23a59-37] Encoding [Person{name='foo 5'}]
14:08:28.247 [httpclient-dispatch-1] INFO  o.a.h.c.h.i.a.AsyncHttpRequestRetryExec - Recoverable I/O exception (org.apache.hc.core5.http.HttpStreamResetException) caught when processing request to {}->http://localhost:61628
14:08:28.248 [reactor-http-nio-6] WARN  r.n.c.FluxReceive - [id: 0xeb84230c, L:/127.0.0.1:61628 - R:/127.0.0.1:61629] An exception has been observed post termination, use DEBUG level to see the full stack: java.io.IOException: Connection reset by peer
14:08:28.248 [reactor-http-nio-6] DEBUG o.s.w.s.a.HttpWebHandlerAdapter - [eb84230c-38] Completed 200 OK
14:08:28.254 [Test worker] DEBUG o.s.w.s.a.HttpWebHandlerAdapter - enableLoggingRequestDetails='false': form data and headers will be masked to prevent unsafe logging of potentially sensitive data
14:08:28.255 [Test worker] DEBUG o.s.w.t.h.s.r.b.TomcatHttpServer - Starting TomcatHttpServer...
14:08:28.264 [Test worker] DEBUG o.s.w.t.h.s.r.b.TomcatHttpServer - Server started on port 61631(0 millis).
14:08:28.265 [Test worker] DEBUG o.s.w.r.f.c.ExchangeFunctions - [5a466d53] HTTP GET http://localhost:61631/sse/person
14:08:28.275 [http-nio-auto-35-exec-1] DEBUG o.s.w.s.a.HttpWebHandlerAdapter - [be3060a] HTTP GET "/sse/person"
14:08:28.275 [http-nio-auto-35-exec-1] DEBUG o.s.w.r.r.m.a.RequestMappingHandlerMapping - [be3060a] Mapped to org.springframework.web.reactive.result.method.annotation.SseIntegrationTests$SseController#person()
14:08:28.276 [http-nio-auto-35-exec-1] DEBUG o.s.w.r.r.m.a.ResponseBodyResultHandler - Using 'text/event-stream' given [text/event-stream] and supported [application/json, application/*+json, application/x-jackson-smile, application/*+x-jackson-smile, text/event-stream]
14:08:28.276 [http-nio-auto-35-exec-1] DEBUG o.s.w.r.r.m.a.ResponseBodyResultHandler - [be3060a] 0..N [org.springframework.web.reactive.result.method.annotation.SseIntegrationTests$Person]
14:08:28.318 [parallel-4] DEBUG o.s.h.c.j.Jackson2JsonEncoder - [3ee23a59-37] Encoding [Person{name='foo 6'}]
14:08:28.378 [parallel-6] DEBUG o.s.h.c.j.Jackson2JsonEncoder - [be3060a] Encoding [Person{name='foo 0'}]
14:08:28.386 [reactor-http-nio-7] DEBUG o.s.w.r.f.c.ExchangeFunctions - [5a466d53] Response 200 OK
14:08:28.388 [reactor-http-nio-7] DEBUG o.s.c.c.StringDecoder - [5a466d53] Decoded "data:{"name":"foo 0"}"
14:08:28.388 [reactor-http-nio-7] DEBUG o.s.c.c.StringDecoder - [5a466d53] Decoded ""
14:08:28.389 [reactor-http-nio-7] DEBUG o.s.h.c.j.Jackson2JsonDecoder - [5a466d53] Decoded [Person{name='foo 0'}]
14:08:28.419 [parallel-4] DEBUG o.s.h.c.j.Jackson2JsonEncoder - [3ee23a59-37] Encoding [Person{name='foo 7'}]
14:08:28.479 [parallel-6] DEBUG o.s.h.c.j.Jackson2JsonEncoder - [be3060a] Encoding [Person{name='foo 1'}]
14:08:28.480 [reactor-http-nio-7] DEBUG o.s.c.c.StringDecoder - [5a466d53] Decoded "data:{"name":"foo 1"}"
14:08:28.480 [reactor-http-nio-7] DEBUG o.s.c.c.StringDecoder - [5a466d53] Decoded ""
14:08:28.480 [reactor-http-nio-7] DEBUG o.s.h.c.j.Jackson2JsonDecoder - [5a466d53] Decoded [Person{name='foo 1'}]
14:08:28.481 [reactor-http-nio-7] DEBUG o.s.w.r.f.c.ExchangeFunctions - [5a466d53] Cancel signal (to close connection)
14:08:28.482 [Test worker] DEBUG o.s.w.t.h.s.r.b.TomcatHttpServer - Stopping TomcatHttpServer...
14:08:28.519 [parallel-4] DEBUG o.s.h.c.j.Jackson2JsonEncoder - [3ee23a59-37] Encoding [Person{name='foo 8'}]
14:08:28.579 [parallel-6] DEBUG o.s.h.c.j.Jackson2JsonEncoder - [be3060a] Encoding [Person{name='foo 2'}]
14:08:28.618 [parallel-4] DEBUG o.s.h.c.j.Jackson2JsonEncoder - [3ee23a59-37] Encoding [Person{name='foo 9'}]
14:08:28.681 [parallel-6] DEBUG o.s.h.c.j.Jackson2JsonEncoder - [be3060a] Encoding [Person{name='foo 3'}]
14:08:28.696 [http-nio-auto-35-exec-2] DEBUG o.s.w.s.DisconnectedClient - [be3060a] Client went away: java.io.IOException: Broken pipe (stacktrace at TRACE level for 'org.springframework.web.server.DisconnectedClient')
14:08:28.698 [http-nio-auto-35-exec-2] DEBUG o.s.h.s.r.ServletHttpHandlerAdapter - [be3060a] Error notification: java.io.IOException: Broken pipe
14:08:28.728 [parallel-4] DEBUG o.s.h.c.j.Jackson2JsonEncoder - [3ee23a59-37] Encoding [Person{name='foo 10'}]
14:08:28.733 [Test worker] DEBUG o.s.w.t.h.s.r.b.TomcatHttpServer - Server stopped (0 millis).
14:08:28.763 [Test worker] DEBUG o.s.w.r.r.m.a.RequestMappingHandlerMapping - 4 mappings in 'requestMappingHandlerMapping'
14:08:28.786 [Test worker] DEBUG o.s.w.r.r.m.a.ControllerMethodResolver - ControllerAdvice beans: none
14:08:28.809 [Test worker] DEBUG o.s.w.s.a.HttpWebHandlerAdapter - enableLoggingRequestDetails='false': form data and headers will be masked to prevent unsafe logging of potentially sensitive data
14:08:28.810 [Test worker] DEBUG o.s.w.t.h.s.r.b.TomcatHttpServer - Starting TomcatHttpServer...
14:08:28.817 [parallel-4] DEBUG o.s.h.c.j.Jackson2JsonEncoder - [3ee23a59-37] Encoding [Person{name='foo 11'}]
14:08:28.822 [Test worker] DEBUG o.s.w.t.h.s.r.b.TomcatHttpServer - Server started on port 61634(0 millis).
14:08:28.827 [Test worker] DEBUG o.s.w.r.f.c.ExchangeFunctions - [5b7ad60e] HTTP GET http://localhost:61634/sse/person
14:08:28.848 [http-nio-auto-36-exec-1] DEBUG o.s.w.s.a.HttpWebHandlerAdapter - [13ef1e48] HTTP GET "/sse/person"
14:08:28.848 [http-nio-auto-36-exec-1] DEBUG o.s.w.r.r.m.a.RequestMappingHandlerMapping - [13ef1e48] Mapped to org.springframework.web.reactive.result.method.annotation.SseIntegrationTests$SseController#person()
14:08:28.849 [http-nio-auto-36-exec-1] DEBUG o.s.w.r.r.m.a.ResponseBodyResultHandler - Using 'text/event-stream' given [text/event-stream] and supported [application/json, application/*+json, application/x-jackson-smile, application/*+x-jackson-smile, text/event-stream]
14:08:28.849 [http-nio-auto-36-exec-1] DEBUG o.s.w.r.r.m.a.ResponseBodyResultHandler - [13ef1e48] 0..N [org.springframework.web.reactive.result.method.annotation.SseIntegrationTests$Person]
14:08:28.919 [parallel-4] DEBUG o.s.h.c.j.Jackson2JsonEncoder - [3ee23a59-37] Encoding [Person{name='foo 12'}]
14:08:28.954 [parallel-7] DEBUG o.s.h.c.j.Jackson2JsonEncoder - [13ef1e48] Encoding [Person{name='foo 0'}]
14:08:28.975 [HttpClient@2eac9565-2384] DEBUG o.s.w.r.f.c.ExchangeFunctions - [5b7ad60e] Response 200 OK
14:08:28.976 [HttpClient@2eac9565-2384] DEBUG o.s.c.c.StringDecoder - [5b7ad60e] Decoded "data:{"name":"foo 0"}"
14:08:28.976 [HttpClient@2eac9565-2384] DEBUG o.s.c.c.StringDecoder - [5b7ad60e] Decoded ""
14:08:28.976 [HttpClient@2eac9565-2384] DEBUG o.s.h.c.j.Jackson2JsonDecoder - [5b7ad60e] Decoded [Person{name='foo 0'}]
14:08:29.015 [parallel-4] DEBUG o.s.h.c.j.Jackson2JsonEncoder - [3ee23a59-37] Encoding [Person{name='foo 13'}]
14:08:29.050 [parallel-7] DEBUG o.s.h.c.j.Jackson2JsonEncoder - [13ef1e48] Encoding [Person{name='foo 1'}]
14:08:29.074 [HttpClient@2eac9565-2378] DEBUG o.s.c.c.StringDecoder - [5b7ad60e] Decoded "data:{"name":"foo 1"}"
14:08:29.075 [HttpClient@2eac9565-2378] DEBUG o.s.c.c.StringDecoder - [5b7ad60e] Decoded ""
14:08:29.075 [HttpClient@2eac9565-2378] DEBUG o.s.h.c.j.Jackson2JsonDecoder - [5b7ad60e] Decoded [Person{name='foo 1'}]
14:08:29.075 [HttpClient@2eac9565-2378] DEBUG o.s.w.r.f.c.ExchangeFunctions - [5b7ad60e] Cancel signal (to close connection)
14:08:29.075 [Test worker] DEBUG o.s.w.t.h.s.r.b.TomcatHttpServer - Stopping TomcatHttpServer...
14:08:29.119 [parallel-4] DEBUG o.s.h.c.j.Jackson2JsonEncoder - [3ee23a59-37] Encoding [Person{name='foo 14'}]
14:08:29.152 [parallel-7] DEBUG o.s.h.c.j.Jackson2JsonEncoder - [13ef1e48] Encoding [Person{name='foo 2'}]
14:08:29.216 [parallel-4] DEBUG o.s.h.c.j.Jackson2JsonEncoder - [3ee23a59-37] Encoding [Person{name='foo 15'}]
14:08:29.252 [parallel-7] DEBUG o.s.h.c.j.Jackson2JsonEncoder - [13ef1e48] Encoding [Person{name='foo 3'}]
14:08:29.319 [parallel-4] DEBUG o.s.h.c.j.Jackson2JsonEncoder - [3ee23a59-37] Encoding [Person{name='foo 16'}]
14:08:29.351 [parallel-7] DEBUG o.s.h.c.j.Jackson2JsonEncoder - [13ef1e48] Encoding [Person{name='foo 4'}]
14:08:29.416 [parallel-4] DEBUG o.s.h.c.j.Jackson2JsonEncoder - [3ee23a59-37] Encoding [Person{name='foo 17'}]
14:08:29.451 [parallel-7] DEBUG o.s.h.c.j.Jackson2JsonEncoder - [13ef1e48] Encoding [Person{name='foo 5'}]
14:08:29.519 [parallel-4] DEBUG o.s.h.c.j.Jackson2JsonEncoder - [3ee23a59-37] Encoding [Person{name='foo 18'}]
14:08:29.555 [parallel-7] DEBUG o.s.h.c.j.Jackson2JsonEncoder - [13ef1e48] Encoding [Person{name='foo 6'}]
14:08:29.618 [parallel-4] DEBUG o.s.h.c.j.Jackson2JsonEncoder - [3ee23a59-37] Encoding [Person{name='foo 19'}]
14:08:29.651 [parallel-7] DEBUG o.s.h.c.j.Jackson2JsonEncoder - [13ef1e48] Encoding [Person{name='foo 7'}]
14:08:29.719 [parallel-4] DEBUG o.s.h.c.j.Jackson2JsonEncoder - [3ee23a59-37] Encoding [Person{name='foo 20'}]
14:08:29.751 [parallel-7] DEBUG o.s.h.c.j.Jackson2JsonEncoder - [13ef1e48] Encoding [Person{name='foo 8'}]
14:08:29.818 [parallel-4] DEBUG o.s.h.c.j.Jackson2JsonEncoder - [3ee23a59-37] Encoding [Person{name='foo 21'}]
14:08:29.851 [parallel-7] DEBUG o.s.h.c.j.Jackson2JsonEncoder - [13ef1e48] Encoding [Person{name='foo 9'}]
14:08:29.919 [parallel-4] DEBUG o.s.h.c.j.Jackson2JsonEncoder - [3ee23a59-37] Encoding [Person{name='foo 22'}]
14:08:29.954 [parallel-7] DEBUG o.s.h.c.j.Jackson2JsonEncoder - [13ef1e48] Encoding [Person{name='foo 10'}]
14:08:30.017 [parallel-4] DEBUG o.s.h.c.j.Jackson2JsonEncoder - [3ee23a59-37] Encoding [Person{name='foo 23'}]
14:08:30.051 [parallel-7] DEBUG o.s.h.c.j.Jackson2JsonEncoder - [13ef1e48] Encoding [Person{name='foo 11'}]
14:08:30.119 [parallel-4] DEBUG o.s.h.c.j.Jackson2JsonEncoder - [3ee23a59-37] Encoding [Person{name='foo 24'}]
14:08:30.152 [parallel-7] DEBUG o.s.h.c.j.Jackson2JsonEncoder - [13ef1e48] Encoding [Person{name='foo 12'}]
14:08:30.219 [parallel-4] DEBUG o.s.h.c.j.Jackson2JsonEncoder - [3ee23a59-37] Encoding [Person{name='foo 25'}]
14:08:30.254 [parallel-7] DEBUG o.s.h.c.j.Jackson2JsonEncoder - [13ef1e48] Encoding [Person{name='foo 13'}]
14:08:30.317 [parallel-4] DEBUG o.s.h.c.j.Jackson2JsonEncoder - [3ee23a59-37] Encoding [Person{name='foo 26'}]
14:08:30.352 [parallel-7] DEBUG o.s.h.c.j.Jackson2JsonEncoder - [13ef1e48] Encoding [Person{name='foo 14'}]
14:08:30.418 [parallel-4] DEBUG o.s.h.c.j.Jackson2JsonEncoder - [3ee23a59-37] Encoding [Person{name='foo 27'}]
14:08:30.452 [parallel-7] DEBUG o.s.h.c.j.Jackson2JsonEncoder - [13ef1e48] Encoding [Person{name='foo 15'}]
14:08:30.516 [parallel-4] DEBUG o.s.h.c.j.Jackson2JsonEncoder - [3ee23a59-37] Encoding [Person{name='foo 28'}]
14:08:30.553 [parallel-7] DEBUG o.s.h.c.j.Jackson2JsonEncoder - [13ef1e48] Encoding [Person{name='foo 16'}]
14:08:30.616 [parallel-4] DEBUG o.s.h.c.j.Jackson2JsonEncoder - [3ee23a59-37] Encoding [Person{name='foo 29'}]
14:08:30.652 [parallel-7] DEBUG o.s.h.c.j.Jackson2JsonEncoder - [13ef1e48] Encoding [Person{name='foo 17'}]
14:08:30.715 [parallel-4] DEBUG o.s.h.c.j.Jackson2JsonEncoder - [3ee23a59-37] Encoding [Person{name='foo 30'}]
14:08:30.753 [parallel-7] DEBUG o.s.h.c.j.Jackson2JsonEncoder - [13ef1e48] Encoding [Person{name='foo 18'}]
14:08:30.820 [parallel-4] DEBUG o.s.h.c.j.Jackson2JsonEncoder - [3ee23a59-37] Encoding [Person{name='foo 31'}]
14:08:30.850 [parallel-7] DEBUG o.s.h.c.j.Jackson2JsonEncoder - [13ef1e48] Encoding [Person{name='foo 19'}]
14:08:30.917 [parallel-4] DEBUG o.s.h.c.j.Jackson2JsonEncoder - [3ee23a59-37] Encoding [Person{name='foo 32'}]
14:08:30.951 [parallel-7] DEBUG o.s.h.c.j.Jackson2JsonEncoder - [13ef1e48] Encoding [Person{name='foo 20'}]
14:08:31.015 [parallel-4] DEBUG o.s.h.c.j.Jackson2JsonEncoder - [3ee23a59-37] Encoding [Person{name='foo 33'}]
14:08:31.050 [parallel-7] DEBUG o.s.h.c.j.Jackson2JsonEncoder - [13ef1e48] Encoding [Person{name='foo 21'}]
14:08:31.115 [parallel-4] DEBUG o.s.h.c.j.Jackson2JsonEncoder - [3ee23a59-37] Encoding [Person{name='foo 34'}]
14:08:31.156 [parallel-7] DEBUG o.s.h.c.j.Jackson2JsonEncoder - [13ef1e48] Encoding [Person{name='foo 22'}]
14:08:31.156 [Test worker] DEBUG o.s.w.t.h.s.r.b.TomcatHttpServer - Server stopped (0 millis).
14:08:31.174 [Test worker] DEBUG o.s.w.r.r.m.a.RequestMappingHandlerMapping - 4 mappings in 'requestMappingHandlerMapping'
14:08:31.203 [Test worker] DEBUG o.s.w.r.r.m.a.ControllerMethodResolver - ControllerAdvice beans: none
14:08:31.219 [parallel-4] DEBUG o.s.h.c.j.Jackson2JsonEncoder - [3ee23a59-37] Encoding [Person{name='foo 35'}]
14:08:31.227 [Test worker] DEBUG o.s.w.s.a.HttpWebHandlerAdapter - enableLoggingRequestDetails='false': form data and headers will be masked to prevent unsafe logging of potentially sensitive data
14:08:31.228 [Test worker] DEBUG o.s.w.t.h.s.r.b.TomcatHttpServer - Starting TomcatHttpServer...
14:08:31.244 [Test worker] DEBUG o.s.w.t.h.s.r.b.TomcatHttpServer - Server started on port 61648(0 millis).
14:08:31.244 [Test worker] DEBUG o.s.w.r.f.c.ExchangeFunctions - [5cdf3859] HTTP GET http://localhost:61648/sse/person
14:08:31.256 [http-nio-auto-37-exec-1] DEBUG o.s.w.s.a.HttpWebHandlerAdapter - [3fc9d612] HTTP GET "/sse/person"
14:08:31.256 [http-nio-auto-37-exec-1] DEBUG o.s.w.r.r.m.a.RequestMappingHandlerMapping - [3fc9d612] Mapped to org.springframework.web.reactive.result.method.annotation.SseIntegrationTests$SseController#person()
14:08:31.258 [http-nio-auto-37-exec-1] DEBUG o.s.w.r.r.m.a.ResponseBodyResultHandler - Using 'text/event-stream' given [text/event-stream] and supported [application/json, application/*+json, application/x-jackson-smile, application/*+x-jackson-smile, text/event-stream]
14:08:31.258 [http-nio-auto-37-exec-1] DEBUG o.s.w.r.r.m.a.ResponseBodyResultHandler - [3fc9d612] 0..N [org.springframework.web.reactive.result.method.annotation.SseIntegrationTests$Person]
14:08:31.316 [parallel-4] DEBUG o.s.h.c.j.Jackson2JsonEncoder - [3ee23a59-37] Encoding [Person{name='foo 36'}]
14:08:31.362 [parallel-8] DEBUG o.s.h.c.j.Jackson2JsonEncoder - [3fc9d612] Encoding [Person{name='foo 0'}]
14:08:31.370 [httpclient-dispatch-1] DEBUG o.s.w.r.f.c.ExchangeFunctions - [5cdf3859] Response 200 OK
14:08:31.373 [httpclient-dispatch-1] DEBUG o.s.c.c.StringDecoder - [5cdf3859] Decoded "data:{"name":"foo 0"}"
14:08:31.373 [httpclient-dispatch-1] DEBUG o.s.c.c.StringDecoder - [5cdf3859] Decoded ""
14:08:31.373 [httpclient-dispatch-1] DEBUG o.s.h.c.j.Jackson2JsonDecoder - [5cdf3859] Decoded [Person{name='foo 0'}]
14:08:31.420 [parallel-4] DEBUG o.s.h.c.j.Jackson2JsonEncoder - [3ee23a59-37] Encoding [Person{name='foo 37'}]
14:08:31.460 [parallel-8] DEBUG o.s.h.c.j.Jackson2JsonEncoder - [3fc9d612] Encoding [Person{name='foo 1'}]
14:08:31.460 [httpclient-dispatch-1] DEBUG o.s.c.c.StringDecoder - [5cdf3859] Decoded "data:{"name":"foo 1"}"
14:08:31.461 [httpclient-dispatch-1] DEBUG o.s.c.c.StringDecoder - [5cdf3859] Decoded ""
14:08:31.461 [httpclient-dispatch-1] DEBUG o.s.h.c.j.Jackson2JsonDecoder - [5cdf3859] Decoded [Person{name='foo 1'}]
14:08:31.461 [httpclient-dispatch-1] DEBUG o.s.w.r.f.c.ExchangeFunctions - [5cdf3859] Cancel signal (to close connection)
14:08:31.461 [Test worker] DEBUG o.s.w.t.h.s.r.b.TomcatHttpServer - Stopping TomcatHttpServer...
14:08:31.516 [parallel-4] DEBUG o.s.h.c.j.Jackson2JsonEncoder - [3ee23a59-37] Encoding [Person{name='foo 38'}]
14:08:31.559 [parallel-8] DEBUG o.s.h.c.j.Jackson2JsonEncoder - [3fc9d612] Encoding [Person{name='foo 2'}]
14:08:31.561 [httpclient-dispatch-1] INFO  o.a.h.c.h.i.a.AsyncHttpRequestRetryExec - Recoverable I/O exception (org.apache.hc.core5.http.HttpStreamResetException) caught when processing request to {}->http://localhost:61648
14:08:31.616 [parallel-4] DEBUG o.s.h.c.j.Jackson2JsonEncoder - [3ee23a59-37] Encoding [Person{name='foo 39'}]
14:08:31.662 [parallel-8] DEBUG o.s.h.c.j.Jackson2JsonEncoder - [3fc9d612] Encoding [Person{name='foo 3'}]
14:08:31.673 [http-nio-auto-37-exec-2] DEBUG o.s.w.s.DisconnectedClient - [3fc9d612] Client went away: java.io.IOException: Broken pipe (stacktrace at TRACE level for 'org.springframework.web.server.DisconnectedClient')
14:08:31.675 [http-nio-auto-37-exec-2] DEBUG o.s.h.s.r.ServletHttpHandlerAdapter - [3fc9d612] Error notification: java.io.IOException: Broken pipe
14:08:31.708 [Test worker] DEBUG o.s.w.t.h.s.r.b.TomcatHttpServer - Server stopped (0 millis).
14:08:31.719 [parallel-4] DEBUG o.s.h.c.j.Jackson2JsonEncoder - [3ee23a59-37] Encoding [Person{name='foo 40'}]
14:08:31.730 [Test worker] DEBUG o.s.w.r.r.m.a.RequestMappingHandlerMapping - 4 mappings in 'requestMappingHandlerMapping'
14:08:31.750 [Test worker] DEBUG o.s.w.r.r.m.a.ControllerMethodResolver - ControllerAdvice beans: none
14:08:31.763 [Test worker] DEBUG o.s.w.s.a.HttpWebHandlerAdapter - enableLoggingRequestDetails='false': form data and headers will be masked to prevent unsafe logging of potentially sensitive data
14:08:31.763 [Test worker] DEBUG o.s.w.t.h.s.r.b.UndertowHttpServer - Starting UndertowHttpServer...
14:08:31.763 [Test worker] INFO  i.undertow - starting server: Undertow - 2.1.3.Final
14:08:31.767 [Test worker] DEBUG o.s.w.t.h.s.r.b.UndertowHttpServer - Server started on port 61655(0 millis).
14:08:31.767 [Test worker] DEBUG o.s.w.r.f.c.ExchangeFunctions - [26eb37b] HTTP GET http://localhost:61655/sse/person
14:08:31.774 [XNIO-34 I/O-4] DEBUG o.s.w.s.a.HttpWebHandlerAdapter - [73458050] HTTP GET "/sse/person"
14:08:31.774 [XNIO-34 I/O-4] DEBUG o.s.w.r.r.m.a.RequestMappingHandlerMapping - [73458050] Mapped to org.springframework.web.reactive.result.method.annotation.SseIntegrationTests$SseController#person()
14:08:31.776 [XNIO-34 I/O-4] DEBUG o.s.w.r.r.m.a.ResponseBodyResultHandler - Using 'text/event-stream' given [text/event-stream] and supported [application/json, application/*+json, application/x-jackson-smile, application/*+x-jackson-smile, text/event-stream]
14:08:31.776 [XNIO-34 I/O-4] DEBUG o.s.w.r.r.m.a.ResponseBodyResultHandler - [73458050] 0..N [org.springframework.web.reactive.result.method.annotation.SseIntegrationTests$Person]
14:08:31.816 [parallel-4] DEBUG o.s.h.c.j.Jackson2JsonEncoder - [3ee23a59-37] Encoding [Person{name='foo 41'}]
14:08:31.880 [parallel-1] DEBUG o.s.h.c.j.Jackson2JsonEncoder - [73458050] Encoding [Person{name='foo 0'}]
14:08:31.915 [reactor-http-nio-8] DEBUG o.s.w.r.f.c.ExchangeFunctions - [26eb37b] Response 200 OK
14:08:31.915 [parallel-4] DEBUG o.s.h.c.j.Jackson2JsonEncoder - [3ee23a59-37] Encoding [Person{name='foo 42'}]
14:08:31.921 [reactor-http-nio-8] DEBUG o.s.c.c.StringDecoder - [26eb37b] Decoded "data:{"name":"foo 0"}"
14:08:31.921 [reactor-http-nio-8] DEBUG o.s.c.c.StringDecoder - [26eb37b] Decoded ""
14:08:31.922 [reactor-http-nio-8] DEBUG o.s.h.c.j.Jackson2JsonDecoder - [26eb37b] Decoded [Person{name='foo 0'}]
14:08:31.981 [parallel-1] DEBUG o.s.h.c.j.Jackson2JsonEncoder - [73458050] Encoding [Person{name='foo 1'}]
14:08:31.985 [reactor-http-nio-8] DEBUG o.s.c.c.StringDecoder - [26eb37b] Decoded "data:{"name":"foo 1"}"
14:08:31.985 [reactor-http-nio-8] DEBUG o.s.c.c.StringDecoder - [26eb37b] Decoded ""
14:08:31.985 [reactor-http-nio-8] DEBUG o.s.h.c.j.Jackson2JsonDecoder - [26eb37b] Decoded [Person{name='foo 1'}]
14:08:31.985 [reactor-http-nio-8] DEBUG o.s.w.r.f.c.ExchangeFunctions - [26eb37b] Cancel signal (to close connection)
14:08:31.999 [Test worker] DEBUG o.s.w.t.h.s.r.b.UndertowHttpServer - Stopping UndertowHttpServer...
14:08:31.999 [Test worker] INFO  i.undertow - stopping server: Undertow - 2.1.3.Final
14:08:32.000 [Test worker] DEBUG o.s.w.t.h.s.r.b.UndertowHttpServer - Server stopped (0 millis).
14:08:32.015 [parallel-4] DEBUG o.s.h.c.j.Jackson2JsonEncoder - [3ee23a59-37] Encoding [Person{name='foo 43'}]
14:08:32.023 [Test worker] DEBUG o.s.w.r.r.m.a.RequestMappingHandlerMapping - 4 mappings in 'requestMappingHandlerMapping'
14:08:32.079 [parallel-1] DEBUG o.s.h.c.j.Jackson2JsonEncoder - [73458050] Encoding [Person{name='foo 2'}]
14:08:32.116 [parallel-4] DEBUG o.s.h.c.j.Jackson2JsonEncoder - [3ee23a59-37] Encoding [Person{name='foo 44'}]
14:08:32.135 [Test worker] DEBUG o.s.w.r.r.m.a.ControllerMethodResolver - ControllerAdvice beans: none
14:08:32.188 [Test worker] DEBUG o.s.w.s.a.HttpWebHandlerAdapter - enableLoggingRequestDetails='false': form data and headers will be masked to prevent unsafe logging of potentially sensitive data
14:08:32.188 [Test worker] DEBUG o.s.w.t.h.s.r.b.UndertowHttpServer - Starting UndertowHttpServer...
14:08:32.188 [Test worker] INFO  i.undertow - starting server: Undertow - 2.1.3.Final
14:08:32.194 [Test worker] DEBUG o.s.w.t.h.s.r.b.UndertowHttpServer - Server started on port 61661(0 millis).
14:08:32.197 [Test worker] DEBUG o.s.w.r.f.c.ExchangeFunctions - [31907169] HTTP GET http://localhost:61661/sse/person
14:08:32.208 [XNIO-35 I/O-7] DEBUG o.s.w.s.a.HttpWebHandlerAdapter - [1c7d9d52] HTTP GET "/sse/person"
14:08:32.208 [XNIO-35 I/O-7] DEBUG o.s.w.r.r.m.a.RequestMappingHandlerMapping - [1c7d9d52] Mapped to org.springframework.web.reactive.result.method.annotation.SseIntegrationTests$SseController#person()
14:08:32.214 [XNIO-35 I/O-7] DEBUG o.s.w.r.r.m.a.ResponseBodyResultHandler - Using 'text/event-stream' given [text/event-stream] and supported [application/json, application/*+json, application/x-jackson-smile, application/*+x-jackson-smile, text/event-stream]
14:08:32.214 [XNIO-35 I/O-7] DEBUG o.s.w.r.r.m.a.ResponseBodyResultHandler - [1c7d9d52] 0..N [org.springframework.web.reactive.result.method.annotation.SseIntegrationTests$Person]
14:08:32.217 [parallel-4] DEBUG o.s.h.c.j.Jackson2JsonEncoder - [3ee23a59-37] Encoding [Person{name='foo 45'}]
14:08:32.315 [parallel-4] DEBUG o.s.h.c.j.Jackson2JsonEncoder - [3ee23a59-37] Encoding [Person{name='foo 46'}]
14:08:32.315 [parallel-2] DEBUG o.s.h.c.j.Jackson2JsonEncoder - [1c7d9d52] Encoding [Person{name='foo 0'}]
14:08:32.350 [HttpClient@8329ec6-2419] DEBUG o.s.w.r.f.c.ExchangeFunctions - [31907169] Response 200 OK
14:08:32.351 [HttpClient@8329ec6-2419] DEBUG o.s.c.c.StringDecoder - [31907169] Decoded "data:{"name":"foo 0"}"
14:08:32.351 [HttpClient@8329ec6-2419] DEBUG o.s.c.c.StringDecoder - [31907169] Decoded ""
14:08:32.351 [HttpClient@8329ec6-2419] DEBUG o.s.h.c.j.Jackson2JsonDecoder - [31907169] Decoded [Person{name='foo 0'}]
14:08:32.439 [parallel-2] DEBUG o.s.h.c.j.Jackson2JsonEncoder - [1c7d9d52] Encoding [Person{name='foo 1'}]
14:08:32.439 [parallel-4] DEBUG o.s.h.c.j.Jackson2JsonEncoder - [3ee23a59-37] Encoding [Person{name='foo 47'}]
14:08:32.460 [HttpClient@8329ec6-2420] DEBUG o.s.c.c.StringDecoder - [31907169] Decoded "data:{"name":"foo 1"}"
14:08:32.460 [HttpClient@8329ec6-2420] DEBUG o.s.c.c.StringDecoder - [31907169] Decoded ""
14:08:32.460 [HttpClient@8329ec6-2420] DEBUG o.s.h.c.j.Jackson2JsonDecoder - [31907169] Decoded [Person{name='foo 1'}]
14:08:32.460 [HttpClient@8329ec6-2420] DEBUG o.s.w.r.f.c.ExchangeFunctions - [31907169] Cancel signal (to close connection)
14:08:32.461 [Test worker] DEBUG o.s.w.t.h.s.r.b.UndertowHttpServer - Stopping UndertowHttpServer...
14:08:32.461 [Test worker] INFO  i.undertow - stopping server: Undertow - 2.1.3.Final
14:08:32.465 [Test worker] DEBUG o.s.w.t.h.s.r.b.UndertowHttpServer - Server stopped (0 millis).
14:08:32.481 [Test worker] DEBUG o.s.w.r.r.m.a.RequestMappingHandlerMapping - 4 mappings in 'requestMappingHandlerMapping'
14:08:32.516 [parallel-2] DEBUG o.s.h.c.j.Jackson2JsonEncoder - [1c7d9d52] Encoding [Person{name='foo 2'}]
14:08:32.516 [parallel-4] DEBUG o.s.h.c.j.Jackson2JsonEncoder - [3ee23a59-37] Encoding [Person{name='foo 48'}]
14:08:32.534 [Test worker] DEBUG o.s.w.r.r.m.a.ControllerMethodResolver - ControllerAdvice beans: none
14:08:32.555 [Test worker] DEBUG o.s.w.s.a.HttpWebHandlerAdapter - enableLoggingRequestDetails='false': form data and headers will be masked to prevent unsafe logging of potentially sensitive data
14:08:32.555 [Test worker] DEBUG o.s.w.t.h.s.r.b.UndertowHttpServer - Starting UndertowHttpServer...
14:08:32.555 [Test worker] INFO  i.undertow - starting server: Undertow - 2.1.3.Final
14:08:32.560 [Test worker] DEBUG o.s.w.t.h.s.r.b.UndertowHttpServer - Server started on port 61665(0 millis).
14:08:32.562 [Test worker] DEBUG o.s.w.r.f.c.ExchangeFunctions - [593de3a] HTTP GET http://localhost:61665/sse/person
14:08:32.568 [XNIO-36 I/O-2] DEBUG o.s.w.s.a.HttpWebHandlerAdapter - [14e24ed8] HTTP GET "/sse/person"
14:08:32.569 [XNIO-36 I/O-2] DEBUG o.s.w.r.r.m.a.RequestMappingHandlerMapping - [14e24ed8] Mapped to org.springframework.web.reactive.result.method.annotation.SseIntegrationTests$SseController#person()
14:08:32.570 [XNIO-36 I/O-2] DEBUG o.s.w.r.r.m.a.ResponseBodyResultHandler - Using 'text/event-stream' given [text/event-stream] and supported [application/json, application/*+json, application/x-jackson-smile, application/*+x-jackson-smile, text/event-stream]
14:08:32.570 [XNIO-36 I/O-2] DEBUG o.s.w.r.r.m.a.ResponseBodyResultHandler - [14e24ed8] 0..N [org.springframework.web.reactive.result.method.annotation.SseIntegrationTests$Person]
14:08:32.616 [parallel-4] DEBUG o.s.h.c.j.Jackson2JsonEncoder - [3ee23a59-37] Encoding [Person{name='foo 49'}]
14:08:32.657 [reactor-http-nio-4] DEBUG o.s.w.s.a.HttpWebHandlerAdapter - [3ee23a59-37] Completed 200 OK
14:08:32.671 [parallel-3] DEBUG o.s.h.c.j.Jackson2JsonEncoder - [14e24ed8] Encoding [Person{name='foo 0'}]
14:08:32.677 [httpclient-dispatch-1] DEBUG o.s.w.r.f.c.ExchangeFunctions - [593de3a] Response 200 OK
14:08:32.678 [httpclient-dispatch-1] DEBUG o.s.c.c.StringDecoder - [593de3a] Decoded "data:{"name":"foo 0"}"
14:08:32.678 [httpclient-dispatch-1] DEBUG o.s.c.c.StringDecoder - [593de3a] Decoded ""
14:08:32.678 [httpclient-dispatch-1] DEBUG o.s.h.c.j.Jackson2JsonDecoder - [593de3a] Decoded [Person{name='foo 0'}]
14:08:32.775 [parallel-3] DEBUG o.s.h.c.j.Jackson2JsonEncoder - [14e24ed8] Encoding [Person{name='foo 1'}]
14:08:32.776 [httpclient-dispatch-1] DEBUG o.s.c.c.StringDecoder - [593de3a] Decoded "data:{"name":"foo 1"}"
14:08:32.776 [httpclient-dispatch-1] DEBUG o.s.c.c.StringDecoder - [593de3a] Decoded ""
14:08:32.777 [httpclient-dispatch-1] DEBUG o.s.h.c.j.Jackson2JsonDecoder - [593de3a] Decoded [Person{name='foo 1'}]
14:08:32.777 [httpclient-dispatch-1] DEBUG o.s.w.r.f.c.ExchangeFunctions - [593de3a] Cancel signal (to close connection)
14:08:32.777 [Test worker] DEBUG o.s.w.t.h.s.r.b.UndertowHttpServer - Stopping UndertowHttpServer...
14:08:32.777 [Test worker] INFO  i.undertow - stopping server: Undertow - 2.1.3.Final
14:08:32.778 [Test worker] DEBUG o.s.w.t.h.s.r.b.UndertowHttpServer - Server stopped (0 millis).
14:08:32.834 [Test worker] DEBUG o.s.w.r.r.m.a.RequestMappingHandlerMapping - 4 mappings in 'requestMappingHandlerMapping'
14:08:32.866 [Test worker] DEBUG o.s.w.r.r.m.a.ControllerMethodResolver - ControllerAdvice beans: none
14:08:32.873 [parallel-3] DEBUG o.s.h.c.j.Jackson2JsonEncoder - [14e24ed8] Encoding [Person{name='foo 2'}]
14:08:32.891 [Test worker] DEBUG o.s.w.s.a.HttpWebHandlerAdapter - enableLoggingRequestDetails='false': form data and headers will be masked to prevent unsafe logging of potentially sensitive data
14:08:32.892 [Test worker] WARN  o.e.j.s.h.ContextHandler - Empty contextPath
14:08:32.892 [Test worker] INFO  o.e.j.s.h.ContextHandler - Started o.e.j.s.ServletContextHandler@5ca683d2{/,null,AVAILABLE}
14:08:32.892 [Test worker] DEBUG o.s.w.t.h.s.r.b.JettyHttpServer - Starting JettyHttpServer...
14:08:32.892 [Test worker] INFO  o.e.j.s.Server - jetty-9.4.30.v20200611; built: 2020-06-11T12:34:51.929Z; git: 271836e4c1f4612f12b7bb13ef5a92a927634b0d; jvm 1.8.0_73-b02
14:08:32.895 [Test worker] INFO  o.e.j.s.AbstractConnector - Started ServerConnector@1aef6e0d{HTTP/1.1, (http/1.1)}{0.0.0.0:61672}
14:08:32.895 [Test worker] INFO  o.e.j.s.Server - Started @112620ms
14:08:32.895 [Test worker] DEBUG o.s.w.t.h.s.r.b.JettyHttpServer - Server started on port 61672(0 millis).
14:08:32.896 [Test worker] DEBUG o.s.w.r.f.c.ExchangeFunctions - [7cd738f1] HTTP GET http://localhost:61672/sse/string
14:08:32.899 [qtp443879720-2480] DEBUG o.s.w.s.a.HttpWebHandlerAdapter - [2d488c96] HTTP GET "/sse/string"
14:08:32.899 [qtp443879720-2480] DEBUG o.s.w.r.r.m.a.RequestMappingHandlerMapping - [2d488c96] Mapped to org.springframework.web.reactive.result.method.annotation.SseIntegrationTests$SseController#string()
14:08:32.900 [qtp443879720-2480] DEBUG o.s.w.r.r.m.a.ResponseBodyResultHandler - Using 'text/event-stream' given [text/event-stream] and supported [text/plain;charset=UTF-8, text/event-stream, text/plain;charset=UTF-8, */*]
14:08:32.900 [qtp443879720-2480] DEBUG o.s.w.r.r.m.a.ResponseBodyResultHandler - [2d488c96] 0..N [java.lang.String]
14:08:33.016 [reactor-http-nio-1] DEBUG o.s.w.r.f.c.ExchangeFunctions - [7cd738f1] Response 200 OK
14:08:33.017 [reactor-http-nio-1] DEBUG o.s.c.c.StringDecoder - [7cd738f1] Decoded "data:foo 0"
14:08:33.017 [reactor-http-nio-1] DEBUG o.s.c.c.StringDecoder - [7cd738f1] Decoded ""
14:08:33.106 [reactor-http-nio-1] DEBUG o.s.c.c.StringDecoder - [7cd738f1] Decoded "data:foo 1"
14:08:33.107 [reactor-http-nio-1] DEBUG o.s.c.c.StringDecoder - [7cd738f1] Decoded ""
14:08:33.107 [reactor-http-nio-1] DEBUG o.s.w.r.f.c.ExchangeFunctions - [7cd738f1] Cancel signal (to close connection)
14:08:33.107 [Test worker] DEBUG o.s.w.t.h.s.r.b.JettyHttpServer - Stopping JettyHttpServer...
14:08:33.110 [Test worker] INFO  o.e.j.s.h.ContextHandler - Stopped o.e.j.s.ServletContextHandler@5ca683d2{/,null,UNAVAILABLE}
14:08:33.117 [Test worker] INFO  o.e.j.s.AbstractConnector - Stopped ServerConnector@1aef6e0d{HTTP/1.1, (http/1.1)}{0.0.0.0:0}
14:08:33.117 [Test worker] DEBUG o.s.w.t.h.s.r.b.JettyHttpServer - Server stopped (0 millis).
14:08:33.150 [Test worker] DEBUG o.s.w.r.r.m.a.RequestMappingHandlerMapping - 4 mappings in 'requestMappingHandlerMapping'
14:08:33.192 [Test worker] DEBUG o.s.w.r.r.m.a.ControllerMethodResolver - ControllerAdvice beans: none
14:08:33.218 [Test worker] DEBUG o.s.w.s.a.HttpWebHandlerAdapter - enableLoggingRequestDetails='false': form data and headers will be masked to prevent unsafe logging of potentially sensitive data
14:08:33.218 [Test worker] WARN  o.e.j.s.h.ContextHandler - Empty contextPath
14:08:33.236 [Test worker] INFO  o.e.j.s.h.ContextHandler - Started o.e.j.s.ServletContextHandler@337a3fea{/,null,AVAILABLE}
14:08:33.236 [Test worker] DEBUG o.s.w.t.h.s.r.b.JettyHttpServer - Starting JettyHttpServer...
14:08:33.237 [Test worker] INFO  o.e.j.s.Server - jetty-9.4.30.v20200611; built: 2020-06-11T12:34:51.929Z; git: 271836e4c1f4612f12b7bb13ef5a92a927634b0d; jvm 1.8.0_73-b02
14:08:33.246 [Test worker] INFO  o.e.j.s.AbstractConnector - Started ServerConnector@54012240{HTTP/1.1, (http/1.1)}{0.0.0.0:61676}
14:08:33.246 [Test worker] INFO  o.e.j.s.Server - Started @112971ms
14:08:33.246 [Test worker] DEBUG o.s.w.t.h.s.r.b.JettyHttpServer - Server started on port 61676(0 millis).
14:08:33.255 [Test worker] DEBUG o.s.w.r.f.c.ExchangeFunctions - [46711efe] HTTP GET http://localhost:61676/sse/string
14:08:33.268 [qtp1969766471-2489] DEBUG o.s.w.s.a.HttpWebHandlerAdapter - [28013c56] HTTP GET "/sse/string"
14:08:33.268 [qtp1969766471-2489] DEBUG o.s.w.r.r.m.a.RequestMappingHandlerMapping - [28013c56] Mapped to org.springframework.web.reactive.result.method.annotation.SseIntegrationTests$SseController#string()
14:08:33.269 [qtp1969766471-2489] DEBUG o.s.w.r.r.m.a.ResponseBodyResultHandler - Using 'text/event-stream' given [text/event-stream] and supported [text/plain;charset=UTF-8, text/event-stream, text/plain;charset=UTF-8, */*]
14:08:33.269 [qtp1969766471-2489] DEBUG o.s.w.r.r.m.a.ResponseBodyResultHandler - [28013c56] 0..N [java.lang.String]
14:08:33.386 [HttpClient@4b2d622e-2497] DEBUG o.s.w.r.f.c.ExchangeFunctions - [46711efe] Response 200 OK
14:08:33.387 [HttpClient@4b2d622e-2497] DEBUG o.s.c.c.StringDecoder - [46711efe] Decoded "data:foo 0"
14:08:33.387 [HttpClient@4b2d622e-2497] DEBUG o.s.c.c.StringDecoder - [46711efe] Decoded ""
14:08:33.500 [HttpClient@4b2d622e-2491] DEBUG o.s.c.c.StringDecoder - [46711efe] Decoded "data:foo 1"
14:08:33.500 [HttpClient@4b2d622e-2491] DEBUG o.s.c.c.StringDecoder - [46711efe] Decoded ""
14:08:33.501 [HttpClient@4b2d622e-2491] DEBUG o.s.w.r.f.c.ExchangeFunctions - [46711efe] Cancel signal (to close connection)
14:08:33.501 [Test worker] DEBUG o.s.w.t.h.s.r.b.JettyHttpServer - Stopping JettyHttpServer...
14:08:33.501 [Test worker] INFO  o.e.j.s.h.ContextHandler - Stopped o.e.j.s.ServletContextHandler@337a3fea{/,null,UNAVAILABLE}
14:08:33.509 [Test worker] INFO  o.e.j.s.AbstractConnector - Stopped ServerConnector@54012240{HTTP/1.1, (http/1.1)}{0.0.0.0:0}
14:08:33.527 [Test worker] DEBUG o.s.w.t.h.s.r.b.JettyHttpServer - Server stopped (0 millis).
14:08:33.549 [Test worker] DEBUG o.s.w.r.r.m.a.RequestMappingHandlerMapping - 4 mappings in 'requestMappingHandlerMapping'
14:08:33.603 [Test worker] DEBUG o.s.w.r.r.m.a.ControllerMethodResolver - ControllerAdvice beans: none
14:08:33.630 [Test worker] DEBUG o.s.w.s.a.HttpWebHandlerAdapter - enableLoggingRequestDetails='false': form data and headers will be masked to prevent unsafe logging of potentially sensitive data
14:08:33.630 [Test worker] WARN  o.e.j.s.h.ContextHandler - Empty contextPath
14:08:33.631 [Test worker] INFO  o.e.j.s.h.ContextHandler - Started o.e.j.s.ServletContextHandler@4542b9b1{/,null,AVAILABLE}
14:08:33.632 [Test worker] DEBUG o.s.w.t.h.s.r.b.JettyHttpServer - Starting JettyHttpServer...
14:08:33.632 [Test worker] INFO  o.e.j.s.Server - jetty-9.4.30.v20200611; built: 2020-06-11T12:34:51.929Z; git: 271836e4c1f4612f12b7bb13ef5a92a927634b0d; jvm 1.8.0_73-b02
14:08:33.641 [Test worker] INFO  o.e.j.s.AbstractConnector - Started ServerConnector@4f64b020{HTTP/1.1, (http/1.1)}{0.0.0.0:61682}
14:08:33.642 [Test worker] INFO  o.e.j.s.Server - Started @113367ms
14:08:33.642 [Test worker] DEBUG o.s.w.t.h.s.r.b.JettyHttpServer - Server started on port 61682(0 millis).
14:08:33.643 [Test worker] DEBUG o.s.w.r.f.c.ExchangeFunctions - [67a4e880] HTTP GET http://localhost:61682/sse/string
14:08:33.647 [qtp2008713248-2507] DEBUG o.s.w.s.a.HttpWebHandlerAdapter - [33e4e950] HTTP GET "/sse/string"
14:08:33.647 [qtp2008713248-2507] DEBUG o.s.w.r.r.m.a.RequestMappingHandlerMapping - [33e4e950] Mapped to org.springframework.web.reactive.result.method.annotation.SseIntegrationTests$SseController#string()
14:08:33.648 [qtp2008713248-2507] DEBUG o.s.w.r.r.m.a.ResponseBodyResultHandler - Using 'text/event-stream' given [text/event-stream] and supported [text/plain;charset=UTF-8, text/event-stream, text/plain;charset=UTF-8, */*]
14:08:33.648 [qtp2008713248-2507] DEBUG o.s.w.r.r.m.a.ResponseBodyResultHandler - [33e4e950] 0..N [java.lang.String]
14:08:33.775 [httpclient-dispatch-1] DEBUG o.s.w.r.f.c.ExchangeFunctions - [67a4e880] Response 200 OK
14:08:33.776 [httpclient-dispatch-1] DEBUG o.s.c.c.StringDecoder - [67a4e880] Decoded "data:foo 0"
14:08:33.776 [httpclient-dispatch-1] DEBUG o.s.c.c.StringDecoder - [67a4e880] Decoded ""
14:08:33.850 [httpclient-dispatch-1] DEBUG o.s.c.c.StringDecoder - [67a4e880] Decoded "data:foo 1"
14:08:33.850 [httpclient-dispatch-1] DEBUG o.s.c.c.StringDecoder - [67a4e880] Decoded ""
14:08:33.850 [httpclient-dispatch-1] DEBUG o.s.w.r.f.c.ExchangeFunctions - [67a4e880] Cancel signal (to close connection)
14:08:33.850 [Test worker] DEBUG o.s.w.t.h.s.r.b.JettyHttpServer - Stopping JettyHttpServer...
14:08:33.853 [Test worker] INFO  o.e.j.s.h.ContextHandler - Stopped o.e.j.s.ServletContextHandler@4542b9b1{/,null,UNAVAILABLE}
14:08:33.866 [httpclient-dispatch-1] INFO  o.a.h.c.h.i.a.AsyncHttpRequestRetryExec - Recoverable I/O exception (org.apache.hc.core5.http.MalformedChunkCodingException) caught when processing request to {}->http://localhost:61682
14:08:33.867 [Test worker] INFO  o.e.j.s.AbstractConnector - Stopped ServerConnector@4f64b020{HTTP/1.1, (http/1.1)}{0.0.0.0:0}
14:08:33.878 [Test worker] DEBUG o.s.w.t.h.s.r.b.JettyHttpServer - Server stopped (0 millis).
14:08:33.890 [Test worker] DEBUG o.s.w.r.r.m.a.RequestMappingHandlerMapping - 4 mappings in 'requestMappingHandlerMapping'
14:08:33.914 [Test worker] DEBUG o.s.w.r.r.m.a.ControllerMethodResolver - ControllerAdvice beans: none
14:08:33.967 [Test worker] DEBUG o.s.w.s.a.HttpWebHandlerAdapter - enableLoggingRequestDetails='false': form data and headers will be masked to prevent unsafe logging of potentially sensitive data
14:08:33.967 [Test worker] DEBUG o.s.w.t.h.s.r.b.ReactorHttpServer - Starting ReactorHttpServer...
14:08:33.975 [Test worker] DEBUG o.s.w.t.h.s.r.b.ReactorHttpServer - Server started on port 61688(0 millis).
14:08:33.975 [Test worker] DEBUG o.s.w.r.f.c.ExchangeFunctions - [3fef0f9a] HTTP GET http://localhost:61688/sse/string
14:08:33.982 [reactor-http-nio-4] DEBUG o.s.w.s.a.HttpWebHandlerAdapter - [31d983c9-39] HTTP GET "/sse/string"
14:08:33.982 [reactor-http-nio-4] DEBUG o.s.w.r.r.m.a.RequestMappingHandlerMapping - [31d983c9-39] Mapped to org.springframework.web.reactive.result.method.annotation.SseIntegrationTests$SseController#string()
14:08:33.983 [reactor-http-nio-4] DEBUG o.s.w.r.r.m.a.ResponseBodyResultHandler - Using 'text/event-stream' given [text/event-stream] and supported [text/plain;charset=UTF-8, text/event-stream, text/plain;charset=UTF-8, */*]
14:08:33.983 [reactor-http-nio-4] DEBUG o.s.w.r.r.m.a.ResponseBodyResultHandler - [31d983c9-39] 0..N [java.lang.String]
14:08:34.180 [reactor-http-nio-3] DEBUG o.s.w.r.f.c.ExchangeFunctions - [3fef0f9a] Response 200 OK
14:08:34.186 [reactor-http-nio-3] DEBUG o.s.c.c.StringDecoder - [3fef0f9a] Decoded "data:foo 0"
14:08:34.186 [reactor-http-nio-3] DEBUG o.s.c.c.StringDecoder - [3fef0f9a] Decoded ""
14:08:34.187 [reactor-http-nio-3] DEBUG o.s.c.c.StringDecoder - [3fef0f9a] Decoded "data:foo 1"
14:08:34.187 [reactor-http-nio-3] DEBUG o.s.c.c.StringDecoder - [3fef0f9a] Decoded ""
14:08:34.187 [reactor-http-nio-3] DEBUG o.s.w.r.f.c.ExchangeFunctions - [3fef0f9a] Cancel signal (to close connection)
14:08:34.188 [reactor-http-nio-4] DEBUG o.s.w.s.a.HttpWebHandlerAdapter - [31d983c9-39] Completed 200 OK
14:08:34.188 [Test worker] DEBUG o.s.w.t.h.s.r.b.ReactorHttpServer - Stopping ReactorHttpServer...
[...]
14:08:41.500 [Test worker] DEBUG o.s.w.t.h.s.r.b.ReactorHttpServer - Stopping ReactorHttpServer...
14:08:41.500 [Test worker] DEBUG o.s.w.t.h.s.r.b.ReactorHttpServer - Server stopped (0 millis).
14:08:41.509 [Test worker] DEBUG o.s.w.r.r.m.a.RequestMappingHandlerMapping - 4 mappings in 'requestMappingHandlerMapping'
14:08:41.556 [Test worker] DEBUG o.s.w.r.r.m.a.ControllerMethodResolver - ControllerAdvice beans: none
14:08:41.572 [Test worker] DEBUG o.s.w.s.a.HttpWebHandlerAdapter - enableLoggingRequestDetails='false': form data and headers will be masked to prevent unsafe logging of potentially sensitive data
14:08:41.572 [Test worker] DEBUG o.s.w.t.h.s.r.b.TomcatHttpServer - Starting TomcatHttpServer...
14:08:41.610 [Test worker] DEBUG o.s.w.t.h.s.r.b.TomcatHttpServer - Server started on port 61808(0 millis).
14:08:41.611 [Test worker] DEBUG o.s.w.r.f.c.ExchangeFunctions - [4aa5b685] HTTP GET http://localhost:61808/sse/event
14:08:41.634 [http-nio-auto-41-exec-1] DEBUG o.s.w.s.a.HttpWebHandlerAdapter - [5abea9d8] HTTP GET "/sse/event"
14:08:41.635 [http-nio-auto-41-exec-1] DEBUG o.s.w.r.r.m.a.RequestMappingHandlerMapping - [5abea9d8] Mapped to org.springframework.web.reactive.result.method.annotation.SseIntegrationTests$SseController#sse()
14:08:41.636 [http-nio-auto-41-exec-1] DEBUG o.s.w.r.r.m.a.ResponseBodyResultHandler - Using 'text/event-stream' given [text/event-stream] and supported [text/event-stream]
14:08:41.636 [http-nio-auto-41-exec-1] DEBUG o.s.w.r.r.m.a.ResponseBodyResultHandler - [5abea9d8] 0..N [org.springframework.http.codec.ServerSentEvent<org.springframework.web.reactive.result.method.annotation.SseIntegrationTests$Person>]
14:08:41.740 [parallel-6] DEBUG o.s.h.c.j.Jackson2JsonEncoder - [5abea9d8] Encoding [Person{name='foo 0'}]
14:08:41.745 [reactor-http-nio-3] DEBUG o.s.w.r.f.c.ExchangeFunctions - [4aa5b685] Response 200 OK
14:08:41.747 [reactor-http-nio-3] DEBUG o.s.c.c.StringDecoder - [4aa5b685] Decoded "id:0"
14:08:41.747 [reactor-http-nio-3] DEBUG o.s.c.c.StringDecoder - [4aa5b685] Decoded ":bar 0"
14:08:41.747 [reactor-http-nio-3] DEBUG o.s.c.c.StringDecoder - [4aa5b685] Decoded "data:{"name":"foo 0"}"
14:08:41.747 [reactor-http-nio-3] DEBUG o.s.c.c.StringDecoder - [4aa5b685] Decoded ""
14:08:41.747 [reactor-http-nio-3] DEBUG o.s.h.c.j.Jackson2JsonDecoder - [4aa5b685] Decoded [Person{name='foo 0'}]
14:08:41.838 [parallel-6] DEBUG o.s.h.c.j.Jackson2JsonEncoder - [5abea9d8] Encoding [Person{name='foo 1'}]
14:08:41.838 [parallel-6] DEBUG o.s.w.s.a.HttpWebHandlerAdapter - [5abea9d8] Completed 200 OK
14:08:41.857 [reactor-http-nio-3] DEBUG o.s.c.c.StringDecoder - [4aa5b685] Decoded "id:1"
14:08:41.857 [reactor-http-nio-3] DEBUG o.s.c.c.StringDecoder - [4aa5b685] Decoded ":bar 1"
14:08:41.858 [reactor-http-nio-3] DEBUG o.s.c.c.StringDecoder - [4aa5b685] Decoded "data:{"name":"foo 1"}"
14:08:41.858 [reactor-http-nio-3] DEBUG o.s.c.c.StringDecoder - [4aa5b685] Decoded ""
14:08:41.858 [reactor-http-nio-3] DEBUG o.s.h.c.j.Jackson2JsonDecoder - [4aa5b685] Decoded [Person{name='foo 1'}]
14:08:41.858 [reactor-http-nio-3] DEBUG o.s.w.r.f.c.ExchangeFunctions - [4aa5b685] Cancel signal (to close connection)
14:08:41.858 [Test worker] DEBUG o.s.w.t.h.s.r.b.TomcatHttpServer - Stopping TomcatHttpServer...
14:08:41.874 [Test worker] DEBUG o.s.w.t.h.s.r.b.TomcatHttpServer - Server stopped (0 millis).
14:08:41.894 [Test worker] DEBUG o.s.w.r.r.m.a.RequestMappingHandlerMapping - 4 mappings in 'requestMappingHandlerMapping'
14:08:41.927 [Test worker] DEBUG o.s.w.r.r.m.a.ControllerMethodResolver - ControllerAdvice beans: none
14:08:41.948 [Test worker] DEBUG o.s.w.s.a.HttpWebHandlerAdapter - enableLoggingRequestDetails='false': form data and headers will be masked to prevent unsafe logging of potentially sensitive data
14:08:41.948 [Test worker] DEBUG o.s.w.t.h.s.r.b.TomcatHttpServer - Starting TomcatHttpServer...
14:08:41.960 [Test worker] DEBUG o.s.w.t.h.s.r.b.TomcatHttpServer - Server started on port 61815(0 millis).
14:08:41.976 [Test worker] DEBUG o.s.w.r.f.c.ExchangeFunctions - [4e9324e8] HTTP GET http://localhost:61815/sse/event
14:08:42.050 [http-nio-auto-42-exec-1] DEBUG o.s.w.s.a.HttpWebHandlerAdapter - [24d5c978] HTTP GET "/sse/event"
14:08:42.050 [http-nio-auto-42-exec-1] DEBUG o.s.w.r.r.m.a.RequestMappingHandlerMapping - [24d5c978] Mapped to org.springframework.web.reactive.result.method.annotation.SseIntegrationTests$SseController#sse()
14:08:42.052 [http-nio-auto-42-exec-1] DEBUG o.s.w.r.r.m.a.ResponseBodyResultHandler - Using 'text/event-stream' given [text/event-stream] and supported [text/event-stream]
14:08:42.052 [http-nio-auto-42-exec-1] DEBUG o.s.w.r.r.m.a.ResponseBodyResultHandler - [24d5c978] 0..N [org.springframework.http.codec.ServerSentEvent<org.springframework.web.reactive.result.method.annotation.SseIntegrationTests$Person>]
14:08:42.152 [parallel-7] DEBUG o.s.h.c.j.Jackson2JsonEncoder - [24d5c978] Encoding [Person{name='foo 0'}]
14:08:42.181 [HttpClient@7e4211f2-2726] DEBUG o.s.w.r.f.c.ExchangeFunctions - [4e9324e8] Response 200 OK
14:08:42.181 [HttpClient@7e4211f2-2726] DEBUG o.s.c.c.StringDecoder - [4e9324e8] Decoded "id:0"
14:08:42.182 [HttpClient@7e4211f2-2726] DEBUG o.s.c.c.StringDecoder - [4e9324e8] Decoded ":bar 0"
14:08:42.182 [HttpClient@7e4211f2-2726] DEBUG o.s.c.c.StringDecoder - [4e9324e8] Decoded "data:{"name":"foo 0"}"
14:08:42.182 [HttpClient@7e4211f2-2726] DEBUG o.s.c.c.StringDecoder - [4e9324e8] Decoded ""
14:08:42.182 [HttpClient@7e4211f2-2726] DEBUG o.s.h.c.j.Jackson2JsonDecoder - [4e9324e8] Decoded [Person{name='foo 0'}]
14:08:42.253 [parallel-7] DEBUG o.s.h.c.j.Jackson2JsonEncoder - [24d5c978] Encoding [Person{name='foo 1'}]
14:08:42.254 [parallel-7] DEBUG o.s.w.s.a.HttpWebHandlerAdapter - [24d5c978] Completed 200 OK
14:08:42.283 [HttpClient@7e4211f2-2720] DEBUG o.s.c.c.StringDecoder - [4e9324e8] Decoded "id:1"
14:08:42.283 [HttpClient@7e4211f2-2720] DEBUG o.s.c.c.StringDecoder - [4e9324e8] Decoded ":bar 1"
14:08:42.288 [HttpClient@7e4211f2-2720] DEBUG o.s.c.c.StringDecoder - [4e9324e8] Decoded "data:{"name":"foo 1"}"
14:08:42.290 [HttpClient@7e4211f2-2720] DEBUG o.s.c.c.StringDecoder - [4e9324e8] Decoded ""
14:08:42.293 [HttpClient@7e4211f2-2720] DEBUG o.s.h.c.j.Jackson2JsonDecoder - [4e9324e8] Decoded [Person{name='foo 1'}]
14:08:42.293 [HttpClient@7e4211f2-2720] DEBUG o.s.w.r.f.c.ExchangeFunctions - [4e9324e8] Cancel signal (to close connection)
14:08:42.295 [Test worker] DEBUG o.s.w.t.h.s.r.b.TomcatHttpServer - Stopping TomcatHttpServer...
14:08:42.320 [Test worker] DEBUG o.s.w.t.h.s.r.b.TomcatHttpServer - Server stopped (0 millis).
14:08:42.353 [Test worker] DEBUG o.s.w.r.r.m.a.RequestMappingHandlerMapping - 4 mappings in 'requestMappingHandlerMapping'
14:08:42.374 [Test worker] DEBUG o.s.w.r.r.m.a.ControllerMethodResolver - ControllerAdvice beans: none
14:08:42.402 [Test worker] DEBUG o.s.w.s.a.HttpWebHandlerAdapter - enableLoggingRequestDetails='false': form data and headers will be masked to prevent unsafe logging of potentially sensitive data
14:08:42.402 [Test worker] DEBUG o.s.w.t.h.s.r.b.TomcatHttpServer - Starting TomcatHttpServer...
14:08:42.474 [Test worker] DEBUG o.s.w.t.h.s.r.b.TomcatHttpServer - Server started on port 61823(0 millis).
14:08:42.477 [Test worker] DEBUG o.s.w.r.f.c.ExchangeFunctions - [18ca87d6] HTTP GET http://localhost:61823/sse/event
14:08:42.500 [http-nio-auto-43-exec-1] DEBUG o.s.w.s.a.HttpWebHandlerAdapter - [6c6c879f] HTTP GET "/sse/event"
14:08:42.500 [http-nio-auto-43-exec-1] DEBUG o.s.w.r.r.m.a.RequestMappingHandlerMapping - [6c6c879f] Mapped to org.springframework.web.reactive.result.method.annotation.SseIntegrationTests$SseController#sse()
14:08:42.502 [http-nio-auto-43-exec-1] DEBUG o.s.w.r.r.m.a.ResponseBodyResultHandler - Using 'text/event-stream' given [text/event-stream] and supported [text/event-stream]
14:08:42.502 [http-nio-auto-43-exec-1] DEBUG o.s.w.r.r.m.a.ResponseBodyResultHandler - [6c6c879f] 0..N [org.springframework.http.codec.ServerSentEvent<org.springframework.web.reactive.result.method.annotation.SseIntegrationTests$Person>]
14:08:42.605 [parallel-8] DEBUG o.s.h.c.j.Jackson2JsonEncoder - [6c6c879f] Encoding [Person{name='foo 0'}]
14:08:42.619 [httpclient-dispatch-1] DEBUG o.s.w.r.f.c.ExchangeFunctions - [18ca87d6] Response 200 OK
14:08:42.620 [httpclient-dispatch-1] DEBUG o.s.c.c.StringDecoder - [18ca87d6] Decoded "id:0"
14:08:42.620 [httpclient-dispatch-1] DEBUG o.s.c.c.StringDecoder - [18ca87d6] Decoded ":bar 0"
14:08:42.620 [httpclient-dispatch-1] DEBUG o.s.c.c.StringDecoder - [18ca87d6] Decoded "data:{"name":"foo 0"}"
14:08:42.620 [httpclient-dispatch-1] DEBUG o.s.c.c.StringDecoder - [18ca87d6] Decoded ""
14:08:42.620 [httpclient-dispatch-1] DEBUG o.s.h.c.j.Jackson2JsonDecoder - [18ca87d6] Decoded [Person{name='foo 0'}]
14:08:42.703 [parallel-8] DEBUG o.s.h.c.j.Jackson2JsonEncoder - [6c6c879f] Encoding [Person{name='foo 1'}]
14:08:42.704 [parallel-8] DEBUG o.s.w.s.a.HttpWebHandlerAdapter - [6c6c879f] Completed 200 OK
14:08:42.719 [httpclient-dispatch-1] DEBUG o.s.c.c.StringDecoder - [18ca87d6] Decoded "id:1"
14:08:42.719 [httpclient-dispatch-1] DEBUG o.s.c.c.StringDecoder - [18ca87d6] Decoded ":bar 1"
14:08:42.719 [httpclient-dispatch-1] DEBUG o.s.c.c.StringDecoder - [18ca87d6] Decoded "data:{"name":"foo 1"}"
14:08:42.722 [httpclient-dispatch-1] DEBUG o.s.c.c.StringDecoder - [18ca87d6] Decoded ""
14:08:42.729 [httpclient-dispatch-1] DEBUG o.s.h.c.j.Jackson2JsonDecoder - [18ca87d6] Decoded [Person{name='foo 1'}]
14:08:42.729 [httpclient-dispatch-1] DEBUG o.s.w.r.f.c.ExchangeFunctions - [18ca87d6] Cancel signal (to close connection)
14:08:42.732 [Test worker] DEBUG o.s.w.t.h.s.r.b.TomcatHttpServer - Stopping TomcatHttpServer...
14:08:42.747 [Test worker] DEBUG o.s.w.t.h.s.r.b.TomcatHttpServer - Server stopped (0 millis).
14:08:42.880 [Test worker] DEBUG o.s.w.r.r.m.a.RequestMappingHandlerMapping - 4 mappings in 'requestMappingHandlerMapping'
14:08:42.922 [Test worker] DEBUG o.s.w.r.r.m.a.ControllerMethodResolver - ControllerAdvice beans: none
14:08:42.951 [Test worker] DEBUG o.s.w.s.a.HttpWebHandlerAdapter - enableLoggingRequestDetails='false': form data and headers will be masked to prevent unsafe logging of potentially sensitive data
14:08:42.952 [Test worker] DEBUG o.s.w.t.h.s.r.b.UndertowHttpServer - Starting UndertowHttpServer...
14:08:42.952 [Test worker] INFO  i.undertow - starting server: Undertow - 2.1.3.Final
14:08:42.956 [Test worker] DEBUG o.s.w.t.h.s.r.b.UndertowHttpServer - Server started on port 61830(0 millis).
14:08:42.957 [Test worker] DEBUG o.s.w.r.f.c.ExchangeFunctions - [5736b641] HTTP GET http://localhost:61830/sse/event
14:08:42.980 [XNIO-40 I/O-2] DEBUG o.s.w.s.a.HttpWebHandlerAdapter - [5587700f] HTTP GET "/sse/event"
14:08:42.980 [XNIO-40 I/O-2] DEBUG o.s.w.r.r.m.a.RequestMappingHandlerMapping - [5587700f] Mapped to org.springframework.web.reactive.result.method.annotation.SseIntegrationTests$SseController#sse()
14:08:42.982 [XNIO-40 I/O-2] DEBUG o.s.w.r.r.m.a.ResponseBodyResultHandler - Using 'text/event-stream' given [text/event-stream] and supported [text/event-stream]
14:08:42.982 [XNIO-40 I/O-2] DEBUG o.s.w.r.r.m.a.ResponseBodyResultHandler - [5587700f] 0..N [org.springframework.http.codec.ServerSentEvent<org.springframework.web.reactive.result.method.annotation.SseIntegrationTests$Person>]
14:08:43.083 [parallel-1] DEBUG o.s.h.c.j.Jackson2JsonEncoder - [5587700f] Encoding [Person{name='foo 0'}]
14:08:43.102 [reactor-http-nio-4] DEBUG o.s.w.r.f.c.ExchangeFunctions - [5736b641] Response 200 OK
14:08:43.103 [reactor-http-nio-4] DEBUG o.s.c.c.StringDecoder - [5736b641] Decoded "id:0"
14:08:43.103 [reactor-http-nio-4] DEBUG o.s.c.c.StringDecoder - [5736b641] Decoded ":bar 0"
14:08:43.104 [reactor-http-nio-4] DEBUG o.s.c.c.StringDecoder - [5736b641] Decoded "data:{"name":"foo 0"}"
14:08:43.104 [reactor-http-nio-4] DEBUG o.s.c.c.StringDecoder - [5736b641] Decoded ""
14:08:43.104 [reactor-http-nio-4] DEBUG o.s.h.c.j.Jackson2JsonDecoder - [5736b641] Decoded [Person{name='foo 0'}]
14:08:43.185 [parallel-1] DEBUG o.s.h.c.j.Jackson2JsonEncoder - [5587700f] Encoding [Person{name='foo 1'}]
14:08:43.185 [XNIO-40 I/O-2] DEBUG o.s.w.s.a.HttpWebHandlerAdapter - [5587700f] Completed 200 OK
14:08:43.187 [reactor-http-nio-4] DEBUG o.s.c.c.StringDecoder - [5736b641] Decoded "id:1"
14:08:43.187 [reactor-http-nio-4] DEBUG o.s.c.c.StringDecoder - [5736b641] Decoded ":bar 1"
14:08:43.187 [reactor-http-nio-4] DEBUG o.s.c.c.StringDecoder - [5736b641] Decoded "data:{"name":"foo 1"}"
14:08:43.187 [reactor-http-nio-4] DEBUG o.s.c.c.StringDecoder - [5736b641] Decoded ""
14:08:43.187 [reactor-http-nio-4] DEBUG o.s.h.c.j.Jackson2JsonDecoder - [5736b641] Decoded [Person{name='foo 1'}]
14:08:43.187 [reactor-http-nio-4] DEBUG o.s.w.r.f.c.ExchangeFunctions - [5736b641] Cancel signal (to close connection)
14:08:43.189 [Test worker] DEBUG o.s.w.t.h.s.r.b.UndertowHttpServer - Stopping UndertowHttpServer...
14:08:43.189 [Test worker] INFO  i.undertow - stopping server: Undertow - 2.1.3.Final
14:08:43.196 [Test worker] DEBUG o.s.w.t.h.s.r.b.UndertowHttpServer - Server stopped (0 millis).
14:08:43.220 [Test worker] DEBUG o.s.w.r.r.m.a.RequestMappingHandlerMapping - 4 mappings in 'requestMappingHandlerMapping'
14:08:43.257 [Test worker] DEBUG o.s.w.r.r.m.a.ControllerMethodResolver - ControllerAdvice beans: none
14:08:43.280 [Test worker] DEBUG o.s.w.s.a.HttpWebHandlerAdapter - enableLoggingRequestDetails='false': form data and headers will be masked to prevent unsafe logging of potentially sensitive data
14:08:43.280 [Test worker] DEBUG o.s.w.t.h.s.r.b.UndertowHttpServer - Starting UndertowHttpServer...
14:08:43.280 [Test worker] INFO  i.undertow - starting server: Undertow - 2.1.3.Final
14:08:43.321 [Test worker] DEBUG o.s.w.t.h.s.r.b.UndertowHttpServer - Server started on port 61835(0 millis).
14:08:43.326 [Test worker] DEBUG o.s.w.r.f.c.ExchangeFunctions - [5eb96e66] HTTP GET http://localhost:61835/sse/event
14:08:43.340 [XNIO-41 I/O-4] DEBUG o.s.w.s.a.HttpWebHandlerAdapter - [53c323c3] HTTP GET "/sse/event"
14:08:43.341 [XNIO-41 I/O-4] DEBUG o.s.w.r.r.m.a.RequestMappingHandlerMapping - [53c323c3] Mapped to org.springframework.web.reactive.result.method.annotation.SseIntegrationTests$SseController#sse()
14:08:43.345 [XNIO-41 I/O-4] DEBUG o.s.w.r.r.m.a.ResponseBodyResultHandler - Using 'text/event-stream' given [text/event-stream] and supported [text/event-stream]
14:08:43.345 [XNIO-41 I/O-4] DEBUG o.s.w.r.r.m.a.ResponseBodyResultHandler - [53c323c3] 0..N [org.springframework.http.codec.ServerSentEvent<org.springframework.web.reactive.result.method.annotation.SseIntegrationTests$Person>]
14:08:43.447 [parallel-2] DEBUG o.s.h.c.j.Jackson2JsonEncoder - [53c323c3] Encoding [Person{name='foo 0'}]
14:08:43.473 [HttpClient@421ffd41-2768] DEBUG o.s.w.r.f.c.ExchangeFunctions - [5eb96e66] Response 200 OK
14:08:43.474 [HttpClient@421ffd41-2768] DEBUG o.s.c.c.StringDecoder - [5eb96e66] Decoded "id:0"
14:08:43.474 [HttpClient@421ffd41-2768] DEBUG o.s.c.c.StringDecoder - [5eb96e66] Decoded ":bar 0"
14:08:43.474 [HttpClient@421ffd41-2768] DEBUG o.s.c.c.StringDecoder - [5eb96e66] Decoded "data:{"name":"foo 0"}"
14:08:43.474 [HttpClient@421ffd41-2768] DEBUG o.s.c.c.StringDecoder - [5eb96e66] Decoded ""
14:08:43.474 [HttpClient@421ffd41-2768] DEBUG o.s.h.c.j.Jackson2JsonDecoder - [5eb96e66] Decoded [Person{name='foo 0'}]
14:08:43.546 [parallel-2] DEBUG o.s.h.c.j.Jackson2JsonEncoder - [53c323c3] Encoding [Person{name='foo 1'}]
14:08:43.547 [XNIO-41 I/O-4] DEBUG o.s.w.s.a.HttpWebHandlerAdapter - [53c323c3] Completed 200 OK
14:08:43.598 [HttpClient@421ffd41-2762] DEBUG o.s.c.c.StringDecoder - [5eb96e66] Decoded "id:1"
14:08:43.599 [HttpClient@421ffd41-2762] DEBUG o.s.c.c.StringDecoder - [5eb96e66] Decoded ":bar 1"
14:08:43.599 [HttpClient@421ffd41-2762] DEBUG o.s.c.c.StringDecoder - [5eb96e66] Decoded "data:{"name":"foo 1"}"
14:08:43.599 [HttpClient@421ffd41-2762] DEBUG o.s.c.c.StringDecoder - [5eb96e66] Decoded ""
14:08:43.599 [HttpClient@421ffd41-2762] DEBUG o.s.h.c.j.Jackson2JsonDecoder - [5eb96e66] Decoded [Person{name='foo 1'}]
14:08:43.599 [HttpClient@421ffd41-2762] DEBUG o.s.w.r.f.c.ExchangeFunctions - [5eb96e66] Cancel signal (to close connection)
14:08:43.602 [Test worker] DEBUG o.s.w.t.h.s.r.b.UndertowHttpServer - Stopping UndertowHttpServer...
14:08:43.602 [Test worker] INFO  i.undertow - stopping server: Undertow - 2.1.3.Final
14:08:43.603 [Test worker] DEBUG o.s.w.t.h.s.r.b.UndertowHttpServer - Server stopped (0 millis).
14:08:43.614 [Test worker] DEBUG o.s.w.r.r.m.a.RequestMappingHandlerMapping - 4 mappings in 'requestMappingHandlerMapping'
14:08:43.672 [Test worker] DEBUG o.s.w.r.r.m.a.ControllerMethodResolver - ControllerAdvice beans: none
14:08:43.791 [Test worker] DEBUG o.s.w.s.a.HttpWebHandlerAdapter - enableLoggingRequestDetails='false': form data and headers will be masked to prevent unsafe logging of potentially sensitive data
14:08:43.795 [Test worker] DEBUG o.s.w.t.h.s.r.b.UndertowHttpServer - Starting UndertowHttpServer...
14:08:43.812 [Test worker] INFO  i.undertow - starting server: Undertow - 2.1.3.Final
14:08:43.866 [Test worker] DEBUG o.s.w.t.h.s.r.b.UndertowHttpServer - Server started on port 61839(0 millis).
14:08:43.882 [Test worker] DEBUG o.s.w.r.f.c.ExchangeFunctions - [5d0a1ebb] HTTP GET http://localhost:61839/sse/event
14:08:43.924 [XNIO-42 I/O-7] DEBUG o.s.w.s.a.HttpWebHandlerAdapter - [5b847ca4] HTTP GET "/sse/event"
14:08:43.924 [XNIO-42 I/O-7] DEBUG o.s.w.r.r.m.a.RequestMappingHandlerMapping - [5b847ca4] Mapped to org.springframework.web.reactive.result.method.annotation.SseIntegrationTests$SseController#sse()
14:08:43.926 [XNIO-42 I/O-7] DEBUG o.s.w.r.r.m.a.ResponseBodyResultHandler - Using 'text/event-stream' given [text/event-stream] and supported [text/event-stream]
14:08:43.926 [XNIO-42 I/O-7] DEBUG o.s.w.r.r.m.a.ResponseBodyResultHandler - [5b847ca4] 0..N [org.springframework.http.codec.ServerSentEvent<org.springframework.web.reactive.result.method.annotation.SseIntegrationTests$Person>]
14:08:44.028 [parallel-3] DEBUG o.s.h.c.j.Jackson2JsonEncoder - [5b847ca4] Encoding [Person{name='foo 0'}]
14:08:44.129 [XNIO-42 I/O-7] DEBUG o.s.h.c.j.Jackson2JsonEncoder - [5b847ca4] Encoding [Person{name='foo 1'}]
14:08:44.129 [XNIO-42 I/O-7] DEBUG o.s.w.s.a.HttpWebHandlerAdapter - [5b847ca4] Completed 200 OK
14:08:44.129 [httpclient-dispatch-1] DEBUG o.s.w.r.f.c.ExchangeFunctions - [5d0a1ebb] Response 200 OK
14:08:44.130 [httpclient-dispatch-1] DEBUG o.s.c.c.StringDecoder - [5d0a1ebb] Decoded "id:0"
14:08:44.130 [httpclient-dispatch-1] DEBUG o.s.c.c.StringDecoder - [5d0a1ebb] Decoded ":bar 0"
14:08:44.130 [httpclient-dispatch-1] DEBUG o.s.c.c.StringDecoder - [5d0a1ebb] Decoded "data:{"name":"foo 0"}"
14:08:44.130 [httpclient-dispatch-1] DEBUG o.s.c.c.StringDecoder - [5d0a1ebb] Decoded ""
14:08:44.130 [httpclient-dispatch-1] DEBUG o.s.h.c.j.Jackson2JsonDecoder - [5d0a1ebb] Decoded [Person{name='foo 0'}]
14:08:44.130 [httpclient-dispatch-1] DEBUG o.s.c.c.StringDecoder - [5d0a1ebb] Decoded "id:1"
14:08:44.130 [httpclient-dispatch-1] DEBUG o.s.c.c.StringDecoder - [5d0a1ebb] Decoded ":bar 1"
14:08:44.130 [httpclient-dispatch-1] DEBUG o.s.c.c.StringDecoder - [5d0a1ebb] Decoded "data:{"name":"foo 1"}"
14:08:44.130 [httpclient-dispatch-1] DEBUG o.s.c.c.StringDecoder - [5d0a1ebb] Decoded ""
14:08:44.131 [httpclient-dispatch-1] DEBUG o.s.h.c.j.Jackson2JsonDecoder - [5d0a1ebb] Decoded [Person{name='foo 1'}]
14:08:44.131 [httpclient-dispatch-1] DEBUG o.s.w.r.f.c.ExchangeFunctions - [5d0a1ebb] Cancel signal (to close connection)
14:08:44.131 [Test worker] DEBUG o.s.w.t.h.s.r.b.UndertowHttpServer - Stopping UndertowHttpServer...
14:08:44.131 [Test worker] INFO  i.undertow - stopping server: Undertow - 2.1.3.Final
14:08:44.131 [Test worker] DEBUG o.s.w.t.h.s.r.b.UndertowHttpServer - Server stopped (0 millis).
]]></system-out>
  <system-err><![CDATA[]]></system-err>
</testsuite>
