<?xml version="1.0" encoding="UTF-8"?>
<testsuite name="org.springframework.web.reactive.result.method.annotation.RequestMappingExceptionHandlingIntegrationTests" tests="24" skipped="0" failures="0" errors="0" timestamp="2020-06-22T06:07:32" hostname="aiguoxindeMacBook-Pro.local" time="9.208">
  <properties/>
  <testcase name="errorBeforeFirstItem(HttpServer)[1]" classname="org.springframework.web.reactive.result.method.annotation.RequestMappingExceptionHandlingIntegrationTests" time="0.517"/>
  <testcase name="errorBeforeFirstItem(HttpServer)[2]" classname="org.springframework.web.reactive.result.method.annotation.RequestMappingExceptionHandlingIntegrationTests" time="0.369"/>
  <testcase name="errorBeforeFirstItem(HttpServer)[3]" classname="org.springframework.web.reactive.result.method.annotation.RequestMappingExceptionHandlingIntegrationTests" time="0.35"/>
  <testcase name="errorBeforeFirstItem(HttpServer)[4]" classname="org.springframework.web.reactive.result.method.annotation.RequestMappingExceptionHandlingIntegrationTests" time="0.334"/>
  <testcase name="thrownExceptionWithCauseToHandle(HttpServer)[1]" classname="org.springframework.web.reactive.result.method.annotation.RequestMappingExceptionHandlingIntegrationTests" time="0.275"/>
  <testcase name="thrownExceptionWithCauseToHandle(HttpServer)[2]" classname="org.springframework.web.reactive.result.method.annotation.RequestMappingExceptionHandlingIntegrationTests" time="0.234"/>
  <testcase name="thrownExceptionWithCauseToHandle(HttpServer)[3]" classname="org.springframework.web.reactive.result.method.annotation.RequestMappingExceptionHandlingIntegrationTests" time="0.271"/>
  <testcase name="thrownExceptionWithCauseToHandle(HttpServer)[4]" classname="org.springframework.web.reactive.result.method.annotation.RequestMappingExceptionHandlingIntegrationTests" time="0.341"/>
  <testcase name="exceptionFromMethodWithProducesCondition(HttpServer)[1]" classname="org.springframework.web.reactive.result.method.annotation.RequestMappingExceptionHandlingIntegrationTests" time="0.307"/>
  <testcase name="exceptionFromMethodWithProducesCondition(HttpServer)[2]" classname="org.springframework.web.reactive.result.method.annotation.RequestMappingExceptionHandlingIntegrationTests" time="0.299"/>
  <testcase name="exceptionFromMethodWithProducesCondition(HttpServer)[3]" classname="org.springframework.web.reactive.result.method.annotation.RequestMappingExceptionHandlingIntegrationTests" time="0.28"/>
  <testcase name="exceptionFromMethodWithProducesCondition(HttpServer)[4]" classname="org.springframework.web.reactive.result.method.annotation.RequestMappingExceptionHandlingIntegrationTests" time="0.299"/>
  <testcase name="thrownException(HttpServer)[1]" classname="org.springframework.web.reactive.result.method.annotation.RequestMappingExceptionHandlingIntegrationTests" time="0.266"/>
  <testcase name="thrownException(HttpServer)[2]" classname="org.springframework.web.reactive.result.method.annotation.RequestMappingExceptionHandlingIntegrationTests" time="0.286"/>
  <testcase name="thrownException(HttpServer)[3]" classname="org.springframework.web.reactive.result.method.annotation.RequestMappingExceptionHandlingIntegrationTests" time="0.293"/>
  <testcase name="thrownException(HttpServer)[4]" classname="org.springframework.web.reactive.result.method.annotation.RequestMappingExceptionHandlingIntegrationTests" time="0.414"/>
  <testcase name="exceptionAfterSeveralItems(HttpServer)[1]" classname="org.springframework.web.reactive.result.method.annotation.RequestMappingExceptionHandlingIntegrationTests" time="0.571"/>
  <testcase name="exceptionAfterSeveralItems(HttpServer)[2]" classname="org.springframework.web.reactive.result.method.annotation.RequestMappingExceptionHandlingIntegrationTests" time="0.859"/>
  <testcase name="exceptionAfterSeveralItems(HttpServer)[3]" classname="org.springframework.web.reactive.result.method.annotation.RequestMappingExceptionHandlingIntegrationTests" time="0.169"/>
  <testcase name="exceptionAfterSeveralItems(HttpServer)[4]" classname="org.springframework.web.reactive.result.method.annotation.RequestMappingExceptionHandlingIntegrationTests" time="0.373"/>
  <testcase name="thrownExceptionWithCause(HttpServer)[1]" classname="org.springframework.web.reactive.result.method.annotation.RequestMappingExceptionHandlingIntegrationTests" time="0.271"/>
  <testcase name="thrownExceptionWithCause(HttpServer)[2]" classname="org.springframework.web.reactive.result.method.annotation.RequestMappingExceptionHandlingIntegrationTests" time="0.303"/>
  <testcase name="thrownExceptionWithCause(HttpServer)[3]" classname="org.springframework.web.reactive.result.method.annotation.RequestMappingExceptionHandlingIntegrationTests" time="0.313"/>
  <testcase name="thrownExceptionWithCause(HttpServer)[4]" classname="org.springframework.web.reactive.result.method.annotation.RequestMappingExceptionHandlingIntegrationTests" time="0.374"/>
  <system-out><![CDATA[14:07:32.973 [Test worker] DEBUG o.s.w.r.r.m.a.RequestMappingHandlerMapping - 6 mappings in 'requestMappingHandlerMapping'
14:07:33.110 [Test worker] DEBUG o.s.w.r.r.m.a.ControllerMethodResolver - ControllerAdvice beans: none
14:07:33.256 [Test worker] DEBUG o.s.w.s.a.HttpWebHandlerAdapter - enableLoggingRequestDetails='false': form data and headers will be masked to prevent unsafe logging of potentially sensitive data
14:07:33.256 [Test worker] WARN  o.e.j.s.h.ContextHandler - Empty contextPath
14:07:33.257 [Test worker] INFO  o.e.j.s.h.ContextHandler - Started o.e.j.s.ServletContextHandler@24ff77d3{/,null,AVAILABLE}
14:07:33.257 [Test worker] DEBUG o.s.w.t.h.s.r.b.JettyHttpServer - Starting JettyHttpServer...
14:07:33.257 [Test worker] INFO  o.e.j.s.Server - jetty-9.4.30.v20200611; built: 2020-06-11T12:34:51.929Z; git: 271836e4c1f4612f12b7bb13ef5a92a927634b0d; jvm 1.8.0_73-b02
14:07:33.261 [Test worker] INFO  o.e.j.s.AbstractConnector - Started ServerConnector@3864cd1a{HTTP/1.1, (http/1.1)}{0.0.0.0:60670}
14:07:33.261 [Test worker] INFO  o.e.j.s.Server - Started @52985ms
14:07:33.261 [Test worker] DEBUG o.s.w.t.h.s.r.b.JettyHttpServer - Server started on port 60670(0 millis).
14:07:33.262 [Test worker] DEBUG o.s.w.c.RestTemplate - HTTP GET http://localhost:60670/mono-error
14:07:33.262 [Test worker] DEBUG o.s.w.c.RestTemplate - Accept=[text/plain, application/json, application/x-jackson-smile, application/*+json, */*]
14:07:33.265 [qtp1416478517-481] DEBUG o.s.w.s.a.HttpWebHandlerAdapter - [6061b299] HTTP GET "/mono-error"
14:07:33.265 [qtp1416478517-481] DEBUG o.s.w.r.r.m.a.RequestMappingHandlerMapping - [6061b299] Mapped to org.springframework.web.reactive.result.method.annotation.RequestMappingExceptionHandlingIntegrationTests$TestController#handleWithError()
14:07:33.267 [qtp1416478517-481] DEBUG o.s.w.r.r.m.a.ResponseBodyResultHandler - Using 'text/plain;charset=UTF-8' given [text/plain, application/json, application/x-jackson-smile, application/*+json, */*] and supported [text/plain;charset=UTF-8, text/event-stream, text/plain;charset=UTF-8, */*]
14:07:33.267 [qtp1416478517-481] DEBUG o.s.w.r.r.m.a.ResponseBodyResultHandler - [6061b299] 0..1 [java.lang.String]
14:07:33.268 [qtp1416478517-481] DEBUG o.s.w.r.r.m.a.RequestMappingHandlerAdapter - [6061b299] Using @ExceptionHandler org.springframework.web.reactive.result.method.annotation.RequestMappingExceptionHandlingIntegrationTests$TestController#handleArgumentException(IllegalArgumentException)
14:07:33.269 [qtp1416478517-481] DEBUG o.s.w.r.r.m.a.ResponseBodyResultHandler - Using 'text/plain;charset=UTF-8' given [text/plain, application/json, application/x-jackson-smile, application/*+json, */*] and supported [text/plain;charset=UTF-8, text/event-stream, text/plain;charset=UTF-8, */*]
14:07:33.269 [qtp1416478517-481] DEBUG o.s.w.r.r.m.a.ResponseBodyResultHandler - [6061b299] 0..1 [java.lang.String]
14:07:33.269 [qtp1416478517-481] DEBUG o.s.c.c.CharSequenceEncoder - [6061b299] Writing "Recovered from error: Argument"
14:07:33.270 [qtp1416478517-481] DEBUG o.s.w.s.a.HttpWebHandlerAdapter - [6061b299] Completed 200 OK
14:07:33.270 [Test worker] DEBUG o.s.w.c.RestTemplate - Response 200 OK
14:07:33.270 [Test worker] DEBUG o.s.w.c.RestTemplate - Reading to [java.lang.String] as "text/plain;charset=utf-8"
14:07:33.271 [Test worker] DEBUG o.s.w.t.h.s.r.b.JettyHttpServer - Stopping JettyHttpServer...
14:07:33.271 [Test worker] INFO  o.e.j.s.h.ContextHandler - Stopped o.e.j.s.ServletContextHandler@24ff77d3{/,null,UNAVAILABLE}
14:07:33.274 [Test worker] INFO  o.e.j.s.AbstractConnector - Stopped ServerConnector@3864cd1a{HTTP/1.1, (http/1.1)}{0.0.0.0:0}
14:07:33.284 [Test worker] DEBUG o.s.w.t.h.s.r.b.JettyHttpServer - Server stopped (0 millis).
14:07:33.510 [Test worker] DEBUG o.s.w.r.r.m.a.RequestMappingHandlerMapping - 6 mappings in 'requestMappingHandlerMapping'
14:07:33.574 [Test worker] DEBUG o.s.w.r.r.m.a.ControllerMethodResolver - ControllerAdvice beans: none
14:07:33.656 [Test worker] DEBUG o.s.w.s.a.HttpWebHandlerAdapter - enableLoggingRequestDetails='false': form data and headers will be masked to prevent unsafe logging of potentially sensitive data
14:07:33.656 [Test worker] DEBUG o.s.w.t.h.s.r.b.ReactorHttpServer - Starting ReactorHttpServer...
14:07:33.657 [Test worker] DEBUG o.s.w.t.h.s.r.b.ReactorHttpServer - Server started on port 60682(0 millis).
14:07:33.658 [Test worker] DEBUG o.s.w.c.RestTemplate - HTTP GET http://localhost:60682/mono-error
14:07:33.658 [Test worker] DEBUG o.s.w.c.RestTemplate - Accept=[text/plain, application/json, application/x-jackson-smile, application/*+json, */*]
14:07:33.660 [reactor-http-nio-6] DEBUG o.s.w.s.a.HttpWebHandlerAdapter - [2f1174da-11] HTTP GET "/mono-error"
14:07:33.661 [reactor-http-nio-6] DEBUG o.s.w.r.r.m.a.RequestMappingHandlerMapping - [2f1174da-11] Mapped to org.springframework.web.reactive.result.method.annotation.RequestMappingExceptionHandlingIntegrationTests$TestController#handleWithError()
14:07:33.662 [reactor-http-nio-6] DEBUG o.s.w.r.r.m.a.ResponseBodyResultHandler - Using 'text/plain;charset=UTF-8' given [text/plain, application/json, application/x-jackson-smile, application/*+json, */*] and supported [text/plain;charset=UTF-8, text/event-stream, text/plain;charset=UTF-8, */*]
14:07:33.662 [reactor-http-nio-6] DEBUG o.s.w.r.r.m.a.ResponseBodyResultHandler - [2f1174da-11] 0..1 [java.lang.String]
14:07:33.663 [reactor-http-nio-6] DEBUG o.s.w.r.r.m.a.RequestMappingHandlerAdapter - [2f1174da-11] Using @ExceptionHandler org.springframework.web.reactive.result.method.annotation.RequestMappingExceptionHandlingIntegrationTests$TestController#handleArgumentException(IllegalArgumentException)
14:07:33.663 [reactor-http-nio-6] DEBUG o.s.w.r.r.m.a.ResponseBodyResultHandler - Using 'text/plain;charset=UTF-8' given [text/plain, application/json, application/x-jackson-smile, application/*+json, */*] and supported [text/plain;charset=UTF-8, text/event-stream, text/plain;charset=UTF-8, */*]
14:07:33.663 [reactor-http-nio-6] DEBUG o.s.w.r.r.m.a.ResponseBodyResultHandler - [2f1174da-11] 0..1 [java.lang.String]
14:07:33.663 [reactor-http-nio-6] DEBUG o.s.c.c.CharSequenceEncoder - [2f1174da-11] Writing "Recovered from error: Argument"
14:07:33.665 [reactor-http-nio-6] DEBUG o.s.w.s.a.HttpWebHandlerAdapter - [2f1174da-11] Completed 200 OK
14:07:33.690 [Test worker] DEBUG o.s.w.c.RestTemplate - Response 200 OK
14:07:33.691 [Test worker] DEBUG o.s.w.c.RestTemplate - Reading to [java.lang.String] as "text/plain;charset=UTF-8"
14:07:33.691 [Test worker] DEBUG o.s.w.t.h.s.r.b.ReactorHttpServer - Stopping ReactorHttpServer...
14:07:33.691 [Test worker] DEBUG o.s.w.t.h.s.r.b.ReactorHttpServer - Server stopped (0 millis).
14:07:33.844 [Test worker] DEBUG o.s.w.r.r.m.a.RequestMappingHandlerMapping - 6 mappings in 'requestMappingHandlerMapping'
14:07:33.971 [Test worker] DEBUG o.s.w.r.r.m.a.ControllerMethodResolver - ControllerAdvice beans: none
14:07:34.043 [Test worker] DEBUG o.s.w.s.a.HttpWebHandlerAdapter - enableLoggingRequestDetails='false': form data and headers will be masked to prevent unsafe logging of potentially sensitive data
14:07:34.044 [Test worker] DEBUG o.s.w.t.h.s.r.b.TomcatHttpServer - Starting TomcatHttpServer...
14:07:34.059 [Test worker] DEBUG o.s.w.t.h.s.r.b.TomcatHttpServer - Server started on port 60693(0 millis).
14:07:34.059 [Test worker] DEBUG o.s.w.c.RestTemplate - HTTP GET http://localhost:60693/mono-error
14:07:34.059 [Test worker] DEBUG o.s.w.c.RestTemplate - Accept=[text/plain, application/json, application/x-jackson-smile, application/*+json, */*]
14:07:34.064 [http-nio-auto-11-exec-1] DEBUG o.s.w.s.a.HttpWebHandlerAdapter - [17ad4006] HTTP GET "/mono-error"
14:07:34.065 [http-nio-auto-11-exec-1] DEBUG o.s.w.r.r.m.a.RequestMappingHandlerMapping - [17ad4006] Mapped to org.springframework.web.reactive.result.method.annotation.RequestMappingExceptionHandlingIntegrationTests$TestController#handleWithError()
14:07:34.066 [http-nio-auto-11-exec-1] DEBUG o.s.w.r.r.m.a.ResponseBodyResultHandler - Using 'text/plain;charset=UTF-8' given [text/plain, application/json, application/x-jackson-smile, application/*+json, */*] and supported [text/plain;charset=UTF-8, text/event-stream, text/plain;charset=UTF-8, */*]
14:07:34.066 [http-nio-auto-11-exec-1] DEBUG o.s.w.r.r.m.a.ResponseBodyResultHandler - [17ad4006] 0..1 [java.lang.String]
14:07:34.067 [http-nio-auto-11-exec-1] DEBUG o.s.w.r.r.m.a.RequestMappingHandlerAdapter - [17ad4006] Using @ExceptionHandler org.springframework.web.reactive.result.method.annotation.RequestMappingExceptionHandlingIntegrationTests$TestController#handleArgumentException(IllegalArgumentException)
14:07:34.067 [http-nio-auto-11-exec-1] DEBUG o.s.w.r.r.m.a.ResponseBodyResultHandler - Using 'text/plain;charset=UTF-8' given [text/plain, application/json, application/x-jackson-smile, application/*+json, */*] and supported [text/plain;charset=UTF-8, text/event-stream, text/plain;charset=UTF-8, */*]
14:07:34.067 [http-nio-auto-11-exec-1] DEBUG o.s.w.r.r.m.a.ResponseBodyResultHandler - [17ad4006] 0..1 [java.lang.String]
14:07:34.067 [http-nio-auto-11-exec-1] DEBUG o.s.c.c.CharSequenceEncoder - [17ad4006] Writing "Recovered from error: Argument"
14:07:34.068 [http-nio-auto-11-exec-1] DEBUG o.s.w.s.a.HttpWebHandlerAdapter - [17ad4006] Completed 200 OK
14:07:34.069 [Test worker] DEBUG o.s.w.c.RestTemplate - Response 200 OK
14:07:34.069 [Test worker] DEBUG o.s.w.c.RestTemplate - Reading to [java.lang.String] as "text/plain;charset=UTF-8"
14:07:34.070 [Test worker] DEBUG o.s.w.t.h.s.r.b.TomcatHttpServer - Stopping TomcatHttpServer...
14:07:34.088 [Test worker] DEBUG o.s.w.t.h.s.r.b.TomcatHttpServer - Server stopped (0 millis).
14:07:34.305 [Test worker] DEBUG o.s.w.r.r.m.a.RequestMappingHandlerMapping - 6 mappings in 'requestMappingHandlerMapping'
14:07:34.420 [Test worker] DEBUG o.s.w.r.r.m.a.ControllerMethodResolver - ControllerAdvice beans: none
14:07:34.479 [Test worker] DEBUG o.s.w.s.a.HttpWebHandlerAdapter - enableLoggingRequestDetails='false': form data and headers will be masked to prevent unsafe logging of potentially sensitive data
14:07:34.479 [Test worker] DEBUG o.s.w.t.h.s.r.b.UndertowHttpServer - Starting UndertowHttpServer...
14:07:34.479 [Test worker] INFO  i.undertow - starting server: Undertow - 2.1.3.Final
14:07:34.488 [Test worker] DEBUG o.s.w.t.h.s.r.b.UndertowHttpServer - Server started on port 60700(0 millis).
14:07:34.489 [Test worker] DEBUG o.s.w.c.RestTemplate - HTTP GET http://localhost:60700/mono-error
14:07:34.489 [Test worker] DEBUG o.s.w.c.RestTemplate - Accept=[text/plain, application/json, application/x-jackson-smile, application/*+json, */*]
14:07:34.492 [XNIO-11 I/O-7] DEBUG o.s.w.s.a.HttpWebHandlerAdapter - [2c6d9508] HTTP GET "/mono-error"
14:07:34.493 [XNIO-11 I/O-7] DEBUG o.s.w.r.r.m.a.RequestMappingHandlerMapping - [2c6d9508] Mapped to org.springframework.web.reactive.result.method.annotation.RequestMappingExceptionHandlingIntegrationTests$TestController#handleWithError()
14:07:34.494 [XNIO-11 I/O-7] DEBUG o.s.w.r.r.m.a.ResponseBodyResultHandler - Using 'text/plain;charset=UTF-8' given [text/plain, application/json, application/x-jackson-smile, application/*+json, */*] and supported [text/plain;charset=UTF-8, text/event-stream, text/plain;charset=UTF-8, */*]
14:07:34.494 [XNIO-11 I/O-7] DEBUG o.s.w.r.r.m.a.ResponseBodyResultHandler - [2c6d9508] 0..1 [java.lang.String]
14:07:34.494 [XNIO-11 I/O-7] DEBUG o.s.w.r.r.m.a.RequestMappingHandlerAdapter - [2c6d9508] Using @ExceptionHandler org.springframework.web.reactive.result.method.annotation.RequestMappingExceptionHandlingIntegrationTests$TestController#handleArgumentException(IllegalArgumentException)
14:07:34.495 [XNIO-11 I/O-7] DEBUG o.s.w.r.r.m.a.ResponseBodyResultHandler - Using 'text/plain;charset=UTF-8' given [text/plain, application/json, application/x-jackson-smile, application/*+json, */*] and supported [text/plain;charset=UTF-8, text/event-stream, text/plain;charset=UTF-8, */*]
14:07:34.495 [XNIO-11 I/O-7] DEBUG o.s.w.r.r.m.a.ResponseBodyResultHandler - [2c6d9508] 0..1 [java.lang.String]
14:07:34.495 [XNIO-11 I/O-7] DEBUG o.s.c.c.CharSequenceEncoder - [2c6d9508] Writing "Recovered from error: Argument"
14:07:34.495 [XNIO-11 I/O-7] DEBUG o.s.w.s.a.HttpWebHandlerAdapter - [2c6d9508] Completed 200 OK
14:07:34.496 [Test worker] DEBUG o.s.w.c.RestTemplate - Response 200 OK
14:07:34.496 [Test worker] DEBUG o.s.w.c.RestTemplate - Reading to [java.lang.String] as "text/plain;charset=UTF-8"
14:07:34.496 [Test worker] DEBUG o.s.w.t.h.s.r.b.UndertowHttpServer - Stopping UndertowHttpServer...
14:07:34.496 [Test worker] INFO  i.undertow - stopping server: Undertow - 2.1.3.Final
14:07:34.498 [Test worker] DEBUG o.s.w.t.h.s.r.b.UndertowHttpServer - Server stopped (0 millis).
14:07:34.676 [Test worker] DEBUG o.s.w.r.r.m.a.RequestMappingHandlerMapping - 6 mappings in 'requestMappingHandlerMapping'
14:07:34.767 [Test worker] DEBUG o.s.w.r.r.m.a.ControllerMethodResolver - ControllerAdvice beans: none
14:07:34.805 [Test worker] DEBUG o.s.w.s.a.HttpWebHandlerAdapter - enableLoggingRequestDetails='false': form data and headers will be masked to prevent unsafe logging of potentially sensitive data
14:07:34.806 [Test worker] WARN  o.e.j.s.h.ContextHandler - Empty contextPath
14:07:34.806 [Test worker] INFO  o.e.j.s.h.ContextHandler - Started o.e.j.s.ServletContextHandler@1767b9d3{/,null,AVAILABLE}
14:07:34.806 [Test worker] DEBUG o.s.w.t.h.s.r.b.JettyHttpServer - Starting JettyHttpServer...
14:07:34.806 [Test worker] INFO  o.e.j.s.Server - jetty-9.4.30.v20200611; built: 2020-06-11T12:34:51.929Z; git: 271836e4c1f4612f12b7bb13ef5a92a927634b0d; jvm 1.8.0_73-b02
14:07:34.809 [Test worker] INFO  o.e.j.s.AbstractConnector - Started ServerConnector@1ece457d{HTTP/1.1, (http/1.1)}{0.0.0.0:60708}
14:07:34.809 [Test worker] INFO  o.e.j.s.Server - Started @54533ms
14:07:34.810 [Test worker] DEBUG o.s.w.t.h.s.r.b.JettyHttpServer - Server started on port 60708(0 millis).
14:07:34.810 [Test worker] DEBUG o.s.w.c.RestTemplate - HTTP GET http://localhost:60708/thrown-exception-with-cause-to-handle
14:07:34.810 [Test worker] DEBUG o.s.w.c.RestTemplate - Accept=[text/plain, application/json, application/x-jackson-smile, application/*+json, */*]
14:07:34.813 [qtp579790687-514] DEBUG o.s.w.s.a.HttpWebHandlerAdapter - [508f3af4] HTTP GET "/thrown-exception-with-cause-to-handle"
14:07:34.813 [qtp579790687-514] DEBUG o.s.w.r.r.m.a.RequestMappingHandlerMapping - [508f3af4] Mapped to org.springframework.web.reactive.result.method.annotation.RequestMappingExceptionHandlingIntegrationTests$TestController#handleAndThrowExceptionWithCauseToHandle()
14:07:34.814 [qtp579790687-514] DEBUG o.s.w.r.r.m.a.RequestMappingHandlerAdapter - [508f3af4] Using @ExceptionHandler org.springframework.web.reactive.result.method.annotation.RequestMappingExceptionHandlingIntegrationTests$TestController#handleArgumentException(IOException)
14:07:34.815 [qtp579790687-514] DEBUG o.s.w.r.r.m.a.ResponseBodyResultHandler - Using 'text/plain;charset=UTF-8' given [text/plain, application/json, application/x-jackson-smile, application/*+json, */*] and supported [text/plain;charset=UTF-8, text/event-stream, text/plain;charset=UTF-8, */*]
14:07:34.815 [qtp579790687-514] DEBUG o.s.w.r.r.m.a.ResponseBodyResultHandler - [508f3af4] 0..1 [java.lang.String]
14:07:34.815 [qtp579790687-514] DEBUG o.s.c.c.CharSequenceEncoder - [508f3af4] Writing "Recovered from error: IO"
14:07:34.815 [Test worker] DEBUG o.s.w.c.RestTemplate - Response 200 OK
14:07:34.815 [qtp579790687-514] DEBUG o.s.w.s.a.HttpWebHandlerAdapter - [508f3af4] Completed 200 OK
14:07:34.816 [Test worker] DEBUG o.s.w.c.RestTemplate - Reading to [java.lang.String] as "text/plain;charset=utf-8"
14:07:34.816 [Test worker] DEBUG o.s.w.t.h.s.r.b.JettyHttpServer - Stopping JettyHttpServer...
14:07:34.816 [Test worker] INFO  o.e.j.s.h.ContextHandler - Stopped o.e.j.s.ServletContextHandler@1767b9d3{/,null,UNAVAILABLE}
14:07:34.817 [Test worker] INFO  o.e.j.s.AbstractConnector - Stopped ServerConnector@1ece457d{HTTP/1.1, (http/1.1)}{0.0.0.0:0}
14:07:34.828 [Test worker] DEBUG o.s.w.t.h.s.r.b.JettyHttpServer - Server stopped (0 millis).
14:07:34.962 [Test worker] DEBUG o.s.w.r.r.m.a.RequestMappingHandlerMapping - 6 mappings in 'requestMappingHandlerMapping'
14:07:35.024 [Test worker] DEBUG o.s.w.r.r.m.a.ControllerMethodResolver - ControllerAdvice beans: none
14:07:35.075 [Test worker] DEBUG o.s.w.s.a.HttpWebHandlerAdapter - enableLoggingRequestDetails='false': form data and headers will be masked to prevent unsafe logging of potentially sensitive data
14:07:35.075 [Test worker] DEBUG o.s.w.t.h.s.r.b.ReactorHttpServer - Starting ReactorHttpServer...
14:07:35.097 [Test worker] DEBUG o.s.w.t.h.s.r.b.ReactorHttpServer - Server started on port 60715(0 millis).
14:07:35.097 [Test worker] DEBUG o.s.w.c.RestTemplate - HTTP GET http://localhost:60715/thrown-exception-with-cause-to-handle
14:07:35.098 [Test worker] DEBUG o.s.w.c.RestTemplate - Accept=[text/plain, application/json, application/x-jackson-smile, application/*+json, */*]
14:07:35.100 [reactor-http-nio-8] DEBUG o.s.w.s.a.HttpWebHandlerAdapter - [84f5d786-12] HTTP GET "/thrown-exception-with-cause-to-handle"
14:07:35.101 [reactor-http-nio-8] DEBUG o.s.w.r.r.m.a.RequestMappingHandlerMapping - [84f5d786-12] Mapped to org.springframework.web.reactive.result.method.annotation.RequestMappingExceptionHandlingIntegrationTests$TestController#handleAndThrowExceptionWithCauseToHandle()
14:07:35.102 [reactor-http-nio-8] DEBUG o.s.w.r.r.m.a.RequestMappingHandlerAdapter - [84f5d786-12] Using @ExceptionHandler org.springframework.web.reactive.result.method.annotation.RequestMappingExceptionHandlingIntegrationTests$TestController#handleArgumentException(IOException)
14:07:35.102 [reactor-http-nio-8] DEBUG o.s.w.r.r.m.a.ResponseBodyResultHandler - Using 'text/plain;charset=UTF-8' given [text/plain, application/json, application/x-jackson-smile, application/*+json, */*] and supported [text/plain;charset=UTF-8, text/event-stream, text/plain;charset=UTF-8, */*]
14:07:35.102 [reactor-http-nio-8] DEBUG o.s.w.r.r.m.a.ResponseBodyResultHandler - [84f5d786-12] 0..1 [java.lang.String]
14:07:35.103 [reactor-http-nio-8] DEBUG o.s.c.c.CharSequenceEncoder - [84f5d786-12] Writing "Recovered from error: IO"
14:07:35.104 [reactor-http-nio-8] DEBUG o.s.w.s.a.HttpWebHandlerAdapter - [84f5d786-12] Completed 200 OK
14:07:35.104 [Test worker] DEBUG o.s.w.c.RestTemplate - Response 200 OK
14:07:35.104 [Test worker] DEBUG o.s.w.c.RestTemplate - Reading to [java.lang.String] as "text/plain;charset=UTF-8"
14:07:35.105 [Test worker] DEBUG o.s.w.t.h.s.r.b.ReactorHttpServer - Stopping ReactorHttpServer...
14:07:35.105 [Test worker] DEBUG o.s.w.t.h.s.r.b.ReactorHttpServer - Server stopped (0 millis).
14:07:35.226 [Test worker] DEBUG o.s.w.r.r.m.a.RequestMappingHandlerMapping - 6 mappings in 'requestMappingHandlerMapping'
14:07:35.311 [Test worker] DEBUG o.s.w.r.r.m.a.ControllerMethodResolver - ControllerAdvice beans: none
14:07:35.376 [Test worker] DEBUG o.s.w.s.a.HttpWebHandlerAdapter - enableLoggingRequestDetails='false': form data and headers will be masked to prevent unsafe logging of potentially sensitive data
14:07:35.376 [Test worker] DEBUG o.s.w.t.h.s.r.b.TomcatHttpServer - Starting TomcatHttpServer...
14:07:35.385 [Test worker] DEBUG o.s.w.t.h.s.r.b.TomcatHttpServer - Server started on port 60722(0 millis).
14:07:35.386 [Test worker] DEBUG o.s.w.c.RestTemplate - HTTP GET http://localhost:60722/thrown-exception-with-cause-to-handle
14:07:35.386 [Test worker] DEBUG o.s.w.c.RestTemplate - Accept=[text/plain, application/json, application/x-jackson-smile, application/*+json, */*]
14:07:35.391 [http-nio-auto-12-exec-1] DEBUG o.s.w.s.a.HttpWebHandlerAdapter - [38025684] HTTP GET "/thrown-exception-with-cause-to-handle"
14:07:35.391 [http-nio-auto-12-exec-1] DEBUG o.s.w.r.r.m.a.RequestMappingHandlerMapping - [38025684] Mapped to org.springframework.web.reactive.result.method.annotation.RequestMappingExceptionHandlingIntegrationTests$TestController#handleAndThrowExceptionWithCauseToHandle()
14:07:35.392 [http-nio-auto-12-exec-1] DEBUG o.s.w.r.r.m.a.RequestMappingHandlerAdapter - [38025684] Using @ExceptionHandler org.springframework.web.reactive.result.method.annotation.RequestMappingExceptionHandlingIntegrationTests$TestController#handleArgumentException(IOException)
14:07:35.393 [http-nio-auto-12-exec-1] DEBUG o.s.w.r.r.m.a.ResponseBodyResultHandler - Using 'text/plain;charset=UTF-8' given [text/plain, application/json, application/x-jackson-smile, application/*+json, */*] and supported [text/plain;charset=UTF-8, text/event-stream, text/plain;charset=UTF-8, */*]
14:07:35.393 [http-nio-auto-12-exec-1] DEBUG o.s.w.r.r.m.a.ResponseBodyResultHandler - [38025684] 0..1 [java.lang.String]
14:07:35.393 [http-nio-auto-12-exec-1] DEBUG o.s.c.c.CharSequenceEncoder - [38025684] Writing "Recovered from error: IO"
14:07:35.394 [http-nio-auto-12-exec-1] DEBUG o.s.w.s.a.HttpWebHandlerAdapter - [38025684] Completed 200 OK
14:07:35.395 [Test worker] DEBUG o.s.w.c.RestTemplate - Response 200 OK
14:07:35.395 [Test worker] DEBUG o.s.w.c.RestTemplate - Reading to [java.lang.String] as "text/plain;charset=UTF-8"
14:07:35.395 [Test worker] DEBUG o.s.w.t.h.s.r.b.TomcatHttpServer - Stopping TomcatHttpServer...
14:07:35.407 [Test worker] DEBUG o.s.w.t.h.s.r.b.TomcatHttpServer - Server stopped (0 millis).
14:07:35.583 [Test worker] DEBUG o.s.w.r.r.m.a.RequestMappingHandlerMapping - 6 mappings in 'requestMappingHandlerMapping'
14:07:35.682 [Test worker] DEBUG o.s.w.r.r.m.a.ControllerMethodResolver - ControllerAdvice beans: none
14:07:35.748 [Test worker] DEBUG o.s.w.s.a.HttpWebHandlerAdapter - enableLoggingRequestDetails='false': form data and headers will be masked to prevent unsafe logging of potentially sensitive data
14:07:35.748 [Test worker] DEBUG o.s.w.t.h.s.r.b.UndertowHttpServer - Starting UndertowHttpServer...
14:07:35.748 [Test worker] INFO  i.undertow - starting server: Undertow - 2.1.3.Final
14:07:35.752 [Test worker] DEBUG o.s.w.t.h.s.r.b.UndertowHttpServer - Server started on port 60729(0 millis).
14:07:35.752 [Test worker] DEBUG o.s.w.c.RestTemplate - HTTP GET http://localhost:60729/thrown-exception-with-cause-to-handle
14:07:35.753 [Test worker] DEBUG o.s.w.c.RestTemplate - Accept=[text/plain, application/json, application/x-jackson-smile, application/*+json, */*]
14:07:35.756 [XNIO-12 I/O-4] DEBUG o.s.w.s.a.HttpWebHandlerAdapter - [4803b493] HTTP GET "/thrown-exception-with-cause-to-handle"
14:07:35.756 [XNIO-12 I/O-4] DEBUG o.s.w.r.r.m.a.RequestMappingHandlerMapping - [4803b493] Mapped to org.springframework.web.reactive.result.method.annotation.RequestMappingExceptionHandlingIntegrationTests$TestController#handleAndThrowExceptionWithCauseToHandle()
14:07:35.757 [XNIO-12 I/O-4] DEBUG o.s.w.r.r.m.a.RequestMappingHandlerAdapter - [4803b493] Using @ExceptionHandler org.springframework.web.reactive.result.method.annotation.RequestMappingExceptionHandlingIntegrationTests$TestController#handleArgumentException(IOException)
14:07:35.758 [XNIO-12 I/O-4] DEBUG o.s.w.r.r.m.a.ResponseBodyResultHandler - Using 'text/plain;charset=UTF-8' given [text/plain, application/json, application/x-jackson-smile, application/*+json, */*] and supported [text/plain;charset=UTF-8, text/event-stream, text/plain;charset=UTF-8, */*]
14:07:35.758 [XNIO-12 I/O-4] DEBUG o.s.w.r.r.m.a.ResponseBodyResultHandler - [4803b493] 0..1 [java.lang.String]
14:07:35.758 [XNIO-12 I/O-4] DEBUG o.s.c.c.CharSequenceEncoder - [4803b493] Writing "Recovered from error: IO"
14:07:35.758 [XNIO-12 I/O-4] DEBUG o.s.w.s.a.HttpWebHandlerAdapter - [4803b493] Completed 200 OK
14:07:35.758 [Test worker] DEBUG o.s.w.c.RestTemplate - Response 200 OK
14:07:35.759 [Test worker] DEBUG o.s.w.c.RestTemplate - Reading to [java.lang.String] as "text/plain;charset=UTF-8"
14:07:35.759 [Test worker] DEBUG o.s.w.t.h.s.r.b.UndertowHttpServer - Stopping UndertowHttpServer...
14:07:35.759 [Test worker] INFO  i.undertow - stopping server: Undertow - 2.1.3.Final
14:07:35.761 [Test worker] DEBUG o.s.w.t.h.s.r.b.UndertowHttpServer - Server stopped (0 millis).
14:07:35.924 [Test worker] DEBUG o.s.w.r.r.m.a.RequestMappingHandlerMapping - 6 mappings in 'requestMappingHandlerMapping'
14:07:35.993 [Test worker] DEBUG o.s.w.r.r.m.a.ControllerMethodResolver - ControllerAdvice beans: none
14:07:36.078 [Test worker] DEBUG o.s.w.s.a.HttpWebHandlerAdapter - enableLoggingRequestDetails='false': form data and headers will be masked to prevent unsafe logging of potentially sensitive data
14:07:36.079 [Test worker] WARN  o.e.j.s.h.ContextHandler - Empty contextPath
14:07:36.079 [Test worker] INFO  o.e.j.s.h.ContextHandler - Started o.e.j.s.ServletContextHandler@14035d8{/,null,AVAILABLE}
14:07:36.079 [Test worker] DEBUG o.s.w.t.h.s.r.b.JettyHttpServer - Starting JettyHttpServer...
14:07:36.079 [Test worker] INFO  o.e.j.s.Server - jetty-9.4.30.v20200611; built: 2020-06-11T12:34:51.929Z; git: 271836e4c1f4612f12b7bb13ef5a92a927634b0d; jvm 1.8.0_73-b02
14:07:36.084 [Test worker] INFO  o.e.j.s.AbstractConnector - Started ServerConnector@5595b175{HTTP/1.1, (http/1.1)}{0.0.0.0:60737}
14:07:36.084 [Test worker] INFO  o.e.j.s.Server - Started @55808ms
14:07:36.085 [Test worker] DEBUG o.s.w.t.h.s.r.b.JettyHttpServer - Server started on port 60737(0 millis).
14:07:36.086 [Test worker] DEBUG o.s.w.c.RestTemplate - HTTP GET http://localhost:60737/SPR-16318
14:07:36.086 [Test worker] DEBUG o.s.w.c.RestTemplate - Accept=[text/plain, application/json, application/x-jackson-smile, application/*+json, */*]
14:07:36.090 [qtp1086922881-547] DEBUG o.s.w.s.a.HttpWebHandlerAdapter - [68e794f8] HTTP GET "/SPR-16318"
14:07:36.090 [qtp1086922881-547] DEBUG o.s.w.r.r.m.a.RequestMappingHandlerMapping - [68e794f8] Mapped to org.springframework.web.reactive.result.method.annotation.RequestMappingExceptionHandlingIntegrationTests$TestController#handleTextPlain()
14:07:36.091 [qtp1086922881-547] DEBUG o.s.w.r.r.m.a.ResponseBodyResultHandler - Using 'text/plain' given [text/plain, application/problem+json] and supported [text/plain]
14:07:36.092 [qtp1086922881-547] DEBUG o.s.w.r.r.m.a.ResponseBodyResultHandler - [68e794f8] 0..1 [java.lang.String]
14:07:36.092 [qtp1086922881-547] DEBUG o.s.w.r.r.m.a.RequestMappingHandlerAdapter - [68e794f8] Using @ExceptionHandler org.springframework.web.reactive.result.method.annotation.RequestMappingExceptionHandlingIntegrationTests$TestController#handle(Spr16318Exception)
14:07:36.097 [qtp1086922881-547] DEBUG o.s.w.r.r.m.a.ResponseEntityResultHandler - Using 'application/problem+json' given [text/plain, application/problem+json] and supported [application/json, application/*+json, application/x-jackson-smile, application/*+x-jackson-smile, text/event-stream]
14:07:36.097 [qtp1086922881-547] DEBUG o.s.w.r.r.m.a.ResponseEntityResultHandler - [68e794f8] 0..1 [java.util.Map<java.lang.String, java.lang.String>]
14:07:36.102 [qtp1086922881-547] DEBUG o.s.h.c.j.Jackson2JsonEncoder - [68e794f8] Encoding [{reason=error}]
14:07:36.104 [qtp1086922881-547] DEBUG o.s.w.s.a.HttpWebHandlerAdapter - [68e794f8] Completed 500 INTERNAL_SERVER_ERROR
14:07:36.104 [Test worker] DEBUG o.s.w.c.RestTemplate - Response 500 INTERNAL_SERVER_ERROR
14:07:36.109 [Test worker] DEBUG o.s.w.t.h.s.r.b.JettyHttpServer - Stopping JettyHttpServer...
14:07:36.109 [Test worker] INFO  o.e.j.s.h.ContextHandler - Stopped o.e.j.s.ServletContextHandler@14035d8{/,null,UNAVAILABLE}
14:07:36.110 [Test worker] INFO  o.e.j.s.AbstractConnector - Stopped ServerConnector@5595b175{HTTP/1.1, (http/1.1)}{0.0.0.0:0}
14:07:36.121 [Test worker] DEBUG o.s.w.t.h.s.r.b.JettyHttpServer - Server stopped (0 millis).
14:07:36.279 [Test worker] DEBUG o.s.w.r.r.m.a.RequestMappingHandlerMapping - 6 mappings in 'requestMappingHandlerMapping'
14:07:36.353 [Test worker] DEBUG o.s.w.r.r.m.a.ControllerMethodResolver - ControllerAdvice beans: none
14:07:36.468 [Test worker] DEBUG o.s.w.s.a.HttpWebHandlerAdapter - enableLoggingRequestDetails='false': form data and headers will be masked to prevent unsafe logging of potentially sensitive data
14:07:36.468 [Test worker] DEBUG o.s.w.t.h.s.r.b.ReactorHttpServer - Starting ReactorHttpServer...
14:07:36.469 [Test worker] DEBUG o.s.w.t.h.s.r.b.ReactorHttpServer - Server started on port 60744(0 millis).
14:07:36.469 [Test worker] DEBUG o.s.w.c.RestTemplate - HTTP GET http://localhost:60744/SPR-16318
14:07:36.470 [Test worker] DEBUG o.s.w.c.RestTemplate - Accept=[text/plain, application/json, application/x-jackson-smile, application/*+json, */*]
14:07:36.473 [reactor-http-nio-2] DEBUG o.s.w.s.a.HttpWebHandlerAdapter - [936bec69-13] HTTP GET "/SPR-16318"
14:07:36.474 [reactor-http-nio-2] DEBUG o.s.w.r.r.m.a.RequestMappingHandlerMapping - [936bec69-13] Mapped to org.springframework.web.reactive.result.method.annotation.RequestMappingExceptionHandlingIntegrationTests$TestController#handleTextPlain()
14:07:36.475 [reactor-http-nio-2] DEBUG o.s.w.r.r.m.a.ResponseBodyResultHandler - Using 'text/plain' given [text/plain, application/problem+json] and supported [text/plain]
14:07:36.475 [reactor-http-nio-2] DEBUG o.s.w.r.r.m.a.ResponseBodyResultHandler - [936bec69-13] 0..1 [java.lang.String]
14:07:36.475 [reactor-http-nio-2] DEBUG o.s.w.r.r.m.a.RequestMappingHandlerAdapter - [936bec69-13] Using @ExceptionHandler org.springframework.web.reactive.result.method.annotation.RequestMappingExceptionHandlingIntegrationTests$TestController#handle(Spr16318Exception)
14:07:36.476 [reactor-http-nio-2] DEBUG o.s.w.r.r.m.a.ResponseEntityResultHandler - Using 'application/problem+json' given [text/plain, application/problem+json] and supported [application/json, application/*+json, application/x-jackson-smile, application/*+x-jackson-smile, text/event-stream]
14:07:36.476 [reactor-http-nio-2] DEBUG o.s.w.r.r.m.a.ResponseEntityResultHandler - [936bec69-13] 0..1 [java.util.Map<java.lang.String, java.lang.String>]
14:07:36.476 [reactor-http-nio-2] DEBUG o.s.h.c.j.Jackson2JsonEncoder - [936bec69-13] Encoding [{reason=error}]
14:07:36.478 [reactor-http-nio-2] DEBUG o.s.w.s.a.HttpWebHandlerAdapter - [936bec69-13] Completed 500 INTERNAL_SERVER_ERROR
14:07:36.478 [Test worker] DEBUG o.s.w.c.RestTemplate - Response 500 INTERNAL_SERVER_ERROR
14:07:36.479 [Test worker] DEBUG o.s.w.t.h.s.r.b.ReactorHttpServer - Stopping ReactorHttpServer...
14:07:36.479 [Test worker] DEBUG o.s.w.t.h.s.r.b.ReactorHttpServer - Server stopped (0 millis).
14:07:36.607 [Test worker] DEBUG o.s.w.r.r.m.a.RequestMappingHandlerMapping - 6 mappings in 'requestMappingHandlerMapping'
14:07:36.696 [Test worker] DEBUG o.s.w.r.r.m.a.ControllerMethodResolver - ControllerAdvice beans: none
14:07:36.756 [Test worker] DEBUG o.s.w.s.a.HttpWebHandlerAdapter - enableLoggingRequestDetails='false': form data and headers will be masked to prevent unsafe logging of potentially sensitive data
14:07:36.757 [Test worker] DEBUG o.s.w.t.h.s.r.b.TomcatHttpServer - Starting TomcatHttpServer...
14:07:36.786 [Test worker] DEBUG o.s.w.t.h.s.r.b.TomcatHttpServer - Server started on port 60754(0 millis).
14:07:36.786 [Test worker] DEBUG o.s.w.c.RestTemplate - HTTP GET http://localhost:60754/SPR-16318
14:07:36.786 [Test worker] DEBUG o.s.w.c.RestTemplate - Accept=[text/plain, application/json, application/x-jackson-smile, application/*+json, */*]
14:07:36.791 [http-nio-auto-13-exec-1] DEBUG o.s.w.s.a.HttpWebHandlerAdapter - [5280341d] HTTP GET "/SPR-16318"
14:07:36.792 [http-nio-auto-13-exec-1] DEBUG o.s.w.r.r.m.a.RequestMappingHandlerMapping - [5280341d] Mapped to org.springframework.web.reactive.result.method.annotation.RequestMappingExceptionHandlingIntegrationTests$TestController#handleTextPlain()
14:07:36.793 [http-nio-auto-13-exec-1] DEBUG o.s.w.r.r.m.a.ResponseBodyResultHandler - Using 'text/plain' given [text/plain, application/problem+json] and supported [text/plain]
14:07:36.793 [http-nio-auto-13-exec-1] DEBUG o.s.w.r.r.m.a.ResponseBodyResultHandler - [5280341d] 0..1 [java.lang.String]
14:07:36.793 [http-nio-auto-13-exec-1] DEBUG o.s.w.r.r.m.a.RequestMappingHandlerAdapter - [5280341d] Using @ExceptionHandler org.springframework.web.reactive.result.method.annotation.RequestMappingExceptionHandlingIntegrationTests$TestController#handle(Spr16318Exception)
14:07:36.794 [http-nio-auto-13-exec-1] DEBUG o.s.w.r.r.m.a.ResponseEntityResultHandler - Using 'application/problem+json' given [text/plain, application/problem+json] and supported [application/json, application/*+json, application/x-jackson-smile, application/*+x-jackson-smile, text/event-stream]
14:07:36.794 [http-nio-auto-13-exec-1] DEBUG o.s.w.r.r.m.a.ResponseEntityResultHandler - [5280341d] 0..1 [java.util.Map<java.lang.String, java.lang.String>]
14:07:36.794 [http-nio-auto-13-exec-1] DEBUG o.s.h.c.j.Jackson2JsonEncoder - [5280341d] Encoding [{reason=error}]
14:07:36.796 [http-nio-auto-13-exec-1] DEBUG o.s.w.s.a.HttpWebHandlerAdapter - [5280341d] Completed 500 INTERNAL_SERVER_ERROR
14:07:36.797 [Test worker] DEBUG o.s.w.c.RestTemplate - Response 500 INTERNAL_SERVER_ERROR
14:07:36.799 [Test worker] DEBUG o.s.w.t.h.s.r.b.TomcatHttpServer - Stopping TomcatHttpServer...
14:07:36.808 [Test worker] DEBUG o.s.w.t.h.s.r.b.TomcatHttpServer - Server stopped (0 millis).
14:07:36.949 [Test worker] DEBUG o.s.w.r.r.m.a.RequestMappingHandlerMapping - 6 mappings in 'requestMappingHandlerMapping'
14:07:37.052 [Test worker] DEBUG o.s.w.r.r.m.a.ControllerMethodResolver - ControllerAdvice beans: none
14:07:37.086 [Test worker] DEBUG o.s.w.s.a.HttpWebHandlerAdapter - enableLoggingRequestDetails='false': form data and headers will be masked to prevent unsafe logging of potentially sensitive data
14:07:37.086 [Test worker] DEBUG o.s.w.t.h.s.r.b.UndertowHttpServer - Starting UndertowHttpServer...
14:07:37.086 [Test worker] INFO  i.undertow - starting server: Undertow - 2.1.3.Final
14:07:37.133 [Test worker] DEBUG o.s.w.t.h.s.r.b.UndertowHttpServer - Server started on port 60761(0 millis).
14:07:37.133 [Test worker] DEBUG o.s.w.c.RestTemplate - HTTP GET http://localhost:60761/SPR-16318
14:07:37.134 [Test worker] DEBUG o.s.w.c.RestTemplate - Accept=[text/plain, application/json, application/x-jackson-smile, application/*+json, */*]
14:07:37.137 [XNIO-13 I/O-7] DEBUG o.s.w.s.a.HttpWebHandlerAdapter - [2d2a146b] HTTP GET "/SPR-16318"
14:07:37.138 [XNIO-13 I/O-7] DEBUG o.s.w.r.r.m.a.RequestMappingHandlerMapping - [2d2a146b] Mapped to org.springframework.web.reactive.result.method.annotation.RequestMappingExceptionHandlingIntegrationTests$TestController#handleTextPlain()
14:07:37.139 [XNIO-13 I/O-7] DEBUG o.s.w.r.r.m.a.ResponseBodyResultHandler - Using 'text/plain' given [text/plain, application/problem+json] and supported [text/plain]
14:07:37.139 [XNIO-13 I/O-7] DEBUG o.s.w.r.r.m.a.ResponseBodyResultHandler - [2d2a146b] 0..1 [java.lang.String]
14:07:37.139 [XNIO-13 I/O-7] DEBUG o.s.w.r.r.m.a.RequestMappingHandlerAdapter - [2d2a146b] Using @ExceptionHandler org.springframework.web.reactive.result.method.annotation.RequestMappingExceptionHandlingIntegrationTests$TestController#handle(Spr16318Exception)
14:07:37.140 [XNIO-13 I/O-7] DEBUG o.s.w.r.r.m.a.ResponseEntityResultHandler - Using 'application/problem+json' given [text/plain, application/problem+json] and supported [application/json, application/*+json, application/x-jackson-smile, application/*+x-jackson-smile, text/event-stream]
14:07:37.140 [XNIO-13 I/O-7] DEBUG o.s.w.r.r.m.a.ResponseEntityResultHandler - [2d2a146b] 0..1 [java.util.Map<java.lang.String, java.lang.String>]
14:07:37.140 [XNIO-13 I/O-7] DEBUG o.s.h.c.j.Jackson2JsonEncoder - [2d2a146b] Encoding [{reason=error}]
14:07:37.141 [XNIO-13 I/O-7] DEBUG o.s.w.s.a.HttpWebHandlerAdapter - [2d2a146b] Completed 500 INTERNAL_SERVER_ERROR
14:07:37.141 [Test worker] DEBUG o.s.w.c.RestTemplate - Response 500 INTERNAL_SERVER_ERROR
14:07:37.142 [Test worker] DEBUG o.s.w.t.h.s.r.b.UndertowHttpServer - Stopping UndertowHttpServer...
14:07:37.142 [Test worker] INFO  i.undertow - stopping server: Undertow - 2.1.3.Final
14:07:37.143 [Test worker] DEBUG o.s.w.t.h.s.r.b.UndertowHttpServer - Server stopped (0 millis).
14:07:37.265 [Test worker] DEBUG o.s.w.r.r.m.a.RequestMappingHandlerMapping - 6 mappings in 'requestMappingHandlerMapping'
14:07:37.354 [Test worker] DEBUG o.s.w.r.r.m.a.ControllerMethodResolver - ControllerAdvice beans: none
14:07:37.417 [Test worker] DEBUG o.s.w.s.a.HttpWebHandlerAdapter - enableLoggingRequestDetails='false': form data and headers will be masked to prevent unsafe logging of potentially sensitive data
14:07:37.417 [Test worker] WARN  o.e.j.s.h.ContextHandler - Empty contextPath
14:07:37.417 [Test worker] INFO  o.e.j.s.h.ContextHandler - Started o.e.j.s.ServletContextHandler@37df3cc8{/,null,AVAILABLE}
14:07:37.418 [Test worker] DEBUG o.s.w.t.h.s.r.b.JettyHttpServer - Starting JettyHttpServer...
14:07:37.418 [Test worker] INFO  o.e.j.s.Server - jetty-9.4.30.v20200611; built: 2020-06-11T12:34:51.929Z; git: 271836e4c1f4612f12b7bb13ef5a92a927634b0d; jvm 1.8.0_73-b02
14:07:37.426 [Test worker] INFO  o.e.j.s.AbstractConnector - Started ServerConnector@7c41d01{HTTP/1.1, (http/1.1)}{0.0.0.0:60768}
14:07:37.426 [Test worker] INFO  o.e.j.s.Server - Started @57150ms
14:07:37.426 [Test worker] DEBUG o.s.w.t.h.s.r.b.JettyHttpServer - Server started on port 60768(0 millis).
14:07:37.426 [Test worker] DEBUG o.s.w.c.RestTemplate - HTTP GET http://localhost:60768/thrown-exception
14:07:37.427 [Test worker] DEBUG o.s.w.c.RestTemplate - Accept=[text/plain, application/json, application/x-jackson-smile, application/*+json, */*]
14:07:37.430 [qtp335342566-580] DEBUG o.s.w.s.a.HttpWebHandlerAdapter - [1b72468e] HTTP GET "/thrown-exception"
14:07:37.431 [qtp335342566-580] DEBUG o.s.w.r.r.m.a.RequestMappingHandlerMapping - [1b72468e] Mapped to org.springframework.web.reactive.result.method.annotation.RequestMappingExceptionHandlingIntegrationTests$TestController#handleAndThrowException()
14:07:37.432 [qtp335342566-580] DEBUG o.s.w.r.r.m.a.RequestMappingHandlerAdapter - [1b72468e] Using @ExceptionHandler org.springframework.web.reactive.result.method.annotation.RequestMappingExceptionHandlingIntegrationTests$TestController#handleStateException(IllegalStateException)
14:07:37.432 [qtp335342566-580] DEBUG o.s.w.r.r.m.a.ResponseEntityResultHandler - Using 'text/plain;charset=UTF-8' given [text/plain, application/json, application/x-jackson-smile, application/*+json, */*] and supported [text/plain;charset=UTF-8, text/event-stream, text/plain;charset=UTF-8, */*]
14:07:37.432 [qtp335342566-580] DEBUG o.s.w.r.r.m.a.ResponseEntityResultHandler - [1b72468e] 0..1 [java.lang.String]
14:07:37.433 [qtp335342566-580] DEBUG o.s.c.c.CharSequenceEncoder - [1b72468e] Writing "Recovered from error: State"
14:07:37.433 [qtp335342566-580] DEBUG o.s.w.s.a.HttpWebHandlerAdapter - [1b72468e] Completed 200 OK
14:07:37.433 [Test worker] DEBUG o.s.w.c.RestTemplate - Response 200 OK
14:07:37.434 [Test worker] DEBUG o.s.w.c.RestTemplate - Reading to [java.lang.String] as "text/plain;charset=utf-8"
14:07:37.434 [Test worker] DEBUG o.s.w.t.h.s.r.b.JettyHttpServer - Stopping JettyHttpServer...
14:07:37.434 [Test worker] INFO  o.e.j.s.h.ContextHandler - Stopped o.e.j.s.ServletContextHandler@37df3cc8{/,null,UNAVAILABLE}
14:07:37.436 [Test worker] INFO  o.e.j.s.AbstractConnector - Stopped ServerConnector@7c41d01{HTTP/1.1, (http/1.1)}{0.0.0.0:0}
14:07:37.446 [Test worker] DEBUG o.s.w.t.h.s.r.b.JettyHttpServer - Server stopped (0 millis).
14:07:37.592 [Test worker] DEBUG o.s.w.r.r.m.a.RequestMappingHandlerMapping - 6 mappings in 'requestMappingHandlerMapping'
14:07:37.684 [Test worker] DEBUG o.s.w.r.r.m.a.ControllerMethodResolver - ControllerAdvice beans: none
14:07:37.757 [Test worker] DEBUG o.s.w.s.a.HttpWebHandlerAdapter - enableLoggingRequestDetails='false': form data and headers will be masked to prevent unsafe logging of potentially sensitive data
14:07:37.757 [Test worker] DEBUG o.s.w.t.h.s.r.b.ReactorHttpServer - Starting ReactorHttpServer...
14:07:37.758 [Test worker] DEBUG o.s.w.t.h.s.r.b.ReactorHttpServer - Server started on port 60775(0 millis).
14:07:37.758 [Test worker] DEBUG o.s.w.c.RestTemplate - HTTP GET http://localhost:60775/thrown-exception
14:07:37.758 [Test worker] DEBUG o.s.w.c.RestTemplate - Accept=[text/plain, application/json, application/x-jackson-smile, application/*+json, */*]
14:07:37.761 [reactor-http-nio-4] DEBUG o.s.w.s.a.HttpWebHandlerAdapter - [3cd1f2ed-14] HTTP GET "/thrown-exception"
14:07:37.761 [reactor-http-nio-4] DEBUG o.s.w.r.r.m.a.RequestMappingHandlerMapping - [3cd1f2ed-14] Mapped to org.springframework.web.reactive.result.method.annotation.RequestMappingExceptionHandlingIntegrationTests$TestController#handleAndThrowException()
14:07:37.762 [reactor-http-nio-4] DEBUG o.s.w.r.r.m.a.RequestMappingHandlerAdapter - [3cd1f2ed-14] Using @ExceptionHandler org.springframework.web.reactive.result.method.annotation.RequestMappingExceptionHandlingIntegrationTests$TestController#handleStateException(IllegalStateException)
14:07:37.763 [reactor-http-nio-4] DEBUG o.s.w.r.r.m.a.ResponseEntityResultHandler - Using 'text/plain;charset=UTF-8' given [text/plain, application/json, application/x-jackson-smile, application/*+json, */*] and supported [text/plain;charset=UTF-8, text/event-stream, text/plain;charset=UTF-8, */*]
14:07:37.763 [reactor-http-nio-4] DEBUG o.s.w.r.r.m.a.ResponseEntityResultHandler - [3cd1f2ed-14] 0..1 [java.lang.String]
14:07:37.763 [reactor-http-nio-4] DEBUG o.s.c.c.CharSequenceEncoder - [3cd1f2ed-14] Writing "Recovered from error: State"
14:07:37.764 [Test worker] DEBUG o.s.w.c.RestTemplate - Response 200 OK
14:07:37.764 [reactor-http-nio-4] DEBUG o.s.w.s.a.HttpWebHandlerAdapter - [3cd1f2ed-14] Completed 200 OK
14:07:37.764 [Test worker] DEBUG o.s.w.c.RestTemplate - Reading to [java.lang.String] as "text/plain;charset=UTF-8"
14:07:37.765 [Test worker] DEBUG o.s.w.t.h.s.r.b.ReactorHttpServer - Stopping ReactorHttpServer...
14:07:37.765 [Test worker] DEBUG o.s.w.t.h.s.r.b.ReactorHttpServer - Server stopped (0 millis).
14:07:37.904 [Test worker] DEBUG o.s.w.r.r.m.a.RequestMappingHandlerMapping - 6 mappings in 'requestMappingHandlerMapping'
14:07:37.987 [Test worker] DEBUG o.s.w.r.r.m.a.ControllerMethodResolver - ControllerAdvice beans: none
14:07:38.040 [Test worker] DEBUG o.s.w.s.a.HttpWebHandlerAdapter - enableLoggingRequestDetails='false': form data and headers will be masked to prevent unsafe logging of potentially sensitive data
14:07:38.040 [Test worker] DEBUG o.s.w.t.h.s.r.b.TomcatHttpServer - Starting TomcatHttpServer...
14:07:38.064 [Test worker] DEBUG o.s.w.t.h.s.r.b.TomcatHttpServer - Server started on port 60777(0 millis).
14:07:38.064 [Test worker] DEBUG o.s.w.c.RestTemplate - HTTP GET http://localhost:60777/thrown-exception
14:07:38.064 [Test worker] DEBUG o.s.w.c.RestTemplate - Accept=[text/plain, application/json, application/x-jackson-smile, application/*+json, */*]
14:07:38.070 [http-nio-auto-14-exec-1] DEBUG o.s.w.s.a.HttpWebHandlerAdapter - [6bc1a98b] HTTP GET "/thrown-exception"
14:07:38.070 [http-nio-auto-14-exec-1] DEBUG o.s.w.r.r.m.a.RequestMappingHandlerMapping - [6bc1a98b] Mapped to org.springframework.web.reactive.result.method.annotation.RequestMappingExceptionHandlingIntegrationTests$TestController#handleAndThrowException()
14:07:38.071 [http-nio-auto-14-exec-1] DEBUG o.s.w.r.r.m.a.RequestMappingHandlerAdapter - [6bc1a98b] Using @ExceptionHandler org.springframework.web.reactive.result.method.annotation.RequestMappingExceptionHandlingIntegrationTests$TestController#handleStateException(IllegalStateException)
14:07:38.072 [http-nio-auto-14-exec-1] DEBUG o.s.w.r.r.m.a.ResponseEntityResultHandler - Using 'text/plain;charset=UTF-8' given [text/plain, application/json, application/x-jackson-smile, application/*+json, */*] and supported [text/plain;charset=UTF-8, text/event-stream, text/plain;charset=UTF-8, */*]
14:07:38.072 [http-nio-auto-14-exec-1] DEBUG o.s.w.r.r.m.a.ResponseEntityResultHandler - [6bc1a98b] 0..1 [java.lang.String]
14:07:38.072 [http-nio-auto-14-exec-1] DEBUG o.s.c.c.CharSequenceEncoder - [6bc1a98b] Writing "Recovered from error: State"
14:07:38.073 [http-nio-auto-14-exec-1] DEBUG o.s.w.s.a.HttpWebHandlerAdapter - [6bc1a98b] Completed 200 OK
14:07:38.073 [Test worker] DEBUG o.s.w.c.RestTemplate - Response 200 OK
14:07:38.073 [Test worker] DEBUG o.s.w.c.RestTemplate - Reading to [java.lang.String] as "text/plain;charset=UTF-8"
14:07:38.074 [Test worker] DEBUG o.s.w.t.h.s.r.b.TomcatHttpServer - Stopping TomcatHttpServer...
14:07:38.089 [Test worker] DEBUG o.s.w.t.h.s.r.b.TomcatHttpServer - Server stopped (0 millis).
14:07:38.323 [Test worker] DEBUG o.s.w.r.r.m.a.RequestMappingHandlerMapping - 6 mappings in 'requestMappingHandlerMapping'
14:07:38.417 [Test worker] DEBUG o.s.w.r.r.m.a.ControllerMethodResolver - ControllerAdvice beans: none
14:07:38.466 [Test worker] DEBUG o.s.w.s.a.HttpWebHandlerAdapter - enableLoggingRequestDetails='false': form data and headers will be masked to prevent unsafe logging of potentially sensitive data
14:07:38.466 [Test worker] DEBUG o.s.w.t.h.s.r.b.UndertowHttpServer - Starting UndertowHttpServer...
14:07:38.466 [Test worker] INFO  i.undertow - starting server: Undertow - 2.1.3.Final
14:07:38.510 [Test worker] DEBUG o.s.w.t.h.s.r.b.UndertowHttpServer - Server started on port 60780(0 millis).
14:07:38.511 [Test worker] DEBUG o.s.w.c.RestTemplate - HTTP GET http://localhost:60780/thrown-exception
14:07:38.511 [Test worker] DEBUG o.s.w.c.RestTemplate - Accept=[text/plain, application/json, application/x-jackson-smile, application/*+json, */*]
14:07:38.513 [XNIO-14 I/O-6] DEBUG o.s.w.s.a.HttpWebHandlerAdapter - [2673edcb] HTTP GET "/thrown-exception"
14:07:38.514 [XNIO-14 I/O-6] DEBUG o.s.w.r.r.m.a.RequestMappingHandlerMapping - [2673edcb] Mapped to org.springframework.web.reactive.result.method.annotation.RequestMappingExceptionHandlingIntegrationTests$TestController#handleAndThrowException()
14:07:38.515 [XNIO-14 I/O-6] DEBUG o.s.w.r.r.m.a.RequestMappingHandlerAdapter - [2673edcb] Using @ExceptionHandler org.springframework.web.reactive.result.method.annotation.RequestMappingExceptionHandlingIntegrationTests$TestController#handleStateException(IllegalStateException)
14:07:38.516 [XNIO-14 I/O-6] DEBUG o.s.w.r.r.m.a.ResponseEntityResultHandler - Using 'text/plain;charset=UTF-8' given [text/plain, application/json, application/x-jackson-smile, application/*+json, */*] and supported [text/plain;charset=UTF-8, text/event-stream, text/plain;charset=UTF-8, */*]
14:07:38.516 [XNIO-14 I/O-6] DEBUG o.s.w.r.r.m.a.ResponseEntityResultHandler - [2673edcb] 0..1 [java.lang.String]
14:07:38.516 [XNIO-14 I/O-6] DEBUG o.s.c.c.CharSequenceEncoder - [2673edcb] Writing "Recovered from error: State"
14:07:38.516 [XNIO-14 I/O-6] DEBUG o.s.w.s.a.HttpWebHandlerAdapter - [2673edcb] Completed 200 OK
14:07:38.516 [Test worker] DEBUG o.s.w.c.RestTemplate - Response 200 OK
14:07:38.517 [Test worker] DEBUG o.s.w.c.RestTemplate - Reading to [java.lang.String] as "text/plain;charset=UTF-8"
14:07:38.517 [Test worker] DEBUG o.s.w.t.h.s.r.b.UndertowHttpServer - Stopping UndertowHttpServer...
14:07:38.517 [Test worker] INFO  i.undertow - stopping server: Undertow - 2.1.3.Final
14:07:38.518 [Test worker] DEBUG o.s.w.t.h.s.r.b.UndertowHttpServer - Server stopped (0 millis).
14:07:38.679 [Test worker] DEBUG o.s.w.r.r.m.a.RequestMappingHandlerMapping - 6 mappings in 'requestMappingHandlerMapping'
14:07:38.768 [Test worker] DEBUG o.s.w.r.r.m.a.ControllerMethodResolver - ControllerAdvice beans: none
14:07:38.825 [Test worker] DEBUG o.s.w.s.a.HttpWebHandlerAdapter - enableLoggingRequestDetails='false': form data and headers will be masked to prevent unsafe logging of potentially sensitive data
14:07:38.825 [Test worker] WARN  o.e.j.s.h.ContextHandler - Empty contextPath
14:07:38.825 [Test worker] INFO  o.e.j.s.h.ContextHandler - Started o.e.j.s.ServletContextHandler@1e3b82ec{/,null,AVAILABLE}
14:07:38.826 [Test worker] DEBUG o.s.w.t.h.s.r.b.JettyHttpServer - Starting JettyHttpServer...
14:07:38.826 [Test worker] INFO  o.e.j.s.Server - jetty-9.4.30.v20200611; built: 2020-06-11T12:34:51.929Z; git: 271836e4c1f4612f12b7bb13ef5a92a927634b0d; jvm 1.8.0_73-b02
14:07:38.829 [Test worker] INFO  o.e.j.s.AbstractConnector - Started ServerConnector@1949f1dd{HTTP/1.1, (http/1.1)}{0.0.0.0:60782}
14:07:38.830 [Test worker] INFO  o.e.j.s.Server - Started @58553ms
14:07:38.830 [Test worker] DEBUG o.s.w.t.h.s.r.b.JettyHttpServer - Server started on port 60782(0 millis).
14:07:38.830 [Test worker] DEBUG o.s.w.c.RestTemplate - HTTP GET http://localhost:60782/SPR-16051
14:07:38.831 [Test worker] DEBUG o.s.w.c.RestTemplate - Accept=[text/plain, application/json, application/x-jackson-smile, application/*+json, */*]
14:07:38.834 [qtp1641661627-613] DEBUG o.s.w.s.a.HttpWebHandlerAdapter - [6e891376] HTTP GET "/SPR-16051"
14:07:38.835 [qtp1641661627-613] DEBUG o.s.w.r.r.m.a.RequestMappingHandlerMapping - [6e891376] Mapped to org.springframework.web.reactive.result.method.annotation.RequestMappingExceptionHandlingIntegrationTests$TestController#errors()
14:07:38.836 [qtp1641661627-613] DEBUG o.s.w.r.r.m.a.ResponseBodyResultHandler - Using 'text/plain;charset=UTF-8' given [text/plain, application/json, application/x-jackson-smile, application/*+json, */*] and supported [text/plain;charset=UTF-8, text/event-stream, text/plain;charset=UTF-8, */*]
14:07:38.837 [qtp1641661627-613] DEBUG o.s.w.r.r.m.a.ResponseBodyResultHandler - [6e891376] 0..N [java.lang.String]
14:07:38.838 [qtp1641661627-613] DEBUG o.s.c.c.CharSequenceEncoder - [6e891376] Writing "1. foo bar"
14:07:38.838 [qtp1641661627-613] DEBUG o.s.c.c.CharSequenceEncoder - [6e891376] Writing "2. foo bar"
14:07:38.838 [Test worker] DEBUG o.s.w.c.RestTemplate - Response 200 OK
14:07:38.838 [qtp1641661627-613] DEBUG o.s.c.c.CharSequenceEncoder - [6e891376] Writing "3. foo bar"
14:07:38.839 [Test worker] DEBUG o.s.w.c.RestTemplate - Reading to [java.lang.String] as "text/plain;charset=utf-8"
14:07:38.839 [qtp1641661627-613] DEBUG o.s.c.c.CharSequenceEncoder - [6e891376] Writing "4. foo bar"
14:07:38.839 [qtp1641661627-613] DEBUG o.s.c.c.CharSequenceEncoder - [6e891376] Writing "5. foo bar"
14:07:38.839 [qtp1641661627-613] DEBUG o.s.c.c.CharSequenceEncoder - [6e891376] Writing "6. foo bar"
14:07:38.839 [qtp1641661627-613] DEBUG o.s.c.c.CharSequenceEncoder - [6e891376] Writing "7. foo bar"
14:07:38.839 [qtp1641661627-613] DEBUG o.s.c.c.CharSequenceEncoder - [6e891376] Writing "8. foo bar"
14:07:38.840 [qtp1641661627-613] DEBUG o.s.c.c.CharSequenceEncoder - [6e891376] Writing "9. foo bar"
14:07:38.840 [qtp1641661627-613] DEBUG o.s.c.c.CharSequenceEncoder - [6e891376] Writing "10. foo bar"
14:07:38.840 [qtp1641661627-613] DEBUG o.s.c.c.CharSequenceEncoder - [6e891376] Writing "11. foo bar"
14:07:38.840 [qtp1641661627-613] DEBUG o.s.c.c.CharSequenceEncoder - [6e891376] Writing "12. foo bar"
14:07:38.841 [qtp1641661627-613] DEBUG o.s.c.c.CharSequenceEncoder - [6e891376] Writing "13. foo bar"
14:07:38.841 [qtp1641661627-613] DEBUG o.s.c.c.CharSequenceEncoder - [6e891376] Writing "14. foo bar"
14:07:38.841 [qtp1641661627-613] DEBUG o.s.c.c.CharSequenceEncoder - [6e891376] Writing "15. foo bar"
14:07:38.841 [qtp1641661627-613] DEBUG o.s.c.c.CharSequenceEncoder - [6e891376] Writing "16. foo bar"
14:07:38.842 [qtp1641661627-613] DEBUG o.s.c.c.CharSequenceEncoder - [6e891376] Writing "17. foo bar"
14:07:38.842 [qtp1641661627-613] DEBUG o.s.c.c.CharSequenceEncoder - [6e891376] Writing "18. foo bar"
14:07:38.842 [qtp1641661627-613] DEBUG o.s.c.c.CharSequenceEncoder - [6e891376] Writing "19. foo bar"
14:07:38.842 [qtp1641661627-613] DEBUG o.s.c.c.CharSequenceEncoder - [6e891376] Writing "20. foo bar"
14:07:38.842 [qtp1641661627-613] DEBUG o.s.c.c.CharSequenceEncoder - [6e891376] Writing "21. foo bar"
14:07:38.842 [qtp1641661627-613] DEBUG o.s.c.c.CharSequenceEncoder - [6e891376] Writing "22. foo bar"
14:07:38.843 [qtp1641661627-613] DEBUG o.s.c.c.CharSequenceEncoder - [6e891376] Writing "23. foo bar"
14:07:38.843 [qtp1641661627-613] DEBUG o.s.c.c.CharSequenceEncoder - [6e891376] Writing "24. foo bar"
14:07:38.843 [qtp1641661627-613] DEBUG o.s.c.c.CharSequenceEncoder - [6e891376] Writing "25. foo bar"
14:07:38.843 [qtp1641661627-613] DEBUG o.s.c.c.CharSequenceEncoder - [6e891376] Writing "26. foo bar"
14:07:38.843 [qtp1641661627-613] DEBUG o.s.c.c.CharSequenceEncoder - [6e891376] Writing "27. foo bar"
14:07:38.844 [qtp1641661627-613] DEBUG o.s.c.c.CharSequenceEncoder - [6e891376] Writing "28. foo bar"
14:07:38.844 [qtp1641661627-613] DEBUG o.s.c.c.CharSequenceEncoder - [6e891376] Writing "29. foo bar"
14:07:38.844 [qtp1641661627-613] DEBUG o.s.c.c.CharSequenceEncoder - [6e891376] Writing "30. foo bar"
14:07:38.844 [qtp1641661627-613] DEBUG o.s.c.c.CharSequenceEncoder - [6e891376] Writing "31. foo bar"
14:07:38.844 [qtp1641661627-613] DEBUG o.s.c.c.CharSequenceEncoder - [6e891376] Writing "32. foo bar"
14:07:38.845 [qtp1641661627-613] DEBUG o.s.c.c.CharSequenceEncoder - [6e891376] Writing "33. foo bar"
14:07:38.845 [qtp1641661627-613] DEBUG o.s.c.c.CharSequenceEncoder - [6e891376] Writing "34. foo bar"
14:07:38.845 [qtp1641661627-613] DEBUG o.s.c.c.CharSequenceEncoder - [6e891376] Writing "35. foo bar"
14:07:38.845 [qtp1641661627-613] DEBUG o.s.c.c.CharSequenceEncoder - [6e891376] Writing "36. foo bar"
14:07:38.846 [qtp1641661627-613] DEBUG o.s.c.c.CharSequenceEncoder - [6e891376] Writing "37. foo bar"
14:07:38.846 [qtp1641661627-613] DEBUG o.s.c.c.CharSequenceEncoder - [6e891376] Writing "38. foo bar"
14:07:38.846 [qtp1641661627-613] DEBUG o.s.c.c.CharSequenceEncoder - [6e891376] Writing "39. foo bar"
14:07:38.846 [qtp1641661627-613] DEBUG o.s.c.c.CharSequenceEncoder - [6e891376] Writing "40. foo bar"
14:07:38.846 [qtp1641661627-613] DEBUG o.s.c.c.CharSequenceEncoder - [6e891376] Writing "41. foo bar"
14:07:38.847 [qtp1641661627-613] DEBUG o.s.c.c.CharSequenceEncoder - [6e891376] Writing "42. foo bar"
14:07:38.847 [qtp1641661627-613] DEBUG o.s.c.c.CharSequenceEncoder - [6e891376] Writing "43. foo bar"
14:07:38.847 [qtp1641661627-613] DEBUG o.s.c.c.CharSequenceEncoder - [6e891376] Writing "44. foo bar"
14:07:38.847 [qtp1641661627-613] DEBUG o.s.c.c.CharSequenceEncoder - [6e891376] Writing "45. foo bar"
14:07:38.847 [qtp1641661627-613] DEBUG o.s.c.c.CharSequenceEncoder - [6e891376] Writing "46. foo bar"
14:07:38.848 [qtp1641661627-613] DEBUG o.s.c.c.CharSequenceEncoder - [6e891376] Writing "47. foo bar"
14:07:38.848 [qtp1641661627-613] DEBUG o.s.c.c.CharSequenceEncoder - [6e891376] Writing "48. foo bar"
14:07:38.848 [qtp1641661627-613] DEBUG o.s.c.c.CharSequenceEncoder - [6e891376] Writing "49. foo bar"
14:07:38.848 [qtp1641661627-613] DEBUG o.s.c.c.CharSequenceEncoder - [6e891376] Writing "50. foo bar"
14:07:38.848 [qtp1641661627-613] DEBUG o.s.c.c.CharSequenceEncoder - [6e891376] Writing "51. foo bar"
14:07:38.849 [qtp1641661627-613] DEBUG o.s.c.c.CharSequenceEncoder - [6e891376] Writing "52. foo bar"
14:07:38.849 [qtp1641661627-613] DEBUG o.s.c.c.CharSequenceEncoder - [6e891376] Writing "53. foo bar"
14:07:38.849 [qtp1641661627-613] DEBUG o.s.c.c.CharSequenceEncoder - [6e891376] Writing "54. foo bar"
14:07:38.849 [qtp1641661627-613] DEBUG o.s.c.c.CharSequenceEncoder - [6e891376] Writing "55. foo bar"
14:07:38.849 [qtp1641661627-613] DEBUG o.s.c.c.CharSequenceEncoder - [6e891376] Writing "56. foo bar"
14:07:38.849 [qtp1641661627-613] DEBUG o.s.c.c.CharSequenceEncoder - [6e891376] Writing "57. foo bar"
14:07:38.850 [qtp1641661627-613] DEBUG o.s.c.c.CharSequenceEncoder - [6e891376] Writing "58. foo bar"
14:07:38.850 [qtp1641661627-613] DEBUG o.s.c.c.CharSequenceEncoder - [6e891376] Writing "59. foo bar"
14:07:38.850 [qtp1641661627-613] DEBUG o.s.c.c.CharSequenceEncoder - [6e891376] Writing "60. foo bar"
14:07:38.850 [qtp1641661627-613] DEBUG o.s.c.c.CharSequenceEncoder - [6e891376] Writing "61. foo bar"
14:07:38.850 [qtp1641661627-613] DEBUG o.s.c.c.CharSequenceEncoder - [6e891376] Writing "62. foo bar"
14:07:38.851 [qtp1641661627-613] DEBUG o.s.c.c.CharSequenceEncoder - [6e891376] Writing "63. foo bar"
14:07:38.851 [qtp1641661627-613] DEBUG o.s.c.c.CharSequenceEncoder - [6e891376] Writing "64. foo bar"
14:07:38.851 [qtp1641661627-613] DEBUG o.s.c.c.CharSequenceEncoder - [6e891376] Writing "65. foo bar"
14:07:38.851 [qtp1641661627-613] DEBUG o.s.c.c.CharSequenceEncoder - [6e891376] Writing "66. foo bar"
14:07:38.851 [qtp1641661627-613] DEBUG o.s.c.c.CharSequenceEncoder - [6e891376] Writing "67. foo bar"
14:07:38.851 [qtp1641661627-613] DEBUG o.s.c.c.CharSequenceEncoder - [6e891376] Writing "68. foo bar"
14:07:38.852 [qtp1641661627-613] DEBUG o.s.c.c.CharSequenceEncoder - [6e891376] Writing "69. foo bar"
14:07:38.852 [qtp1641661627-613] DEBUG o.s.c.c.CharSequenceEncoder - [6e891376] Writing "70. foo bar"
14:07:38.852 [qtp1641661627-613] DEBUG o.s.c.c.CharSequenceEncoder - [6e891376] Writing "71. foo bar"
14:07:38.852 [qtp1641661627-613] DEBUG o.s.c.c.CharSequenceEncoder - [6e891376] Writing "72. foo bar"
14:07:38.852 [qtp1641661627-613] DEBUG o.s.c.c.CharSequenceEncoder - [6e891376] Writing "73. foo bar"
14:07:38.852 [qtp1641661627-613] DEBUG o.s.c.c.CharSequenceEncoder - [6e891376] Writing "74. foo bar"
14:07:38.853 [qtp1641661627-613] DEBUG o.s.c.c.CharSequenceEncoder - [6e891376] Writing "75. foo bar"
14:07:38.853 [qtp1641661627-613] DEBUG o.s.c.c.CharSequenceEncoder - [6e891376] Writing "76. foo bar"
14:07:38.853 [qtp1641661627-613] DEBUG o.s.c.c.CharSequenceEncoder - [6e891376] Writing "77. foo bar"
14:07:38.853 [qtp1641661627-613] DEBUG o.s.c.c.CharSequenceEncoder - [6e891376] Writing "78. foo bar"
14:07:38.853 [qtp1641661627-613] DEBUG o.s.c.c.CharSequenceEncoder - [6e891376] Writing "79. foo bar"
14:07:38.854 [qtp1641661627-613] DEBUG o.s.c.c.CharSequenceEncoder - [6e891376] Writing "80. foo bar"
14:07:38.854 [qtp1641661627-613] DEBUG o.s.c.c.CharSequenceEncoder - [6e891376] Writing "81. foo bar"
14:07:38.854 [qtp1641661627-613] DEBUG o.s.c.c.CharSequenceEncoder - [6e891376] Writing "82. foo bar"
14:07:38.854 [qtp1641661627-613] DEBUG o.s.c.c.CharSequenceEncoder - [6e891376] Writing "83. foo bar"
14:07:38.854 [qtp1641661627-613] DEBUG o.s.c.c.CharSequenceEncoder - [6e891376] Writing "84. foo bar"
14:07:38.854 [qtp1641661627-613] DEBUG o.s.c.c.CharSequenceEncoder - [6e891376] Writing "85. foo bar"
14:07:38.855 [qtp1641661627-613] DEBUG o.s.c.c.CharSequenceEncoder - [6e891376] Writing "86. foo bar"
14:07:38.855 [qtp1641661627-613] DEBUG o.s.c.c.CharSequenceEncoder - [6e891376] Writing "87. foo bar"
14:07:38.855 [qtp1641661627-613] DEBUG o.s.c.c.CharSequenceEncoder - [6e891376] Writing "88. foo bar"
14:07:38.855 [qtp1641661627-613] DEBUG o.s.c.c.CharSequenceEncoder - [6e891376] Writing "89. foo bar"
14:07:38.855 [qtp1641661627-613] DEBUG o.s.c.c.CharSequenceEncoder - [6e891376] Writing "90. foo bar"
14:07:38.855 [qtp1641661627-613] DEBUG o.s.c.c.CharSequenceEncoder - [6e891376] Writing "91. foo bar"
14:07:38.856 [qtp1641661627-613] DEBUG o.s.c.c.CharSequenceEncoder - [6e891376] Writing "92. foo bar"
14:07:38.856 [qtp1641661627-613] DEBUG o.s.c.c.CharSequenceEncoder - [6e891376] Writing "93. foo bar"
14:07:38.856 [qtp1641661627-613] DEBUG o.s.c.c.CharSequenceEncoder - [6e891376] Writing "94. foo bar"
14:07:38.856 [qtp1641661627-613] DEBUG o.s.c.c.CharSequenceEncoder - [6e891376] Writing "95. foo bar"
14:07:38.857 [qtp1641661627-613] DEBUG o.s.c.c.CharSequenceEncoder - [6e891376] Writing "96. foo bar"
14:07:38.857 [qtp1641661627-613] DEBUG o.s.c.c.CharSequenceEncoder - [6e891376] Writing "97. foo bar"
14:07:38.857 [qtp1641661627-613] DEBUG o.s.c.c.CharSequenceEncoder - [6e891376] Writing "98. foo bar"
14:07:38.858 [qtp1641661627-613] DEBUG o.s.c.c.CharSequenceEncoder - [6e891376] Writing "99. foo bar"
14:07:38.858 [qtp1641661627-613] DEBUG o.s.c.c.CharSequenceEncoder - [6e891376] Writing "100. foo bar"
14:07:38.858 [qtp1641661627-613] DEBUG o.s.c.c.CharSequenceEncoder - [6e891376] Writing "101. foo bar"
14:07:38.858 [qtp1641661627-613] DEBUG o.s.c.c.CharSequenceEncoder - [6e891376] Writing "102. foo bar"
14:07:38.858 [qtp1641661627-613] DEBUG o.s.c.c.CharSequenceEncoder - [6e891376] Writing "103. foo bar"
14:07:38.859 [qtp1641661627-613] DEBUG o.s.c.c.CharSequenceEncoder - [6e891376] Writing "104. foo bar"
14:07:38.859 [qtp1641661627-613] DEBUG o.s.c.c.CharSequenceEncoder - [6e891376] Writing "105. foo bar"
14:07:38.859 [qtp1641661627-613] DEBUG o.s.c.c.CharSequenceEncoder - [6e891376] Writing "106. foo bar"
14:07:38.860 [qtp1641661627-613] DEBUG o.s.c.c.CharSequenceEncoder - [6e891376] Writing "107. foo bar"
14:07:38.860 [qtp1641661627-613] DEBUG o.s.c.c.CharSequenceEncoder - [6e891376] Writing "108. foo bar"
14:07:38.860 [qtp1641661627-613] DEBUG o.s.c.c.CharSequenceEncoder - [6e891376] Writing "109. foo bar"
14:07:38.860 [qtp1641661627-613] DEBUG o.s.c.c.CharSequenceEncoder - [6e891376] Writing "110. foo bar"
14:07:38.860 [qtp1641661627-613] DEBUG o.s.c.c.CharSequenceEncoder - [6e891376] Writing "111. foo bar"
14:07:38.861 [qtp1641661627-613] DEBUG o.s.c.c.CharSequenceEncoder - [6e891376] Writing "112. foo bar"
14:07:38.861 [qtp1641661627-613] DEBUG o.s.c.c.CharSequenceEncoder - [6e891376] Writing "113. foo bar"
14:07:38.861 [qtp1641661627-613] DEBUG o.s.c.c.CharSequenceEncoder - [6e891376] Writing "114. foo bar"
14:07:38.861 [qtp1641661627-613] DEBUG o.s.c.c.CharSequenceEncoder - [6e891376] Writing "115. foo bar"
14:07:38.861 [qtp1641661627-613] DEBUG o.s.c.c.CharSequenceEncoder - [6e891376] Writing "116. foo bar"
14:07:38.861 [qtp1641661627-613] DEBUG o.s.c.c.CharSequenceEncoder - [6e891376] Writing "117. foo bar"
14:07:38.862 [qtp1641661627-613] DEBUG o.s.c.c.CharSequenceEncoder - [6e891376] Writing "118. foo bar"
14:07:38.862 [qtp1641661627-613] DEBUG o.s.c.c.CharSequenceEncoder - [6e891376] Writing "119. foo bar"
14:07:38.862 [qtp1641661627-613] DEBUG o.s.c.c.CharSequenceEncoder - [6e891376] Writing "120. foo bar"
14:07:38.862 [qtp1641661627-613] DEBUG o.s.c.c.CharSequenceEncoder - [6e891376] Writing "121. foo bar"
14:07:38.862 [qtp1641661627-613] DEBUG o.s.c.c.CharSequenceEncoder - [6e891376] Writing "122. foo bar"
14:07:38.862 [qtp1641661627-613] DEBUG o.s.c.c.CharSequenceEncoder - [6e891376] Writing "123. foo bar"
14:07:38.863 [qtp1641661627-613] DEBUG o.s.c.c.CharSequenceEncoder - [6e891376] Writing "124. foo bar"
14:07:38.863 [qtp1641661627-613] DEBUG o.s.c.c.CharSequenceEncoder - [6e891376] Writing "125. foo bar"
14:07:38.863 [qtp1641661627-613] DEBUG o.s.c.c.CharSequenceEncoder - [6e891376] Writing "126. foo bar"
14:07:38.863 [qtp1641661627-613] DEBUG o.s.c.c.CharSequenceEncoder - [6e891376] Writing "127. foo bar"
14:07:38.863 [qtp1641661627-613] DEBUG o.s.c.c.CharSequenceEncoder - [6e891376] Writing "128. foo bar"
14:07:38.863 [qtp1641661627-613] DEBUG o.s.c.c.CharSequenceEncoder - [6e891376] Writing "129. foo bar"
14:07:38.864 [qtp1641661627-613] DEBUG o.s.c.c.CharSequenceEncoder - [6e891376] Writing "130. foo bar"
14:07:38.864 [qtp1641661627-613] DEBUG o.s.c.c.CharSequenceEncoder - [6e891376] Writing "131. foo bar"
14:07:38.864 [qtp1641661627-613] DEBUG o.s.c.c.CharSequenceEncoder - [6e891376] Writing "132. foo bar"
14:07:38.864 [qtp1641661627-613] DEBUG o.s.c.c.CharSequenceEncoder - [6e891376] Writing "133. foo bar"
14:07:38.864 [qtp1641661627-613] DEBUG o.s.c.c.CharSequenceEncoder - [6e891376] Writing "134. foo bar"
14:07:38.865 [qtp1641661627-613] DEBUG o.s.c.c.CharSequenceEncoder - [6e891376] Writing "135. foo bar"
14:07:38.865 [qtp1641661627-613] DEBUG o.s.c.c.CharSequenceEncoder - [6e891376] Writing "136. foo bar"
14:07:38.865 [qtp1641661627-613] DEBUG o.s.c.c.CharSequenceEncoder - [6e891376] Writing "137. foo bar"
14:07:38.865 [qtp1641661627-613] DEBUG o.s.c.c.CharSequenceEncoder - [6e891376] Writing "138. foo bar"
14:07:38.865 [qtp1641661627-613] DEBUG o.s.c.c.CharSequenceEncoder - [6e891376] Writing "139. foo bar"
14:07:38.866 [qtp1641661627-613] DEBUG o.s.c.c.CharSequenceEncoder - [6e891376] Writing "140. foo bar"
14:07:38.866 [qtp1641661627-613] DEBUG o.s.c.c.CharSequenceEncoder - [6e891376] Writing "141. foo bar"
14:07:38.866 [qtp1641661627-613] DEBUG o.s.c.c.CharSequenceEncoder - [6e891376] Writing "142. foo bar"
14:07:38.866 [qtp1641661627-613] DEBUG o.s.c.c.CharSequenceEncoder - [6e891376] Writing "143. foo bar"
14:07:38.866 [qtp1641661627-613] DEBUG o.s.c.c.CharSequenceEncoder - [6e891376] Writing "144. foo bar"
14:07:38.867 [qtp1641661627-613] DEBUG o.s.c.c.CharSequenceEncoder - [6e891376] Writing "145. foo bar"
14:07:38.867 [qtp1641661627-613] DEBUG o.s.c.c.CharSequenceEncoder - [6e891376] Writing "146. foo bar"
14:07:38.867 [qtp1641661627-613] DEBUG o.s.c.c.CharSequenceEncoder - [6e891376] Writing "147. foo bar"
14:07:38.867 [qtp1641661627-613] DEBUG o.s.c.c.CharSequenceEncoder - [6e891376] Writing "148. foo bar"
14:07:38.867 [qtp1641661627-613] DEBUG o.s.c.c.CharSequenceEncoder - [6e891376] Writing "149. foo bar"
14:07:38.868 [qtp1641661627-613] DEBUG o.s.c.c.CharSequenceEncoder - [6e891376] Writing "150. foo bar"
14:07:38.868 [qtp1641661627-613] DEBUG o.s.c.c.CharSequenceEncoder - [6e891376] Writing "151. foo bar"
14:07:38.868 [qtp1641661627-613] DEBUG o.s.c.c.CharSequenceEncoder - [6e891376] Writing "152. foo bar"
14:07:38.868 [qtp1641661627-613] DEBUG o.s.c.c.CharSequenceEncoder - [6e891376] Writing "153. foo bar"
14:07:38.868 [qtp1641661627-613] DEBUG o.s.c.c.CharSequenceEncoder - [6e891376] Writing "154. foo bar"
14:07:38.868 [qtp1641661627-613] DEBUG o.s.c.c.CharSequenceEncoder - [6e891376] Writing "155. foo bar"
14:07:38.869 [qtp1641661627-613] DEBUG o.s.c.c.CharSequenceEncoder - [6e891376] Writing "156. foo bar"
14:07:38.869 [qtp1641661627-613] DEBUG o.s.c.c.CharSequenceEncoder - [6e891376] Writing "157. foo bar"
14:07:38.869 [qtp1641661627-613] DEBUG o.s.c.c.CharSequenceEncoder - [6e891376] Writing "158. foo bar"
14:07:38.869 [qtp1641661627-613] DEBUG o.s.c.c.CharSequenceEncoder - [6e891376] Writing "159. foo bar"
14:07:38.869 [qtp1641661627-613] DEBUG o.s.c.c.CharSequenceEncoder - [6e891376] Writing "160. foo bar"
14:07:38.869 [qtp1641661627-613] DEBUG o.s.c.c.CharSequenceEncoder - [6e891376] Writing "161. foo bar"
14:07:38.869 [qtp1641661627-613] DEBUG o.s.c.c.CharSequenceEncoder - [6e891376] Writing "162. foo bar"
14:07:38.870 [qtp1641661627-613] DEBUG o.s.c.c.CharSequenceEncoder - [6e891376] Writing "163. foo bar"
14:07:38.870 [qtp1641661627-613] DEBUG o.s.c.c.CharSequenceEncoder - [6e891376] Writing "164. foo bar"
14:07:38.870 [qtp1641661627-613] DEBUG o.s.c.c.CharSequenceEncoder - [6e891376] Writing "165. foo bar"
14:07:38.870 [qtp1641661627-613] DEBUG o.s.c.c.CharSequenceEncoder - [6e891376] Writing "166. foo bar"
14:07:38.870 [qtp1641661627-613] DEBUG o.s.c.c.CharSequenceEncoder - [6e891376] Writing "167. foo bar"
14:07:38.870 [qtp1641661627-613] DEBUG o.s.c.c.CharSequenceEncoder - [6e891376] Writing "168. foo bar"
14:07:38.871 [qtp1641661627-613] DEBUG o.s.c.c.CharSequenceEncoder - [6e891376] Writing "169. foo bar"
14:07:38.871 [qtp1641661627-613] DEBUG o.s.c.c.CharSequenceEncoder - [6e891376] Writing "170. foo bar"
14:07:38.871 [qtp1641661627-613] DEBUG o.s.c.c.CharSequenceEncoder - [6e891376] Writing "171. foo bar"
14:07:38.871 [qtp1641661627-613] DEBUG o.s.c.c.CharSequenceEncoder - [6e891376] Writing "172. foo bar"
14:07:38.871 [qtp1641661627-613] DEBUG o.s.c.c.CharSequenceEncoder - [6e891376] Writing "173. foo bar"
14:07:38.871 [qtp1641661627-613] DEBUG o.s.c.c.CharSequenceEncoder - [6e891376] Writing "174. foo bar"
14:07:38.872 [qtp1641661627-613] DEBUG o.s.c.c.CharSequenceEncoder - [6e891376] Writing "175. foo bar"
14:07:38.872 [qtp1641661627-613] DEBUG o.s.c.c.CharSequenceEncoder - [6e891376] Writing "176. foo bar"
14:07:38.872 [qtp1641661627-613] DEBUG o.s.c.c.CharSequenceEncoder - [6e891376] Writing "177. foo bar"
14:07:38.872 [qtp1641661627-613] DEBUG o.s.c.c.CharSequenceEncoder - [6e891376] Writing "178. foo bar"
14:07:38.872 [qtp1641661627-613] DEBUG o.s.c.c.CharSequenceEncoder - [6e891376] Writing "179. foo bar"
14:07:38.872 [qtp1641661627-613] DEBUG o.s.c.c.CharSequenceEncoder - [6e891376] Writing "180. foo bar"
14:07:38.872 [qtp1641661627-613] DEBUG o.s.c.c.CharSequenceEncoder - [6e891376] Writing "181. foo bar"
14:07:38.873 [qtp1641661627-613] DEBUG o.s.c.c.CharSequenceEncoder - [6e891376] Writing "182. foo bar"
14:07:38.873 [qtp1641661627-613] DEBUG o.s.c.c.CharSequenceEncoder - [6e891376] Writing "183. foo bar"
14:07:38.873 [qtp1641661627-613] DEBUG o.s.c.c.CharSequenceEncoder - [6e891376] Writing "184. foo bar"
14:07:38.873 [qtp1641661627-613] DEBUG o.s.c.c.CharSequenceEncoder - [6e891376] Writing "185. foo bar"
14:07:38.873 [qtp1641661627-613] DEBUG o.s.c.c.CharSequenceEncoder - [6e891376] Writing "186. foo bar"
14:07:38.873 [qtp1641661627-613] DEBUG o.s.c.c.CharSequenceEncoder - [6e891376] Writing "187. foo bar"
14:07:38.874 [qtp1641661627-613] DEBUG o.s.c.c.CharSequenceEncoder - [6e891376] Writing "188. foo bar"
14:07:38.874 [qtp1641661627-613] DEBUG o.s.c.c.CharSequenceEncoder - [6e891376] Writing "189. foo bar"
14:07:38.874 [qtp1641661627-613] DEBUG o.s.c.c.CharSequenceEncoder - [6e891376] Writing "190. foo bar"
14:07:38.874 [qtp1641661627-613] DEBUG o.s.c.c.CharSequenceEncoder - [6e891376] Writing "191. foo bar"
14:07:38.874 [qtp1641661627-613] DEBUG o.s.c.c.CharSequenceEncoder - [6e891376] Writing "192. foo bar"
14:07:38.874 [qtp1641661627-613] DEBUG o.s.c.c.CharSequenceEncoder - [6e891376] Writing "193. foo bar"
14:07:38.875 [qtp1641661627-613] DEBUG o.s.c.c.CharSequenceEncoder - [6e891376] Writing "194. foo bar"
14:07:38.875 [qtp1641661627-613] DEBUG o.s.c.c.CharSequenceEncoder - [6e891376] Writing "195. foo bar"
14:07:38.875 [qtp1641661627-613] DEBUG o.s.c.c.CharSequenceEncoder - [6e891376] Writing "196. foo bar"
14:07:38.875 [qtp1641661627-613] DEBUG o.s.c.c.CharSequenceEncoder - [6e891376] Writing "197. foo bar"
14:07:38.875 [qtp1641661627-613] DEBUG o.s.c.c.CharSequenceEncoder - [6e891376] Writing "198. foo bar"
14:07:38.875 [qtp1641661627-613] DEBUG o.s.c.c.CharSequenceEncoder - [6e891376] Writing "199. foo bar"
14:07:38.876 [qtp1641661627-613] DEBUG o.s.c.c.CharSequenceEncoder - [6e891376] Writing "200. foo bar"
14:07:38.876 [qtp1641661627-613] DEBUG o.s.c.c.CharSequenceEncoder - [6e891376] Writing "201. foo bar"
14:07:38.876 [qtp1641661627-613] DEBUG o.s.c.c.CharSequenceEncoder - [6e891376] Writing "202. foo bar"
14:07:38.876 [qtp1641661627-613] DEBUG o.s.c.c.CharSequenceEncoder - [6e891376] Writing "203. foo bar"
14:07:38.876 [qtp1641661627-613] DEBUG o.s.c.c.CharSequenceEncoder - [6e891376] Writing "204. foo bar"
14:07:38.876 [qtp1641661627-613] DEBUG o.s.c.c.CharSequenceEncoder - [6e891376] Writing "205. foo bar"
14:07:38.877 [qtp1641661627-613] DEBUG o.s.c.c.CharSequenceEncoder - [6e891376] Writing "206. foo bar"
14:07:38.877 [qtp1641661627-613] DEBUG o.s.c.c.CharSequenceEncoder - [6e891376] Writing "207. foo bar"
14:07:38.877 [qtp1641661627-613] DEBUG o.s.c.c.CharSequenceEncoder - [6e891376] Writing "208. foo bar"
14:07:38.877 [qtp1641661627-613] DEBUG o.s.c.c.CharSequenceEncoder - [6e891376] Writing "209. foo bar"
14:07:38.877 [qtp1641661627-613] DEBUG o.s.c.c.CharSequenceEncoder - [6e891376] Writing "210. foo bar"
14:07:38.877 [qtp1641661627-613] DEBUG o.s.c.c.CharSequenceEncoder - [6e891376] Writing "211. foo bar"
14:07:38.878 [qtp1641661627-613] DEBUG o.s.c.c.CharSequenceEncoder - [6e891376] Writing "212. foo bar"
14:07:38.878 [qtp1641661627-613] DEBUG o.s.c.c.CharSequenceEncoder - [6e891376] Writing "213. foo bar"
14:07:38.878 [qtp1641661627-613] DEBUG o.s.c.c.CharSequenceEncoder - [6e891376] Writing "214. foo bar"
14:07:38.878 [qtp1641661627-613] DEBUG o.s.c.c.CharSequenceEncoder - [6e891376] Writing "215. foo bar"
14:07:38.878 [qtp1641661627-613] DEBUG o.s.c.c.CharSequenceEncoder - [6e891376] Writing "216. foo bar"
14:07:38.878 [qtp1641661627-613] DEBUG o.s.c.c.CharSequenceEncoder - [6e891376] Writing "217. foo bar"
14:07:38.879 [qtp1641661627-613] DEBUG o.s.c.c.CharSequenceEncoder - [6e891376] Writing "218. foo bar"
14:07:38.879 [qtp1641661627-613] DEBUG o.s.c.c.CharSequenceEncoder - [6e891376] Writing "219. foo bar"
14:07:38.879 [qtp1641661627-613] DEBUG o.s.c.c.CharSequenceEncoder - [6e891376] Writing "220. foo bar"
14:07:38.879 [qtp1641661627-613] DEBUG o.s.c.c.CharSequenceEncoder - [6e891376] Writing "221. foo bar"
14:07:38.879 [qtp1641661627-613] DEBUG o.s.c.c.CharSequenceEncoder - [6e891376] Writing "222. foo bar"
14:07:38.879 [qtp1641661627-613] DEBUG o.s.c.c.CharSequenceEncoder - [6e891376] Writing "223. foo bar"
14:07:38.879 [qtp1641661627-613] DEBUG o.s.c.c.CharSequenceEncoder - [6e891376] Writing "224. foo bar"
14:07:38.880 [qtp1641661627-613] DEBUG o.s.c.c.CharSequenceEncoder - [6e891376] Writing "225. foo bar"
14:07:38.880 [qtp1641661627-613] DEBUG o.s.c.c.CharSequenceEncoder - [6e891376] Writing "226. foo bar"
14:07:38.880 [qtp1641661627-613] DEBUG o.s.c.c.CharSequenceEncoder - [6e891376] Writing "227. foo bar"
14:07:38.880 [qtp1641661627-613] DEBUG o.s.c.c.CharSequenceEncoder - [6e891376] Writing "228. foo bar"
14:07:38.880 [qtp1641661627-613] DEBUG o.s.c.c.CharSequenceEncoder - [6e891376] Writing "229. foo bar"
14:07:38.880 [qtp1641661627-613] DEBUG o.s.c.c.CharSequenceEncoder - [6e891376] Writing "230. foo bar"
14:07:38.880 [qtp1641661627-613] DEBUG o.s.c.c.CharSequenceEncoder - [6e891376] Writing "231. foo bar"
14:07:38.881 [qtp1641661627-613] DEBUG o.s.c.c.CharSequenceEncoder - [6e891376] Writing "232. foo bar"
14:07:38.881 [qtp1641661627-613] DEBUG o.s.c.c.CharSequenceEncoder - [6e891376] Writing "233. foo bar"
14:07:38.881 [qtp1641661627-613] DEBUG o.s.c.c.CharSequenceEncoder - [6e891376] Writing "234. foo bar"
14:07:38.881 [qtp1641661627-613] DEBUG o.s.c.c.CharSequenceEncoder - [6e891376] Writing "235. foo bar"
14:07:38.881 [qtp1641661627-613] DEBUG o.s.c.c.CharSequenceEncoder - [6e891376] Writing "236. foo bar"
14:07:38.881 [qtp1641661627-613] DEBUG o.s.c.c.CharSequenceEncoder - [6e891376] Writing "237. foo bar"
14:07:38.881 [qtp1641661627-613] DEBUG o.s.c.c.CharSequenceEncoder - [6e891376] Writing "238. foo bar"
14:07:38.882 [qtp1641661627-613] DEBUG o.s.c.c.CharSequenceEncoder - [6e891376] Writing "239. foo bar"
14:07:38.882 [qtp1641661627-613] DEBUG o.s.c.c.CharSequenceEncoder - [6e891376] Writing "240. foo bar"
14:07:38.882 [qtp1641661627-613] DEBUG o.s.c.c.CharSequenceEncoder - [6e891376] Writing "241. foo bar"
14:07:38.882 [qtp1641661627-613] DEBUG o.s.c.c.CharSequenceEncoder - [6e891376] Writing "242. foo bar"
14:07:38.882 [qtp1641661627-613] DEBUG o.s.c.c.CharSequenceEncoder - [6e891376] Writing "243. foo bar"
14:07:38.882 [qtp1641661627-613] DEBUG o.s.c.c.CharSequenceEncoder - [6e891376] Writing "244. foo bar"
14:07:38.882 [qtp1641661627-613] DEBUG o.s.c.c.CharSequenceEncoder - [6e891376] Writing "245. foo bar"
[...]
14:07:40.561 [XNIO-15 I/O-3] DEBUG o.s.c.c.CharSequenceEncoder - [522fa640] Writing "920. foo bar"
14:07:40.561 [XNIO-15 I/O-3] DEBUG o.s.c.c.CharSequenceEncoder - [522fa640] Writing "921. foo bar"
14:07:40.561 [XNIO-15 I/O-3] DEBUG o.s.c.c.CharSequenceEncoder - [522fa640] Writing "922. foo bar"
14:07:40.561 [XNIO-15 I/O-3] DEBUG o.s.c.c.CharSequenceEncoder - [522fa640] Writing "923. foo bar"
14:07:40.561 [XNIO-15 I/O-3] DEBUG o.s.c.c.CharSequenceEncoder - [522fa640] Writing "924. foo bar"
14:07:40.561 [XNIO-15 I/O-3] DEBUG o.s.c.c.CharSequenceEncoder - [522fa640] Writing "925. foo bar"
14:07:40.561 [XNIO-15 I/O-3] DEBUG o.s.c.c.CharSequenceEncoder - [522fa640] Writing "926. foo bar"
14:07:40.561 [XNIO-15 I/O-3] DEBUG o.s.c.c.CharSequenceEncoder - [522fa640] Writing "927. foo bar"
14:07:40.561 [XNIO-15 I/O-3] DEBUG o.s.c.c.CharSequenceEncoder - [522fa640] Writing "928. foo bar"
14:07:40.562 [XNIO-15 I/O-3] DEBUG o.s.c.c.CharSequenceEncoder - [522fa640] Writing "929. foo bar"
14:07:40.562 [XNIO-15 I/O-3] DEBUG o.s.c.c.CharSequenceEncoder - [522fa640] Writing "930. foo bar"
14:07:40.562 [XNIO-15 I/O-3] DEBUG o.s.c.c.CharSequenceEncoder - [522fa640] Writing "931. foo bar"
14:07:40.562 [XNIO-15 I/O-3] DEBUG o.s.c.c.CharSequenceEncoder - [522fa640] Writing "932. foo bar"
14:07:40.562 [XNIO-15 I/O-3] DEBUG o.s.c.c.CharSequenceEncoder - [522fa640] Writing "933. foo bar"
14:07:40.562 [XNIO-15 I/O-3] DEBUG o.s.c.c.CharSequenceEncoder - [522fa640] Writing "934. foo bar"
14:07:40.562 [XNIO-15 I/O-3] DEBUG o.s.c.c.CharSequenceEncoder - [522fa640] Writing "935. foo bar"
14:07:40.562 [XNIO-15 I/O-3] DEBUG o.s.c.c.CharSequenceEncoder - [522fa640] Writing "936. foo bar"
14:07:40.562 [XNIO-15 I/O-3] DEBUG o.s.c.c.CharSequenceEncoder - [522fa640] Writing "937. foo bar"
14:07:40.562 [XNIO-15 I/O-3] DEBUG o.s.c.c.CharSequenceEncoder - [522fa640] Writing "938. foo bar"
14:07:40.562 [XNIO-15 I/O-3] DEBUG o.s.c.c.CharSequenceEncoder - [522fa640] Writing "939. foo bar"
14:07:40.562 [XNIO-15 I/O-3] DEBUG o.s.c.c.CharSequenceEncoder - [522fa640] Writing "940. foo bar"
14:07:40.562 [XNIO-15 I/O-3] DEBUG o.s.c.c.CharSequenceEncoder - [522fa640] Writing "941. foo bar"
14:07:40.562 [XNIO-15 I/O-3] DEBUG o.s.c.c.CharSequenceEncoder - [522fa640] Writing "942. foo bar"
14:07:40.563 [XNIO-15 I/O-3] DEBUG o.s.c.c.CharSequenceEncoder - [522fa640] Writing "943. foo bar"
14:07:40.563 [XNIO-15 I/O-3] DEBUG o.s.c.c.CharSequenceEncoder - [522fa640] Writing "944. foo bar"
14:07:40.563 [XNIO-15 I/O-3] DEBUG o.s.c.c.CharSequenceEncoder - [522fa640] Writing "945. foo bar"
14:07:40.563 [XNIO-15 I/O-3] DEBUG o.s.c.c.CharSequenceEncoder - [522fa640] Writing "946. foo bar"
14:07:40.563 [XNIO-15 I/O-3] DEBUG o.s.c.c.CharSequenceEncoder - [522fa640] Writing "947. foo bar"
14:07:40.563 [XNIO-15 I/O-3] DEBUG o.s.c.c.CharSequenceEncoder - [522fa640] Writing "948. foo bar"
14:07:40.563 [XNIO-15 I/O-3] DEBUG o.s.c.c.CharSequenceEncoder - [522fa640] Writing "949. foo bar"
14:07:40.563 [XNIO-15 I/O-3] DEBUG o.s.c.c.CharSequenceEncoder - [522fa640] Writing "950. foo bar"
14:07:40.563 [XNIO-15 I/O-3] DEBUG o.s.c.c.CharSequenceEncoder - [522fa640] Writing "951. foo bar"
14:07:40.563 [XNIO-15 I/O-3] DEBUG o.s.c.c.CharSequenceEncoder - [522fa640] Writing "952. foo bar"
14:07:40.563 [XNIO-15 I/O-3] DEBUG o.s.c.c.CharSequenceEncoder - [522fa640] Writing "953. foo bar"
14:07:40.563 [XNIO-15 I/O-3] DEBUG o.s.c.c.CharSequenceEncoder - [522fa640] Writing "954. foo bar"
14:07:40.563 [XNIO-15 I/O-3] DEBUG o.s.c.c.CharSequenceEncoder - [522fa640] Writing "955. foo bar"
14:07:40.563 [XNIO-15 I/O-3] DEBUG o.s.c.c.CharSequenceEncoder - [522fa640] Writing "956. foo bar"
14:07:40.563 [XNIO-15 I/O-3] DEBUG o.s.c.c.CharSequenceEncoder - [522fa640] Writing "957. foo bar"
14:07:40.563 [XNIO-15 I/O-3] DEBUG o.s.c.c.CharSequenceEncoder - [522fa640] Writing "958. foo bar"
14:07:40.564 [XNIO-15 I/O-3] DEBUG o.s.c.c.CharSequenceEncoder - [522fa640] Writing "959. foo bar"
14:07:40.564 [XNIO-15 I/O-3] DEBUG o.s.c.c.CharSequenceEncoder - [522fa640] Writing "960. foo bar"
14:07:40.564 [XNIO-15 I/O-3] DEBUG o.s.c.c.CharSequenceEncoder - [522fa640] Writing "961. foo bar"
14:07:40.564 [XNIO-15 I/O-3] DEBUG o.s.c.c.CharSequenceEncoder - [522fa640] Writing "962. foo bar"
14:07:40.564 [XNIO-15 I/O-3] DEBUG o.s.c.c.CharSequenceEncoder - [522fa640] Writing "963. foo bar"
14:07:40.564 [XNIO-15 I/O-3] DEBUG o.s.c.c.CharSequenceEncoder - [522fa640] Writing "964. foo bar"
14:07:40.564 [XNIO-15 I/O-3] DEBUG o.s.c.c.CharSequenceEncoder - [522fa640] Writing "965. foo bar"
14:07:40.564 [XNIO-15 I/O-3] DEBUG o.s.c.c.CharSequenceEncoder - [522fa640] Writing "966. foo bar"
14:07:40.564 [XNIO-15 I/O-3] DEBUG o.s.c.c.CharSequenceEncoder - [522fa640] Writing "967. foo bar"
14:07:40.564 [XNIO-15 I/O-3] DEBUG o.s.c.c.CharSequenceEncoder - [522fa640] Writing "968. foo bar"
14:07:40.564 [XNIO-15 I/O-3] DEBUG o.s.c.c.CharSequenceEncoder - [522fa640] Writing "969. foo bar"
14:07:40.564 [XNIO-15 I/O-3] DEBUG o.s.c.c.CharSequenceEncoder - [522fa640] Writing "970. foo bar"
14:07:40.564 [XNIO-15 I/O-3] DEBUG o.s.c.c.CharSequenceEncoder - [522fa640] Writing "971. foo bar"
14:07:40.564 [XNIO-15 I/O-3] DEBUG o.s.c.c.CharSequenceEncoder - [522fa640] Writing "972. foo bar"
14:07:40.564 [XNIO-15 I/O-3] DEBUG o.s.c.c.CharSequenceEncoder - [522fa640] Writing "973. foo bar"
14:07:40.565 [XNIO-15 I/O-3] DEBUG o.s.c.c.CharSequenceEncoder - [522fa640] Writing "974. foo bar"
14:07:40.565 [XNIO-15 I/O-3] DEBUG o.s.c.c.CharSequenceEncoder - [522fa640] Writing "975. foo bar"
14:07:40.565 [XNIO-15 I/O-3] DEBUG o.s.c.c.CharSequenceEncoder - [522fa640] Writing "976. foo bar"
14:07:40.565 [XNIO-15 I/O-3] DEBUG o.s.c.c.CharSequenceEncoder - [522fa640] Writing "977. foo bar"
14:07:40.565 [XNIO-15 I/O-3] DEBUG o.s.c.c.CharSequenceEncoder - [522fa640] Writing "978. foo bar"
14:07:40.565 [XNIO-15 I/O-3] DEBUG o.s.c.c.CharSequenceEncoder - [522fa640] Writing "979. foo bar"
14:07:40.565 [XNIO-15 I/O-3] DEBUG o.s.c.c.CharSequenceEncoder - [522fa640] Writing "980. foo bar"
14:07:40.565 [XNIO-15 I/O-3] DEBUG o.s.c.c.CharSequenceEncoder - [522fa640] Writing "981. foo bar"
14:07:40.565 [XNIO-15 I/O-3] DEBUG o.s.c.c.CharSequenceEncoder - [522fa640] Writing "982. foo bar"
14:07:40.565 [XNIO-15 I/O-3] DEBUG o.s.c.c.CharSequenceEncoder - [522fa640] Writing "983. foo bar"
14:07:40.565 [XNIO-15 I/O-3] DEBUG o.s.c.c.CharSequenceEncoder - [522fa640] Writing "984. foo bar"
14:07:40.565 [XNIO-15 I/O-3] DEBUG o.s.c.c.CharSequenceEncoder - [522fa640] Writing "985. foo bar"
14:07:40.566 [XNIO-15 I/O-3] DEBUG o.s.c.c.CharSequenceEncoder - [522fa640] Writing "986. foo bar"
14:07:40.566 [XNIO-15 I/O-3] DEBUG o.s.c.c.CharSequenceEncoder - [522fa640] Writing "987. foo bar"
14:07:40.566 [XNIO-15 I/O-3] DEBUG o.s.c.c.CharSequenceEncoder - [522fa640] Writing "988. foo bar"
14:07:40.566 [XNIO-15 I/O-3] DEBUG o.s.c.c.CharSequenceEncoder - [522fa640] Writing "989. foo bar"
14:07:40.566 [XNIO-15 I/O-3] DEBUG o.s.c.c.CharSequenceEncoder - [522fa640] Writing "990. foo bar"
14:07:40.566 [XNIO-15 I/O-3] DEBUG o.s.c.c.CharSequenceEncoder - [522fa640] Writing "991. foo bar"
14:07:40.566 [XNIO-15 I/O-3] DEBUG o.s.c.c.CharSequenceEncoder - [522fa640] Writing "992. foo bar"
14:07:40.566 [XNIO-15 I/O-3] DEBUG o.s.c.c.CharSequenceEncoder - [522fa640] Writing "993. foo bar"
14:07:40.566 [XNIO-15 I/O-3] DEBUG o.s.c.c.CharSequenceEncoder - [522fa640] Writing "994. foo bar"
14:07:40.566 [XNIO-15 I/O-3] DEBUG o.s.c.c.CharSequenceEncoder - [522fa640] Writing "995. foo bar"
14:07:40.566 [XNIO-15 I/O-3] DEBUG o.s.c.c.CharSequenceEncoder - [522fa640] Writing "996. foo bar"
14:07:40.566 [XNIO-15 I/O-3] DEBUG o.s.c.c.CharSequenceEncoder - [522fa640] Writing "997. foo bar"
14:07:40.566 [XNIO-15 I/O-3] DEBUG o.s.c.c.CharSequenceEncoder - [522fa640] Writing "998. foo bar"
14:07:40.567 [XNIO-15 I/O-3] DEBUG o.s.c.c.CharSequenceEncoder - [522fa640] Writing "999. foo bar"
14:07:40.567 [XNIO-15 I/O-3] ERROR o.s.w.s.a.HttpWebHandlerAdapter - [522fa640] Error [java.lang.RuntimeException: Random error] for HTTP GET "/SPR-16051", but ServerHttpResponse already committed (200 OK)
14:07:40.567 [XNIO-15 I/O-3] DEBUG o.s.h.s.r.UndertowHttpHandlerAdapter - [522fa640] Closing connection
14:07:40.568 [Test worker] DEBUG o.s.w.t.h.s.r.b.UndertowHttpServer - Stopping UndertowHttpServer...
14:07:40.568 [Test worker] INFO  i.undertow - stopping server: Undertow - 2.1.3.Final
14:07:40.570 [Test worker] DEBUG o.s.w.t.h.s.r.b.UndertowHttpServer - Server stopped (0 millis).
14:07:40.722 [Test worker] DEBUG o.s.w.r.r.m.a.RequestMappingHandlerMapping - 6 mappings in 'requestMappingHandlerMapping'
14:07:40.779 [Test worker] DEBUG o.s.w.r.r.m.a.ControllerMethodResolver - ControllerAdvice beans: none
14:07:40.851 [Test worker] DEBUG o.s.w.s.a.HttpWebHandlerAdapter - enableLoggingRequestDetails='false': form data and headers will be masked to prevent unsafe logging of potentially sensitive data
14:07:40.851 [Test worker] WARN  o.e.j.s.h.ContextHandler - Empty contextPath
14:07:40.852 [Test worker] INFO  o.e.j.s.h.ContextHandler - Started o.e.j.s.ServletContextHandler@6fd7730{/,null,AVAILABLE}
14:07:40.852 [Test worker] DEBUG o.s.w.t.h.s.r.b.JettyHttpServer - Starting JettyHttpServer...
14:07:40.852 [Test worker] INFO  o.e.j.s.Server - jetty-9.4.30.v20200611; built: 2020-06-11T12:34:51.929Z; git: 271836e4c1f4612f12b7bb13ef5a92a927634b0d; jvm 1.8.0_73-b02
14:07:40.858 [Test worker] INFO  o.e.j.s.AbstractConnector - Started ServerConnector@33cb81f6{HTTP/1.1, (http/1.1)}{0.0.0.0:60795}
14:07:40.858 [Test worker] INFO  o.e.j.s.Server - Started @60582ms
14:07:40.858 [Test worker] DEBUG o.s.w.t.h.s.r.b.JettyHttpServer - Server started on port 60795(0 millis).
14:07:40.858 [Test worker] DEBUG o.s.w.c.RestTemplate - HTTP GET http://localhost:60795/thrown-exception-with-cause
14:07:40.858 [Test worker] DEBUG o.s.w.c.RestTemplate - Accept=[text/plain, application/json, application/x-jackson-smile, application/*+json, */*]
14:07:40.861 [qtp66187469-646] DEBUG o.s.w.s.a.HttpWebHandlerAdapter - [28330a62] HTTP GET "/thrown-exception-with-cause"
14:07:40.861 [qtp66187469-646] DEBUG o.s.w.r.r.m.a.RequestMappingHandlerMapping - [28330a62] Mapped to org.springframework.web.reactive.result.method.annotation.RequestMappingExceptionHandlingIntegrationTests$TestController#handleAndThrowExceptionWithCause()
14:07:40.862 [qtp66187469-646] DEBUG o.s.w.r.r.m.a.RequestMappingHandlerAdapter - [28330a62] Using @ExceptionHandler org.springframework.web.reactive.result.method.annotation.RequestMappingExceptionHandlingIntegrationTests$TestController#handleStateException(IllegalStateException)
14:07:40.863 [qtp66187469-646] DEBUG o.s.w.r.r.m.a.ResponseEntityResultHandler - Using 'text/plain;charset=UTF-8' given [text/plain, application/json, application/x-jackson-smile, application/*+json, */*] and supported [text/plain;charset=UTF-8, text/event-stream, text/plain;charset=UTF-8, */*]
14:07:40.863 [qtp66187469-646] DEBUG o.s.w.r.r.m.a.ResponseEntityResultHandler - [28330a62] 0..1 [java.lang.String]
14:07:40.863 [qtp66187469-646] DEBUG o.s.c.c.CharSequenceEncoder - [28330a62] Writing "Recovered from error: State"
14:07:40.864 [Test worker] DEBUG o.s.w.c.RestTemplate - Response 200 OK
14:07:40.864 [qtp66187469-646] DEBUG o.s.w.s.a.HttpWebHandlerAdapter - [28330a62] Completed 200 OK
14:07:40.864 [Test worker] DEBUG o.s.w.c.RestTemplate - Reading to [java.lang.String] as "text/plain;charset=utf-8"
14:07:40.864 [Test worker] DEBUG o.s.w.t.h.s.r.b.JettyHttpServer - Stopping JettyHttpServer...
14:07:40.864 [Test worker] INFO  o.e.j.s.h.ContextHandler - Stopped o.e.j.s.ServletContextHandler@6fd7730{/,null,UNAVAILABLE}
14:07:40.865 [Test worker] INFO  o.e.j.s.AbstractConnector - Stopped ServerConnector@33cb81f6{HTTP/1.1, (http/1.1)}{0.0.0.0:0}
14:07:40.876 [Test worker] DEBUG o.s.w.t.h.s.r.b.JettyHttpServer - Server stopped (0 millis).
14:07:41.074 [Test worker] DEBUG o.s.w.r.r.m.a.RequestMappingHandlerMapping - 6 mappings in 'requestMappingHandlerMapping'
14:07:41.122 [Test worker] DEBUG o.s.w.r.r.m.a.ControllerMethodResolver - ControllerAdvice beans: none
14:07:41.185 [Test worker] DEBUG o.s.w.s.a.HttpWebHandlerAdapter - enableLoggingRequestDetails='false': form data and headers will be masked to prevent unsafe logging of potentially sensitive data
14:07:41.185 [Test worker] DEBUG o.s.w.t.h.s.r.b.ReactorHttpServer - Starting ReactorHttpServer...
14:07:41.192 [Test worker] DEBUG o.s.w.t.h.s.r.b.ReactorHttpServer - Server started on port 60799(0 millis).
14:07:41.192 [Test worker] DEBUG o.s.w.c.RestTemplate - HTTP GET http://localhost:60799/thrown-exception-with-cause
14:07:41.193 [Test worker] DEBUG o.s.w.c.RestTemplate - Accept=[text/plain, application/json, application/x-jackson-smile, application/*+json, */*]
14:07:41.197 [reactor-http-nio-8] DEBUG o.s.w.s.a.HttpWebHandlerAdapter - [9b98201d-16] HTTP GET "/thrown-exception-with-cause"
14:07:41.197 [reactor-http-nio-8] DEBUG o.s.w.r.r.m.a.RequestMappingHandlerMapping - [9b98201d-16] Mapped to org.springframework.web.reactive.result.method.annotation.RequestMappingExceptionHandlingIntegrationTests$TestController#handleAndThrowExceptionWithCause()
14:07:41.198 [reactor-http-nio-8] DEBUG o.s.w.r.r.m.a.RequestMappingHandlerAdapter - [9b98201d-16] Using @ExceptionHandler org.springframework.web.reactive.result.method.annotation.RequestMappingExceptionHandlingIntegrationTests$TestController#handleStateException(IllegalStateException)
14:07:41.199 [reactor-http-nio-8] DEBUG o.s.w.r.r.m.a.ResponseEntityResultHandler - Using 'text/plain;charset=UTF-8' given [text/plain, application/json, application/x-jackson-smile, application/*+json, */*] and supported [text/plain;charset=UTF-8, text/event-stream, text/plain;charset=UTF-8, */*]
14:07:41.199 [reactor-http-nio-8] DEBUG o.s.w.r.r.m.a.ResponseEntityResultHandler - [9b98201d-16] 0..1 [java.lang.String]
14:07:41.199 [reactor-http-nio-8] DEBUG o.s.c.c.CharSequenceEncoder - [9b98201d-16] Writing "Recovered from error: State"
14:07:41.200 [reactor-http-nio-8] DEBUG o.s.w.s.a.HttpWebHandlerAdapter - [9b98201d-16] Completed 200 OK
14:07:41.201 [Test worker] DEBUG o.s.w.c.RestTemplate - Response 200 OK
14:07:41.201 [Test worker] DEBUG o.s.w.c.RestTemplate - Reading to [java.lang.String] as "text/plain;charset=UTF-8"
14:07:41.201 [Test worker] DEBUG o.s.w.t.h.s.r.b.ReactorHttpServer - Stopping ReactorHttpServer...
14:07:41.201 [Test worker] DEBUG o.s.w.t.h.s.r.b.ReactorHttpServer - Server stopped (0 millis).
14:07:41.363 [Test worker] DEBUG o.s.w.r.r.m.a.RequestMappingHandlerMapping - 6 mappings in 'requestMappingHandlerMapping'
14:07:41.422 [Test worker] DEBUG o.s.w.r.r.m.a.ControllerMethodResolver - ControllerAdvice beans: none
14:07:41.484 [Test worker] DEBUG o.s.w.s.a.HttpWebHandlerAdapter - enableLoggingRequestDetails='false': form data and headers will be masked to prevent unsafe logging of potentially sensitive data
14:07:41.485 [Test worker] DEBUG o.s.w.t.h.s.r.b.TomcatHttpServer - Starting TomcatHttpServer...
14:07:41.528 [Test worker] DEBUG o.s.w.t.h.s.r.b.TomcatHttpServer - Server started on port 60805(0 millis).
14:07:41.529 [Test worker] DEBUG o.s.w.c.RestTemplate - HTTP GET http://localhost:60805/thrown-exception-with-cause
14:07:41.529 [Test worker] DEBUG o.s.w.c.RestTemplate - Accept=[text/plain, application/json, application/x-jackson-smile, application/*+json, */*]
14:07:41.536 [http-nio-auto-16-exec-1] DEBUG o.s.w.s.a.HttpWebHandlerAdapter - [426e9bf3] HTTP GET "/thrown-exception-with-cause"
14:07:41.536 [http-nio-auto-16-exec-1] DEBUG o.s.w.r.r.m.a.RequestMappingHandlerMapping - [426e9bf3] Mapped to org.springframework.web.reactive.result.method.annotation.RequestMappingExceptionHandlingIntegrationTests$TestController#handleAndThrowExceptionWithCause()
14:07:41.538 [http-nio-auto-16-exec-1] DEBUG o.s.w.r.r.m.a.RequestMappingHandlerAdapter - [426e9bf3] Using @ExceptionHandler org.springframework.web.reactive.result.method.annotation.RequestMappingExceptionHandlingIntegrationTests$TestController#handleStateException(IllegalStateException)
14:07:41.538 [http-nio-auto-16-exec-1] DEBUG o.s.w.r.r.m.a.ResponseEntityResultHandler - Using 'text/plain;charset=UTF-8' given [text/plain, application/json, application/x-jackson-smile, application/*+json, */*] and supported [text/plain;charset=UTF-8, text/event-stream, text/plain;charset=UTF-8, */*]
14:07:41.538 [http-nio-auto-16-exec-1] DEBUG o.s.w.r.r.m.a.ResponseEntityResultHandler - [426e9bf3] 0..1 [java.lang.String]
14:07:41.538 [http-nio-auto-16-exec-1] DEBUG o.s.c.c.CharSequenceEncoder - [426e9bf3] Writing "Recovered from error: State"
14:07:41.539 [http-nio-auto-16-exec-1] DEBUG o.s.w.s.a.HttpWebHandlerAdapter - [426e9bf3] Completed 200 OK
14:07:41.539 [Test worker] DEBUG o.s.w.c.RestTemplate - Response 200 OK
14:07:41.540 [Test worker] DEBUG o.s.w.c.RestTemplate - Reading to [java.lang.String] as "text/plain;charset=UTF-8"
14:07:41.540 [Test worker] DEBUG o.s.w.t.h.s.r.b.TomcatHttpServer - Stopping TomcatHttpServer...
14:07:41.589 [Test worker] DEBUG o.s.w.t.h.s.r.b.TomcatHttpServer - Server stopped (0 millis).
14:07:41.766 [Test worker] DEBUG o.s.w.r.r.m.a.RequestMappingHandlerMapping - 6 mappings in 'requestMappingHandlerMapping'
14:07:41.886 [Test worker] DEBUG o.s.w.r.r.m.a.ControllerMethodResolver - ControllerAdvice beans: none
14:07:41.961 [Test worker] DEBUG o.s.w.s.a.HttpWebHandlerAdapter - enableLoggingRequestDetails='false': form data and headers will be masked to prevent unsafe logging of potentially sensitive data
14:07:41.962 [Test worker] DEBUG o.s.w.t.h.s.r.b.UndertowHttpServer - Starting UndertowHttpServer...
14:07:41.962 [Test worker] INFO  i.undertow - starting server: Undertow - 2.1.3.Final
14:07:41.968 [Test worker] DEBUG o.s.w.t.h.s.r.b.UndertowHttpServer - Server started on port 60810(0 millis).
14:07:41.968 [Test worker] DEBUG o.s.w.c.RestTemplate - HTTP GET http://localhost:60810/thrown-exception-with-cause
14:07:41.968 [Test worker] DEBUG o.s.w.c.RestTemplate - Accept=[text/plain, application/json, application/x-jackson-smile, application/*+json, */*]
14:07:41.971 [XNIO-16 I/O-1] DEBUG o.s.w.s.a.HttpWebHandlerAdapter - [24553be9] HTTP GET "/thrown-exception-with-cause"
14:07:41.971 [XNIO-16 I/O-1] DEBUG o.s.w.r.r.m.a.RequestMappingHandlerMapping - [24553be9] Mapped to org.springframework.web.reactive.result.method.annotation.RequestMappingExceptionHandlingIntegrationTests$TestController#handleAndThrowExceptionWithCause()
14:07:41.972 [XNIO-16 I/O-1] DEBUG o.s.w.r.r.m.a.RequestMappingHandlerAdapter - [24553be9] Using @ExceptionHandler org.springframework.web.reactive.result.method.annotation.RequestMappingExceptionHandlingIntegrationTests$TestController#handleStateException(IllegalStateException)
14:07:41.973 [XNIO-16 I/O-1] DEBUG o.s.w.r.r.m.a.ResponseEntityResultHandler - Using 'text/plain;charset=UTF-8' given [text/plain, application/json, application/x-jackson-smile, application/*+json, */*] and supported [text/plain;charset=UTF-8, text/event-stream, text/plain;charset=UTF-8, */*]
14:07:41.973 [XNIO-16 I/O-1] DEBUG o.s.w.r.r.m.a.ResponseEntityResultHandler - [24553be9] 0..1 [java.lang.String]
14:07:41.973 [XNIO-16 I/O-1] DEBUG o.s.c.c.CharSequenceEncoder - [24553be9] Writing "Recovered from error: State"
14:07:41.973 [XNIO-16 I/O-1] DEBUG o.s.w.s.a.HttpWebHandlerAdapter - [24553be9] Completed 200 OK
14:07:41.973 [Test worker] DEBUG o.s.w.c.RestTemplate - Response 200 OK
14:07:41.974 [Test worker] DEBUG o.s.w.c.RestTemplate - Reading to [java.lang.String] as "text/plain;charset=UTF-8"
14:07:41.974 [Test worker] DEBUG o.s.w.t.h.s.r.b.UndertowHttpServer - Stopping UndertowHttpServer...
14:07:41.974 [Test worker] INFO  i.undertow - stopping server: Undertow - 2.1.3.Final
14:07:41.975 [Test worker] DEBUG o.s.w.t.h.s.r.b.UndertowHttpServer - Server stopped (0 millis).
]]></system-out>
  <system-err><![CDATA[]]></system-err>
</testsuite>
